[2016-11-03 00:00:03] local.INFO: Last News: User news has been returned  {"url":"http://khabar.fekracomputers.com/api/usernews","email":"mostafa.imam@smartprostar.com"} 
[2016-11-03 00:00:03] local.INFO: Last News: User news has been returned  {"url":"http://khabar.fekracomputers.com/api/usernews","email":"mostafa.imam@smartprostar.com"} 
[2016-11-03 00:19:09] local.INFO: Last News: User news has been returned  {"url":"http://khabar.fekracomputers.com/api/usernews","email":"mostafa.imam@smartprostar.com"} 
[2016-11-03 00:21:21] local.INFO: Last News: User news has been returned  {"url":"http://khabar.fekracomputers.com/api/usernews","email":"mostafa.imam@smartprostar.com"} 
[2016-11-03 00:24:55] local.INFO: Last News: User news has been returned  {"url":"http://khabar.fekracomputers.com/api/usernews","email":"mostafa.imam@smartprostar.com"} 
[2016-11-03 00:24:55] local.INFO: Last News: User news has been returned  {"url":"http://khabar.fekracomputers.com/api/usernews","email":"mostafa.imam@smartprostar.com"} 
[2016-11-03 00:30:35] local.INFO: Last News: User news has been returned  {"url":"http://khabar.fekracomputers.com/api/usernews","email":"mostafa.imam@smartprostar.com"} 
[2016-11-03 00:30:41] local.INFO: Last News: User news has been returned  {"url":"http://khabar.fekracomputers.com/api/usernews","email":"mostafa.imam@smartprostar.com"} 
[2016-11-03 00:30:41] local.INFO: Last News: User news has been returned  {"url":"http://khabar.fekracomputers.com/api/usernews","email":"mostafa.imam@smartprostar.com"} 
[2016-11-03 00:30:50] local.INFO: Last News: User news has been returned  {"url":"http://khabar.fekracomputers.com/api/usernews","email":"mostafa.imam@smartprostar.com"} 
[2016-11-03 00:30:50] local.INFO: Last News: User news has been returned  {"url":"http://khabar.fekracomputers.com/api/usernews","email":"mostafa.imam@smartprostar.com"} 
[2016-11-03 00:31:44] local.INFO: Last News: User news has been returned  {"url":"http://khabar.fekracomputers.com/api/usernews","email":"mostafa.imam@smartprostar.com"} 
[2016-11-03 00:43:40] local.INFO: Last News: User news has been returned  {"url":"http://khabar.fekracomputers.com/api/usernews","email":"mostafa.imam@smartprostar.com"} 
[2016-11-03 00:50:07] local.INFO: Last News: User news has been returned  {"url":"http://khabar.fekracomputers.com/api/usernews","email":"mostafa.imam@smartprostar.com"} 
[2016-11-03 00:55:46] local.INFO: Last News: User news has been returned  {"url":"http://khabar.fekracomputers.com/api/usernews","email":"mostafa.imam@smartprostar.com"} 
[2016-11-03 01:02:56] local.INFO: Last News: User news has been returned  {"url":"http://khabar.fekracomputers.com/api/usernews","email":"mostafa.imam@smartprostar.com"} 
[2016-11-03 01:19:10] local.INFO: Last News: User news has been returned  {"url":"http://khabar.fekracomputers.com/api/usernews","email":"mostafa.imam@smartprostar.com"} 
[2016-11-03 01:23:50] local.INFO: Last News: User news has been returned  {"url":"http://khabar.fekracomputers.com/api/usernews","email":"mostafa.imam@smartprostar.com"} 
[2016-11-03 01:31:48] local.INFO: Last News: User news has been returned  {"url":"http://khabar.fekracomputers.com/api/usernews","email":"mostafa.imam@smartprostar.com"} 
[2016-11-03 01:35:03] local.INFO: Last News: User news has been returned  {"url":"http://khabar.fekracomputers.com/api/usernews","email":"mostafa.imam@smartprostar.com"} 
[2016-11-03 01:37:32] local.INFO: Last News: User news has been returned  {"url":"http://khabar.fekracomputers.com/api/usernews","email":"mostafa.imam@smartprostar.com"} 
[2016-11-03 01:54:22] local.INFO: Last News: User news has been returned  {"url":"http://khabar.fekracomputers.com/api/usernews","email":"mostafa.imam@smartprostar.com"} 
[2016-11-03 01:59:43] local.INFO: Last News: User news has been returned  {"url":"http://khabar.fekracomputers.com/api/usernews","email":"mostafa.imam@smartprostar.com"} 
[2016-11-03 02:00:20] local.INFO: Last News: User news has been returned  {"url":"http://khabar.fekracomputers.com/api/usernews","email":"mostafa.imam@smartprostar.com"} 
[2016-11-03 02:07:02] local.INFO: Last News: User news has been returned  {"url":"http://khabar.fekracomputers.com/api/usernews","email":"mostafa.imam@smartprostar.com"} 
[2016-11-03 02:09:50] local.INFO: Last News: User news has been returned  {"url":"http://khabar.fekracomputers.com/api/usernews","email":"mostafa.imam@smartprostar.com"} 
[2016-11-03 02:12:33] local.INFO: Last News: User news has been returned  {"url":"http://khabar.fekracomputers.com/api/usernews","email":"mostafa.imam@smartprostar.com"} 
[2016-11-03 02:13:15] local.INFO: Last News: User news has been returned  {"url":"http://khabar.fekracomputers.com/api/usernews","email":"mostafa.imam@smartprostar.com"} 
[2016-11-03 02:14:58] local.INFO: Last News: User news has been returned  {"url":"http://khabar.fekracomputers.com/api/usernews","email":"mostafa.imam@smartprostar.com"} 
[2016-11-03 02:18:35] local.INFO: Last News: User news has been returned  {"url":"http://khabar.fekracomputers.com/api/usernews","email":"mostafa.imam@smartprostar.com"} 
[2016-11-03 02:21:09] local.INFO: Last News: User news has been returned  {"url":"http://khabar.fekracomputers.com/api/usernews","email":"mostafa.imam@smartprostar.com"} 
[2016-11-03 02:21:58] local.INFO: Last News: User news has been returned  {"url":"http://khabar.fekracomputers.com/api/usernews","email":"mostafa.imam@smartprostar.com"} 
[2016-11-03 02:25:55] local.INFO: Last News: User news has been returned  {"url":"http://khabar.fekracomputers.com/api/usernews","email":"mostafa.imam@smartprostar.com"} 
[2016-11-03 02:30:26] local.INFO: Last News: User news has been returned  {"url":"http://khabar.fekracomputers.com/api/usernews","email":"mostafa.imam@smartprostar.com"} 
[2016-11-03 04:01:20] local.INFO: Last News: User news has been returned  {"url":"http://khabar.fekracomputers.com/api/usernews","email":"moda.yahia@gmail.com"} 
[2016-11-03 07:26:39] local.INFO: Last News: User news has been returned  {"url":"http://khabar.fekracomputers.com/api/usernews","email":"mostafa.imam@smartprostar.com"} 
[2016-11-03 07:26:52] local.INFO: Recent Last News : Recent News of the user has been loaded  {"url":"http://khabar.fekracomputers.com/api/usernews/recent","Email":"mostafa.imam@smartprostar.com"} 
[2016-11-03 07:51:42] local.INFO: Last News: User news has been returned  {"url":"http://khabar.fekracomputers.com/api/usernews","email":"malisobh2010@gmail.com"} 
[2016-11-03 08:09:50] local.INFO: Last News: User news has been returned  {"url":"http://khabar.fekracomputers.com/api/usernews","email":"37a1067c171b1f42@khabar.fekracomputers.com"} 
[2016-11-03 08:10:16] local.INFO: More Last News : More News of the user has been loaded  {"url":"http://khabar.fekracomputers.com/api/usernews/more","Email":"37a1067c171b1f42@khabar.fekracomputers.com"} 
[2016-11-03 08:11:04] local.INFO: Menu Link:  Menu has been Called {"url":"http://khabar.fekracomputers.com/api/menu/ar/eg"} 
[2016-11-03 08:11:06] local.INFO: updating user preferences: user preferences updated {"url":"http://khabar.fekracomputers.com/api/prefs/add","user_email":"37a1067c171b1f42@khabar.fekracomputers.com"} 
[2016-11-03 08:13:58] local.INFO: Last News: User news has been returned  {"url":"http://khabar.fekracomputers.com/api/usernews","email":"mostafa.imam@smartprostar.com"} 
[2016-11-03 08:13:58] local.INFO: Last News: User news has been returned  {"url":"http://khabar.fekracomputers.com/api/usernews","email":"mostafa.imam@smartprostar.com"} 
[2016-11-03 08:14:27] local.INFO: Last News: User news has been returned  {"url":"http://khabar.fekracomputers.com/api/usernews","email":"mostafa.imam@smartprostar.com"} 
[2016-11-03 08:14:27] local.INFO: Last News: User news has been returned  {"url":"http://khabar.fekracomputers.com/api/usernews","email":"mostafa.imam@smartprostar.com"} 
[2016-11-03 08:14:59] local.INFO: Last News: User news has been returned  {"url":"http://khabar.fekracomputers.com/api/usernews","email":"mostafa.imam@smartprostar.com"} 
[2016-11-03 08:14:59] local.INFO: Last News: User news has been returned  {"url":"http://khabar.fekracomputers.com/api/usernews","email":"mostafa.imam@smartprostar.com"} 
[2016-11-03 08:18:10] local.INFO: Last News: User news has been returned  {"url":"http://khabar.fekracomputers.com/api/usernews","email":"mostafa.imam@smartprostar.com"} 
[2016-11-03 08:18:10] local.INFO: Last News: User news has been returned  {"url":"http://khabar.fekracomputers.com/api/usernews","email":"mostafa.imam@smartprostar.com"} 
[2016-11-03 08:24:55] local.INFO: Recent Last News : Recent News of the user has been loaded  {"url":"http://khabar.fekracomputers.com/api/usernews/recent","Email":"mostafa.imam@smartprostar.com"} 
[2016-11-03 09:03:38] local.INFO: Last News: User news has been returned  {"url":"http://khabar.fekracomputers.com/api/usernews","email":"mostafa.imam@smartprostar.com"} 
[2016-11-03 09:07:33] local.INFO: Last News: User news has been returned  {"url":"http://khabar.fekracomputers.com/api/usernews","email":"mostafa.imam@smartprostar.com"} 
[2016-11-03 09:20:40] local.INFO: Menu Link:  Menu has been Called {"url":"http://khabar.fekracomputers.com/api/menu/ar/eg"} 
[2016-11-03 09:20:42] local.INFO: Menu Link: feeds of the given country has been called {"url":"http://khabar.fekracomputers.com/api/menu/ar/eg/categories","country":"eg"} 
[2016-11-03 09:20:46] local.INFO: Saving user  preferences:user preferences Saved {"url":"http://khabar.fekracomputers.com/api/prefs/add","user_email":"7ac7ccb772cd8475@khabar.fekracomputers.com"} 
[2016-11-03 09:20:47] local.INFO: Last News: User news has been returned  {"url":"http://khabar.fekracomputers.com/api/usernews","email":"7ac7ccb772cd8475@khabar.fekracomputers.com"} 
[2016-11-03 09:26:47] local.INFO: Last News: User news has been returned  {"url":"http://khabar.fekracomputers.com/api/usernews","email":"moda.yahia@gmail.com"} 
[2016-11-03 09:27:03] local.INFO: Last News: User news has been returned  {"url":"http://khabar.fekracomputers.com/api/usernews","email":"moda.yahia@gmail.com"} 
[2016-11-03 09:58:07] local.INFO: Last News: User news has been returned  {"url":"http://khabar.fekracomputers.com/api/usernews","email":"7ac7ccb772cd8475@khabar.fekracomputers.com"} 
[2016-11-03 09:58:11] local.INFO: Last News: User news has been returned  {"url":"http://khabar.fekracomputers.com/api/usernews","email":"7ac7ccb772cd8475@khabar.fekracomputers.com"} 
[2016-11-03 09:58:11] local.INFO: Last News: User news has been returned  {"url":"http://khabar.fekracomputers.com/api/usernews","email":"7ac7ccb772cd8475@khabar.fekracomputers.com"} 
[2016-11-03 09:59:54] local.INFO: Last News: User news has been returned  {"url":"http://khabar.fekracomputers.com/api/usernews","email":"mostafa.imam@smartprostar.com"} 
[2016-11-03 10:01:03] local.INFO: Last News: User news has been returned  {"url":"http://khabar.fekracomputers.com/api/usernews","email":"mostafa.imam@smartprostar.com"} 
[2016-11-03 10:03:30] local.INFO: Last News: User news has been returned  {"url":"http://khabar.fekracomputers.com/api/usernews","email":"mostafa.imam@smartprostar.com"} 
[2016-11-03 10:28:58] local.INFO: Last News: User news has been returned  {"url":"http://khabar.fekracomputers.com/api/usernews","email":"mostafa.imam@smartprostar.com"} 
[2016-11-03 10:39:28] local.INFO: Last News: User news has been returned  {"url":"http://khabar.fekracomputers.com/api/usernews","email":"mostafa.imam@smartprostar.com"} 
[2016-11-03 10:39:46] local.INFO: Recent Last News : Recent News of the user has been loaded  {"url":"http://khabar.fekracomputers.com/api/usernews/recent","Email":"mostafa.imam@smartprostar.com"} 
[2016-11-03 11:03:00] local.INFO: Last News: User news has been returned  {"url":"http://khabar.fekracomputers.com/api/usernews","email":"mostafa.imam@smartprostar.com"} 
[2016-11-03 11:15:15] local.INFO: Last News: User news has been returned  {"url":"http://khabar.fekracomputers.com/api/usernews","email":"mostafa.imam@smartprostar.com"} 
[2016-11-03 11:19:05] local.INFO: Last News: User news has been returned  {"url":"http://khabar.fekracomputers.com/api/usernews","email":"7ac7ccb772cd8475@khabar.fekracomputers.com"} 
[2016-11-03 11:26:17] local.INFO: Last News: User news has been returned  {"url":"http://khabar.fekracomputers.com/api/usernews","email":"mostafa.imam@smartprostar.com"} 
[2016-11-03 11:38:48] local.INFO: Last News: User news has been returned  {"url":"http://khabar.fekracomputers.com/api/usernews","email":"mostafa.imam@smartprostar.com"} 
[2016-11-03 11:53:20] local.INFO: Last News: User news has been returned  {"url":"http://khabar.fekracomputers.com/api/usernews","email":"mostafa.imam@smartprostar.com"} 
[2016-11-03 11:53:35] local.INFO: Last News: User news has been returned  {"url":"http://khabar.fekracomputers.com/api/usernews","email":"mostafa.imam@smartprostar.com"} 
[2016-11-03 11:54:00] local.INFO: Last News: User news has been returned  {"url":"http://khabar.fekracomputers.com/api/usernews","email":"mostafa.imam@smartprostar.com"} 
[2016-11-03 11:56:35] local.INFO: Last News: User news has been returned  {"url":"http://khabar.fekracomputers.com/api/usernews","email":"mostafa.imam@smartprostar.com"} 
[2016-11-03 12:03:24] local.INFO: Last News: User news has been returned  {"url":"http://khabar.fekracomputers.com/api/usernews","email":"mostafa.imam@smartprostar.com"} 
[2016-11-03 12:56:34] local.INFO: Last News: User news has been returned  {"url":"http://khabar.fekracomputers.com/api/usernews","email":"mostafa.imam@smartprostar.com"} 
[2016-11-03 13:00:41] local.INFO: Last News: User news has been returned  {"url":"http://khabar.fekracomputers.com/api/usernews","email":"mostafa.imam@smartprostar.com"} 
[2016-11-03 13:00:52] local.INFO: Last News: User news has been returned  {"url":"http://khabar.fekracomputers.com/api/usernews","email":"mostafa.imam@smartprostar.com"} 
[2016-11-03 13:00:52] local.INFO: Last News: User news has been returned  {"url":"http://khabar.fekracomputers.com/api/usernews","email":"mostafa.imam@smartprostar.com"} 
[2016-11-03 13:02:41] local.INFO: Last News: User news has been returned  {"url":"http://khabar.fekracomputers.com/api/usernews","email":"mostafa.imam@smartprostar.com"} 
[2016-11-03 13:03:25] local.INFO: Last News: User news has been returned  {"url":"http://khabar.fekracomputers.com/api/usernews","email":"mostafa.imam@smartprostar.com"} 
[2016-11-03 13:03:25] local.INFO: Last News: User news has been returned  {"url":"http://khabar.fekracomputers.com/api/usernews","email":"mostafa.imam@smartprostar.com"} 
[2016-11-03 13:05:02] local.INFO: Last News: User news has been returned  {"url":"http://khabar.fekracomputers.com/api/usernews","email":"mostafa.imam@smartprostar.com"} 
[2016-11-03 13:12:57] local.INFO: Last News: User news has been returned  {"url":"http://khabar.fekracomputers.com/api/usernews","email":"mostafa.imam@smartprostar.com"} 
[2016-11-03 13:13:41] local.INFO: Last News: User news has been returned  {"url":"http://khabar.fekracomputers.com/api/usernews","email":"mostafa.imam@smartprostar.com"} 
[2016-11-03 13:21:23] local.INFO: Last News: User news has been returned  {"url":"http://khabar.fekracomputers.com/api/usernews","email":"mostafa.imam@smartprostar.com"} 
[2016-11-03 13:22:17] local.INFO: Last News: User news has been returned  {"url":"http://khabar.fekracomputers.com/api/usernews","email":"mostafa.imam@smartprostar.com"} 
[2016-11-03 13:26:38] local.INFO: Last News: User news has been returned  {"url":"http://khabar.fekracomputers.com/api/usernews","email":"mostafa.imam@smartprostar.com"} 
[2016-11-03 13:33:43] local.INFO: Last News: User news has been returned  {"url":"http://khabar.fekracomputers.com/api/usernews","email":"mostafa.imam@smartprostar.com"} 
[2016-11-03 13:35:06] local.INFO: Menu Link:  Menu has been Called {"url":"http://khabar.fekracomputers.com/api/menu/ar/eg"} 
[2016-11-03 13:35:12] local.INFO: Menu Link: feeds of the given country has been called {"url":"http://khabar.fekracomputers.com/api/menu/ar/eg/categories","country":"eg"} 
[2016-11-03 13:35:26] local.INFO: updating user preferences: user preferences updated {"url":"http://khabar.fekracomputers.com/api/prefs/add","user_email":"mostafa.imam@smartprostar.com"} 
[2016-11-03 13:35:27] local.INFO: Last News: User news has been returned  {"url":"http://khabar.fekracomputers.com/api/usernews","email":"mostafa.imam@smartprostar.com"} 
[2016-11-03 13:36:04] local.INFO: More Last News : More News of the user has been loaded  {"url":"http://khabar.fekracomputers.com/api/usernews/more","Email":"mostafa.imam@smartprostar.com"} 
[2016-11-03 13:36:09] local.INFO: Menu Link:  Menu has been Called {"url":"http://khabar.fekracomputers.com/api/menu/ar/eg"} 
[2016-11-03 13:36:23] local.INFO: Last News: User news has been returned  {"url":"http://khabar.fekracomputers.com/api/usernews","email":"mostafa.imam@smartprostar.com"} 
[2016-11-03 13:37:04] local.INFO: Feed News: News of the the given feed has been found {"url":"http://khabar.fekracomputers.com/api/news/ar/af/مجله%20التكنولوجيا","feed_title":"مجله التكنولوجيا"} 
[2016-11-03 13:37:20] local.INFO: Feed News: News of the the given feed has been found {"url":"http://khabar.fekracomputers.com/api/news/ar/af/مجلة%20الرياضه","feed_title":"مجلة الرياضه"} 
[2016-11-03 13:37:29] local.INFO: Feed News: News of the the given feed has been found {"url":"http://khabar.fekracomputers.com/api/news/ar/af/مجلة%20الصحة","feed_title":"مجلة الصحة"} 
[2016-11-03 13:37:40] local.INFO: Feed News: News of the the given feed has been found {"url":"http://khabar.fekracomputers.com/api/news/ar/af/مجلة%20السيارات","feed_title":"مجلة السيارات"} 
[2016-11-03 13:39:38] local.INFO: Feed News:More news loaded to this feed {"url":"http://khabar.fekracomputers.com/api/news/ar/eg/مجلة%20السيارات/more/904728/20","feed_title":"مجلة السيارات"} 
[2016-11-03 13:39:47] local.INFO: Feed News: News of the the given feed has been found {"url":"http://khabar.fekracomputers.com/api/news/ar/af/مجلة%20الطبخ","feed_title":"مجلة الطبخ"} 
[2016-11-03 13:40:00] local.INFO: Last News: User news has been returned  {"url":"http://khabar.fekracomputers.com/api/usernews","email":"mostafa.imam@smartprostar.com"} 
[2016-11-03 13:40:02] local.INFO: Menu Link:  Menu has been Called {"url":"http://khabar.fekracomputers.com/api/menu/ar/eg"} 
[2016-11-03 13:40:12] local.INFO: Menu Link: feeds of the given country has been called {"url":"http://khabar.fekracomputers.com/api/menu/ar/eg/categories","country":"eg"} 
[2016-11-03 13:40:25] local.INFO: updating user preferences: user preferences updated {"url":"http://khabar.fekracomputers.com/api/prefs/add","user_email":"mostafa.imam@smartprostar.com"} 
[2016-11-03 13:40:28] local.INFO: Last News: User news has been returned  {"url":"http://khabar.fekracomputers.com/api/usernews","email":"mostafa.imam@smartprostar.com"} 
[2016-11-03 13:40:33] local.INFO: Feed News: News of the the given feed has been found {"url":"http://khabar.fekracomputers.com/api/news/ar/eg/الوطن%20المصريه","feed_title":"الوطن المصريه"} 
[2016-11-03 13:41:29] local.INFO: Last News: User news has been returned  {"url":"http://khabar.fekracomputers.com/api/usernews","email":"mostafa.imam@smartprostar.com"} 
[2016-11-03 13:51:29] local.INFO: updating user preferences: user preferences updated {"url":"http://khabar.fekracomputers.com/api/prefs/add","user_email":"mostafa.imam@smartprostar.com"} 
[2016-11-03 13:57:45] local.INFO: Last News: User news has been returned  {"url":"http://khabar.fekracomputers.com/api/usernews","email":"mostafa.imam@smartprostar.com"} 
[2016-11-03 13:57:53] local.INFO: Getting user preferences: User preferences Has been found {"url":"http://khabar.fekracomputers.com/api/prefs/get","email":"imam.mostafa@gmail.com"} 
[2016-11-03 14:03:37] local.INFO: Last News: User news has been returned  {"url":"http://khabar.fekracomputers.com/api/usernews","email":"imam.mostafa@gmail.com"} 
[2016-11-03 14:03:37] local.INFO: Last News: User news has been returned  {"url":"http://khabar.fekracomputers.com/api/usernews","email":"imam.mostafa@gmail.com"} 
[2016-11-03 14:03:50] local.INFO: Recent Last News : Recent News of the user has been loaded  {"url":"http://khabar.fekracomputers.com/api/usernews/recent","Email":"imam.mostafa@gmail.com"} 
[2016-11-03 14:04:07] local.INFO: updating user preferences: user preferences updated {"url":"http://khabar.fekracomputers.com/api/prefs/add","user_email":"imam.mostafa@gmail.com"} 
[2016-11-03 14:04:09] local.INFO: updating user preferences: user preferences updated {"url":"http://khabar.fekracomputers.com/api/prefs/add","user_email":"imam.mostafa@gmail.com"} 
[2016-11-03 14:04:46] local.INFO: Last News: User news has been returned  {"url":"http://khabar.fekracomputers.com/api/usernews","email":"imam.mostafa@gmail.com"} 
[2016-11-03 14:05:37] local.INFO: updating user preferences: user preferences updated {"url":"http://khabar.fekracomputers.com/api/prefs/add","user_email":"imam.mostafa@gmail.com"} 
[2016-11-03 14:07:11] local.INFO: Last News: User news has been returned  {"url":"http://khabar.fekracomputers.com/api/usernews","email":"imam.mostafa@gmail.com"} 
[2016-11-03 14:09:56] local.INFO: Last News: User news has been returned  {"url":"http://khabar.fekracomputers.com/api/usernews","email":"imam.mostafa@gmail.com"} 
[2016-11-03 14:10:07] local.INFO: Saving user  preferences:user preferences Saved {"url":"http://khabar.fekracomputers.com/api/prefs/add","user_email":""} 
[2016-11-03 14:42:05] local.INFO: Last News: User news has been returned  {"url":"http://khabar.fekracomputers.com/api/usernews","email":"imam.mostafa@gmail.com"} 
[2016-11-03 14:42:15] local.INFO: updating user preferences: user preferences updated {"url":"http://khabar.fekracomputers.com/api/prefs/add","user_email":"mostafa.imam@hotmail.com"} 
[2016-11-03 14:42:15] local.INFO: updating user preferences: user preferences updated {"url":"http://khabar.fekracomputers.com/api/prefs/add","user_email":"mostafa.imam@hotmail.com"} 
[2016-11-03 14:42:57] local.INFO: Last News: User news has been returned  {"url":"http://khabar.fekracomputers.com/api/usernews","email":"mostafa.imam@hotmail.com"} 
[2016-11-03 14:43:03] local.INFO: Getting user preferences: User preferences Has been found {"url":"http://khabar.fekracomputers.com/api/prefs/get","email":"imam.mostafa@gmail.com"} 
[2016-11-03 14:43:03] local.INFO: Getting user preferences: User preferences Has been found {"url":"http://khabar.fekracomputers.com/api/prefs/get","email":"imam.mostafa@gmail.com"} 
[2016-11-03 14:44:21] local.INFO: Last News: User news has been returned  {"url":"http://khabar.fekracomputers.com/api/usernews","email":"imam.mostafa@gmail.com"} 
[2016-11-03 14:46:13] local.INFO: updating user preferences: user preferences updated {"url":"http://khabar.fekracomputers.com/api/prefs/add","user_email":"imam.mostafa@gmail.com"} 
[2016-11-03 14:46:17] local.INFO: updating user preferences: user preferences updated {"url":"http://khabar.fekracomputers.com/api/prefs/add","user_email":"imam.mostafa@gmail.com"} 
[2016-11-03 14:46:41] local.INFO: Last News: User news has been returned  {"url":"http://khabar.fekracomputers.com/api/usernews","email":"imam.mostafa@gmail.com"} 
[2016-11-03 14:46:58] local.INFO: Last News: User news has been returned  {"url":"http://khabar.fekracomputers.com/api/usernews","email":"imam.mostafa@gmail.com"} 
[2016-11-03 14:47:23] local.INFO: updating user preferences: user preferences updated {"url":"http://khabar.fekracomputers.com/api/prefs/add","user_email":"imam.mostafa@gmail.com"} 
[2016-11-03 14:47:47] local.INFO: Last News: User news has been returned  {"url":"http://khabar.fekracomputers.com/api/usernews","email":"imam.mostafa@gmail.com"} 
[2016-11-03 14:53:09] local.INFO: Last News: User news has been returned  {"url":"http://khabar.fekracomputers.com/api/usernews","email":"imam.mostafa@gmail.com"} 
[2016-11-03 14:53:17] local.INFO: Getting user preferences: User preferences Has been found {"url":"http://khabar.fekracomputers.com/api/prefs/get","email":"imam.mostafa@gmail.com"} 
[2016-11-03 14:53:20] local.INFO: updating user preferences: user preferences updated {"url":"http://khabar.fekracomputers.com/api/prefs/add","user_email":"imam.mostafa@gmail.com"} 
[2016-11-03 14:53:25] local.INFO: Menu Link:  Menu has been Called {"url":"http://khabar.fekracomputers.com/api/menu/ar/eg"} 
[2016-11-03 14:53:30] local.INFO: Last News: User news has been returned  {"url":"http://khabar.fekracomputers.com/api/usernews","email":"imam.mostafa@gmail.com"} 
[2016-11-03 14:56:56] local.INFO: Last News: User news has been returned  {"url":"http://khabar.fekracomputers.com/api/usernews","email":"imam.mostafa@gmail.com"} 
[2016-11-03 14:57:27] local.INFO: updating user preferences: user preferences updated {"url":"http://khabar.fekracomputers.com/api/prefs/add","user_email":"imam.mostafa@gmail.com"} 
[2016-11-03 15:01:39] local.INFO: Last News: User news has been returned  {"url":"http://khabar.fekracomputers.com/api/usernews","email":"imam.mostafa@gmail.com"} 
[2016-11-03 15:01:51] local.INFO: Getting user preferences: User preferences Has been found {"url":"http://khabar.fekracomputers.com/api/prefs/get","email":"mostafa.imam@hotmail.com"} 
[2016-11-03 15:01:57] local.INFO: Menu Link:  Menu has been Called {"url":"http://khabar.fekracomputers.com/api/menu/ar/eg"} 
[2016-11-03 15:01:58] local.INFO: updating user preferences: user preferences updated {"url":"http://khabar.fekracomputers.com/api/prefs/add","user_email":"mostafa.imam@hotmail.com"} 
[2016-11-03 15:01:59] local.INFO: Last News: User news has been returned  {"url":"http://khabar.fekracomputers.com/api/usernews","email":"mostafa.imam@hotmail.com"} 
[2016-11-03 15:05:28] local.INFO: Feed News: News of the the given feed has been found {"url":"http://khabar.fekracomputers.com/api/news/ar/af/مجله%20التكنولوجيا","feed_title":"مجله التكنولوجيا"} 
[2016-11-03 15:05:43] local.INFO: Feed News: News of the the given feed has been found {"url":"http://khabar.fekracomputers.com/api/news/ar/af/مجله%20التكنولوجيا","feed_title":"مجله التكنولوجيا"} 
[2016-11-03 15:05:56] local.INFO: Last News: User news has been returned  {"url":"http://khabar.fekracomputers.com/api/usernews","email":"mostafa.imam@hotmail.com"} 
[2016-11-03 15:06:10] local.INFO: Feed News: News of the the given feed has been found {"url":"http://khabar.fekracomputers.com/api/news/ar/af/مجلة%20السيارات","feed_title":"مجلة السيارات"} 
[2016-11-03 15:06:17] local.INFO: Feed News: News of the the given feed has been found {"url":"http://khabar.fekracomputers.com/api/news/ar/af/مجله%20التكنولوجيا","feed_title":"مجله التكنولوجيا"} 
[2016-11-03 15:06:49] local.INFO: Last News: User news has been returned  {"url":"http://khabar.fekracomputers.com/api/usernews","email":"mostafa.imam@hotmail.com"} 
[2016-11-03 15:10:30] local.INFO: Last News: User news has been returned  {"url":"http://khabar.fekracomputers.com/api/usernews","email":"mostafa.imam@hotmail.com"} 
[2016-11-03 15:23:11] local.INFO: Last News: User news has been returned  {"url":"http://khabar.fekracomputers.com/api/usernews","email":"mostafa.imam@hotmail.com"} 
[2016-11-03 15:25:03] local.INFO: Last News: User news has been returned  {"url":"http://khabar.fekracomputers.com/api/usernews","email":"mostafa.imam@hotmail.com"} 
[2016-11-03 15:25:57] local.INFO: Last News: User news has been returned  {"url":"http://khabar.fekracomputers.com/api/usernews","email":"mostafa.imam@hotmail.com"} 
[2016-11-03 15:29:40] local.INFO: Last News: User news has been returned  {"url":"http://khabar.fekracomputers.com/api/usernews","email":"mostafa.imam@hotmail.com"} 
[2016-11-03 15:33:04] local.INFO: Last News: User news has been returned  {"url":"http://khabar.fekracomputers.com/api/usernews","email":"mostafa.imam@hotmail.com"} 
[2016-11-03 15:33:09] local.INFO: Last News: User news has been returned  {"url":"http://khabar.fekracomputers.com/api/usernews","email":"mostafa.imam@hotmail.com"} 
[2016-11-03 15:33:16] local.INFO: Last News: User news has been returned  {"url":"http://khabar.fekracomputers.com/api/usernews","email":"mostafa.imam@hotmail.com"} 
[2016-11-03 15:33:20] local.INFO: Last News: User news has been returned  {"url":"http://khabar.fekracomputers.com/api/usernews","email":"mostafa.imam@hotmail.com"} 
[2016-11-03 15:33:25] local.INFO: User Bookmark: User bookmark has been loaded  {"url":"http://khabar.fekracomputers.com/api/getnews"} 
[2016-11-03 15:33:27] local.INFO: Last News: User news has been returned  {"url":"http://khabar.fekracomputers.com/api/usernews","email":"mostafa.imam@hotmail.com"} 
[2016-11-03 15:33:31] local.INFO: Last News: User news has been returned  {"url":"http://khabar.fekracomputers.com/api/usernews","email":"mostafa.imam@hotmail.com"} 
[2016-11-03 15:33:33] local.INFO: User Bookmark: User bookmark has been loaded  {"url":"http://khabar.fekracomputers.com/api/getnews"} 
[2016-11-03 15:33:36] local.INFO: User Bookmark: User bookmark has been loaded  {"url":"http://khabar.fekracomputers.com/api/getnews"} 
[2016-11-03 15:34:46] local.INFO: User Bookmark: User bookmark has been loaded  {"url":"http://khabar.fekracomputers.com/api/getnews"} 
[2016-11-03 15:34:46] local.INFO: Last News: User news has been returned  {"url":"http://khabar.fekracomputers.com/api/usernews","email":"mostafa.imam@hotmail.com"} 
[2016-11-03 15:34:51] local.INFO: User Bookmark: User bookmark has been loaded  {"url":"http://khabar.fekracomputers.com/api/getnews"} 
[2016-11-03 15:34:56] local.INFO: Last News: User news has been returned  {"url":"http://khabar.fekracomputers.com/api/usernews","email":"mostafa.imam@hotmail.com"} 
[2016-11-03 15:35:01] local.INFO: Recent Last News : Recent News of the user has been loaded  {"url":"http://khabar.fekracomputers.com/api/usernews/recent","Email":"mostafa.imam@hotmail.com"} 
[2016-11-03 16:01:50] local.INFO: Getting user preferences: User preferences Has been found {"url":"http://khabar.fekracomputers.com/api/prefs/get","email":"imam.mostafa@gmail.com"} 
[2016-11-03 16:01:53] local.INFO: updating user preferences: user preferences updated {"url":"http://khabar.fekracomputers.com/api/prefs/add","user_email":"imam.mostafa@gmail.com"} 
[2016-11-03 16:02:01] local.INFO: Getting user preferences: User preferences Has been found {"url":"http://khabar.fekracomputers.com/api/prefs/get","email":"mostafa.imam@hotmail.com"} 
[2016-11-03 17:34:44] local.INFO: Last News: User news has been returned  {"url":"http://khabar.fekracomputers.com/api/usernews","email":"shamsgeek@gmail.com"} 
[2016-11-03 17:34:45] local.INFO: Recent Last News : Recent News of the user has been loaded  {"url":"http://khabar.fekracomputers.com/api/usernews/recent","Email":"shamsgeek@gmail.com"} 
[2016-11-03 17:34:52] local.INFO: Recent Last News : Recent News of the user has been loaded  {"url":"http://khabar.fekracomputers.com/api/usernews/recent","Email":"shamsgeek@gmail.com"} 
[2016-11-03 17:35:20] local.INFO: Last News: User news has been returned  {"url":"http://khabar.fekracomputers.com/api/usernews","email":"mostafa.imam@hotmail.com"} 
[2016-11-03 17:37:20] local.INFO: More Last News : More News of the user has been loaded  {"url":"http://khabar.fekracomputers.com/api/usernews/more","Email":"mostafa.imam@hotmail.com"} 
[2016-11-03 17:37:24] local.INFO: Feed News: News of the the given feed has been found {"url":"http://khabar.fekracomputers.com/api/news/ar/eg/باسم%20يوسف","feed_title":"باسم يوسف"} 
[2016-11-03 17:40:43] local.INFO: Last News: User news has been returned  {"url":"http://khabar.fekracomputers.com/api/usernews","email":"shamsgeek@gmail.com"} 
[2016-11-03 17:43:04] local.INFO: Menu Link:  Menu has been Called {"url":"http://khabar.fekracomputers.com/api/menu/ar/eg"} 
[2016-11-03 17:43:13] local.INFO: Menu Link: feeds of the given country has been called {"url":"http://khabar.fekracomputers.com/api/menu/ar/eg/categories","country":"eg"} 
[2016-11-03 17:43:18] local.INFO: Menu Link:  Menu has been Called {"url":"http://khabar.fekracomputers.com/api/menu/ar/eg"} 
[2016-11-03 17:43:28] local.INFO: Menu Link:  Menu has been Called {"url":"http://khabar.fekracomputers.com/api/menu/ar/eg"} 
[2016-11-03 17:43:44] local.INFO: Menu Link:  Menu has been Called {"url":"http://khabar.fekracomputers.com/api/menu/ar/eg"} 
[2016-11-03 17:44:36] local.INFO: Menu Link:  Menu has been Called {"url":"http://khabar.fekracomputers.com/api/menu/ar/eg"} 
[2016-11-03 17:44:40] local.INFO: Menu Link: feeds of the given country has been called {"url":"http://khabar.fekracomputers.com/api/menu/ar/eg/categories","country":"eg"} 
[2016-11-03 17:45:03] local.INFO: updating user preferences: user preferences updated {"url":"http://khabar.fekracomputers.com/api/prefs/add","user_email":"3504f0574037d001@khabar.fekracomputers.com"} 
[2016-11-03 17:45:06] local.INFO: Last News: User news has been returned  {"url":"http://khabar.fekracomputers.com/api/usernews","email":"3504f0574037d001@khabar.fekracomputers.com"} 
[2016-11-03 17:45:14] local.INFO: Feed News: News of the the given feed has been found {"url":"http://khabar.fekracomputers.com/api/news/ar/eg/الشروق","feed_title":"الشروق"} 
[2016-11-03 18:55:50] local.INFO: Last News: User news has been returned  {"url":"http://khabar.fekracomputers.com/api/usernews","email":"3504f0574037d001@khabar.fekracomputers.com"} 
[2016-11-03 19:02:00] local.INFO: Getting user preferences: User preferences Has been found {"url":"http://khabar.fekracomputers.com/api/prefs/get","email":"imam.mostafa@gmail.com"} 
[2016-11-03 19:04:34] local.INFO: Menu Link:  Menu has been Called {"url":"http://khabar.fekracomputers.com/api/menu/ar/eg"} 
[2016-11-03 19:04:57] local.INFO: Last News: User news has been returned  {"url":"http://khabar.fekracomputers.com/api/usernews","email":"imam.mostafa@gmail.com"} 
[2016-11-03 19:05:53] local.INFO: More Last News : More News of the user has been loaded  {"url":"http://khabar.fekracomputers.com/api/usernews/more","Email":"imam.mostafa@gmail.com"} 
[2016-11-03 19:06:19] local.INFO: Last News: User news has been returned  {"url":"http://khabar.fekracomputers.com/api/usernews","email":"imam.mostafa@gmail.com"} 
[2016-11-03 19:06:19] local.INFO: Last News: User news has been returned  {"url":"http://khabar.fekracomputers.com/api/usernews","email":"imam.mostafa@gmail.com"} 
[2016-11-03 19:06:37] local.INFO: Last News: User news has been returned  {"url":"http://khabar.fekracomputers.com/api/usernews","email":"imam.mostafa@gmail.com"} 
[2016-11-03 19:06:37] local.INFO: Last News: User news has been returned  {"url":"http://khabar.fekracomputers.com/api/usernews","email":"imam.mostafa@gmail.com"} 
[2016-11-03 19:06:47] local.INFO: Last News: User news has been returned  {"url":"http://khabar.fekracomputers.com/api/usernews","email":"imam.mostafa@gmail.com"} 
[2016-11-03 19:06:47] local.INFO: Last News: User news has been returned  {"url":"http://khabar.fekracomputers.com/api/usernews","email":"imam.mostafa@gmail.com"} 
[2016-11-03 19:06:56] local.INFO: Feed News: News of the the given feed has been found {"url":"http://khabar.fekracomputers.com/api/news/ar/eg/باسم%20يوسف","feed_title":"باسم يوسف"} 
[2016-11-03 19:07:54] local.INFO: Feed News: News of the the given feed has been found {"url":"http://khabar.fekracomputers.com/api/news/ar/eg/باسم%20يوسف","feed_title":"باسم يوسف"} 
[2016-11-03 19:07:54] local.INFO: Last News: User news has been returned  {"url":"http://khabar.fekracomputers.com/api/usernews","email":"imam.mostafa@gmail.com"} 
[2016-11-03 19:08:23] local.INFO: More Last News : More News of the user has been loaded  {"url":"http://khabar.fekracomputers.com/api/usernews/more","Email":"imam.mostafa@gmail.com"} 
[2016-11-03 19:08:42] local.INFO: More Last News : More News of the user has been loaded  {"url":"http://khabar.fekracomputers.com/api/usernews/more","Email":"imam.mostafa@gmail.com"} 
[2016-11-03 19:09:02] local.INFO: Menu Link:  Menu has been Called {"url":"http://khabar.fekracomputers.com/api/menu/ar/eg"} 
[2016-11-03 19:09:37] local.INFO: Last News: User news has been returned  {"url":"http://khabar.fekracomputers.com/api/usernews","email":"imam.mostafa@gmail.com"} 
[2016-11-03 19:09:37] local.INFO: Last News: User news has been returned  {"url":"http://khabar.fekracomputers.com/api/usernews","email":"imam.mostafa@gmail.com"} 
[2016-11-03 19:10:20] local.INFO: Last News: User news has been returned  {"url":"http://khabar.fekracomputers.com/api/usernews","email":"imam.mostafa@gmail.com"} 
[2016-11-03 19:10:20] local.INFO: Last News: User news has been returned  {"url":"http://khabar.fekracomputers.com/api/usernews","email":"imam.mostafa@gmail.com"} 
[2016-11-03 19:30:49] local.INFO: Last News: User news has been returned  {"url":"http://khabar.fekracomputers.com/api/usernews","email":"imam.mostafa@gmail.com"} 
[2016-11-03 19:31:03] local.INFO: Last News: User news has been returned  {"url":"http://khabar.fekracomputers.com/api/usernews","email":"imam.mostafa@gmail.com"} 
[2016-11-03 19:31:07] local.INFO: Last News: User news has been returned  {"url":"http://khabar.fekracomputers.com/api/usernews","email":"imam.mostafa@gmail.com"} 
[2016-11-03 19:31:11] local.INFO: Last News: User news has been returned  {"url":"http://khabar.fekracomputers.com/api/usernews","email":"imam.mostafa@gmail.com"} 
[2016-11-03 19:31:11] local.INFO: Last News: User news has been returned  {"url":"http://khabar.fekracomputers.com/api/usernews","email":"imam.mostafa@gmail.com"} 
[2016-11-03 19:32:17] local.INFO: Last News: User news has been returned  {"url":"http://khabar.fekracomputers.com/api/usernews","email":"imam.mostafa@gmail.com"} 
[2016-11-03 19:32:17] local.INFO: Last News: User news has been returned  {"url":"http://khabar.fekracomputers.com/api/usernews","email":"imam.mostafa@gmail.com"} 
[2016-11-03 19:33:09] local.INFO: Last News: User news has been returned  {"url":"http://khabar.fekracomputers.com/api/usernews","email":"imam.mostafa@gmail.com"} 
[2016-11-03 20:20:48] local.INFO: Last News: User news has been returned  {"url":"http://khabar.fekracomputers.com/api/usernews","email":"imam.mostafa@gmail.com"} 
[2016-11-03 20:20:48] local.INFO: Last News: User news has been returned  {"url":"http://khabar.fekracomputers.com/api/usernews","email":"imam.mostafa@gmail.com"} 
[2016-11-03 20:20:54] local.INFO: Recent Last News : Recent News of the user has been loaded  {"url":"http://khabar.fekracomputers.com/api/usernews/recent","Email":"imam.mostafa@gmail.com"} 
[2016-11-03 20:23:54] local.INFO: Last News: User news has been returned  {"url":"http://khabar.fekracomputers.com/api/usernews","email":"imam.mostafa@gmail.com"} 
[2016-11-03 20:23:59] local.INFO: Recent Last News : Recent News of the user has been loaded  {"url":"http://khabar.fekracomputers.com/api/usernews/recent","Email":"imam.mostafa@gmail.com"} 
[2016-11-03 20:25:37] local.INFO: Feed News: News of the the given feed has been found {"url":"http://khabar.fekracomputers.com/api/news/ar/eg/الشروق","feed_title":"الشروق"} 
[2016-11-03 20:25:40] local.INFO: Feed News:More news loaded to this feed {"url":"http://khabar.fekracomputers.com/api/news/ar/eg/الشروق/recent/940866/20","feed_title":"الشروق"} 
[2016-11-03 20:28:28] local.INFO: Last News: User news has been returned  {"url":"http://khabar.fekracomputers.com/api/usernews","email":"imam.mostafa@gmail.com"} 
[2016-11-03 20:31:52] local.INFO: Getting user preferences: User preferences Has been found {"url":"http://khabar.fekracomputers.com/api/prefs/get","email":"imam.mostafa@gmail.com"} 
[2016-11-03 20:32:00] local.INFO: Menu Link:  Menu has been Called {"url":"http://khabar.fekracomputers.com/api/menu/ar/eg"} 
[2016-11-03 20:32:02] local.INFO: Menu Link: feeds of the given country has been called {"url":"http://khabar.fekracomputers.com/api/menu/ar/eg/categories","country":"eg"} 
[2016-11-03 20:32:09] local.INFO: updating user preferences: user preferences updated {"url":"http://khabar.fekracomputers.com/api/prefs/add","user_email":"imam.mostafa@gmail.com"} 
[2016-11-03 20:32:17] local.INFO: Feed News: News of the the given feed has been found {"url":"http://khabar.fekracomputers.com/api/news/ar/eg/ontv","feed_title":"ontv"} 
[2016-11-03 20:32:22] local.INFO: Feed News:More news loaded to this feed {"url":"http://khabar.fekracomputers.com/api/news/ar/eg/ontv/recent/859642/20","feed_title":"ontv"} 
[2016-11-03 20:32:25] local.INFO: Feed News:More news loaded to this feed {"url":"http://khabar.fekracomputers.com/api/news/ar/eg/ontv/recent/859642/20","feed_title":"ontv"} 
[2016-11-03 20:34:06] local.INFO: Feed News: News of the the given feed has been found {"url":"http://khabar.fekracomputers.com/api/news/ar/eg/الحياه","feed_title":"الحياه"} 
[2016-11-03 20:34:13] local.INFO: Feed News: News of the the given feed has been found {"url":"http://khabar.fekracomputers.com/api/news/ar/eg/الحياه","feed_title":"الحياه"} 
[2016-11-03 20:34:18] local.INFO: Feed News:More news loaded to this feed {"url":"http://khabar.fekracomputers.com/api/news/ar/eg/الحياه/recent/920742/20","feed_title":"الحياه"} 
[2016-11-03 20:35:05] local.INFO: Feed News:More news loaded to this feed {"url":"http://khabar.fekracomputers.com/api/news/ar/eg/الحياه/recent/920742/20","feed_title":"الحياه"} 
[2016-11-03 20:39:50] local.INFO: Feed News:More news loaded to this feed {"url":"http://khabar.fekracomputers.com/api/news/ar/eg/الحياه/recent/920742/20","feed_title":"الحياه"} 
[2016-11-03 20:39:55] local.INFO: Feed News:More news loaded to this feed {"url":"http://khabar.fekracomputers.com/api/news/ar/eg/الحياه/recent/920742/20","feed_title":"الحياه"} 
[2016-11-03 20:39:57] local.INFO: Feed News:More news loaded to this feed {"url":"http://khabar.fekracomputers.com/api/news/ar/eg/الحياه/recent/920742/20","feed_title":"الحياه"} 
[2016-11-03 20:40:00] local.INFO: Feed News:More news loaded to this feed {"url":"http://khabar.fekracomputers.com/api/news/ar/eg/الحياه/recent/920742/20","feed_title":"الحياه"} 
[2016-11-03 20:40:04] local.INFO: Feed News:More news loaded to this feed {"url":"http://khabar.fekracomputers.com/api/news/ar/eg/الحياه/recent/920742/20","feed_title":"الحياه"} 
[2016-11-03 20:40:14] local.INFO: Feed News:More news loaded to this feed {"url":"http://khabar.fekracomputers.com/api/news/ar/eg/الحياه/recent/920742/20","feed_title":"الحياه"} 
[2016-11-03 20:40:17] local.INFO: Feed News:More news loaded to this feed {"url":"http://khabar.fekracomputers.com/api/news/ar/eg/الحياه/recent/920742/20","feed_title":"الحياه"} 
[2016-11-03 20:44:55] local.INFO: Feed News: News of the the given feed has been found {"url":"http://khabar.fekracomputers.com/api/news/ar/eg/ontv","feed_title":"ontv"} 
[2016-11-03 20:49:18] local.INFO: Last News: User news has been returned  {"url":"http://khabar.fekracomputers.com/api/usernews","email":"imam.mostafa@gmail.com"} 
[2016-11-03 20:49:18] local.INFO: Feed News: News of the the given feed has been found {"url":"http://khabar.fekracomputers.com/api/news/ar/eg/ontv","feed_title":"ontv"} 
[2016-11-03 20:49:21] local.INFO: Recent Last News : Recent News of the user has been loaded  {"url":"http://khabar.fekracomputers.com/api/usernews/recent","Email":"imam.mostafa@gmail.com"} 
[2016-11-03 20:57:15] local.INFO: Menu Link:  Menu has been Called {"url":"http://khabar.fekracomputers.com/api/menu/ar/eg"} 
[2016-11-03 20:57:19] local.INFO: Menu Link: feeds of the given country has been called {"url":"http://khabar.fekracomputers.com/api/menu/ar/eg/categories","country":"eg"} 
[2016-11-03 20:57:24] local.INFO: updating user preferences: user preferences updated {"url":"http://khabar.fekracomputers.com/api/prefs/add","user_email":"3504f0574037d001@khabar.fekracomputers.com"} 
[2016-11-03 20:57:25] local.INFO: Last News: User news has been returned  {"url":"http://khabar.fekracomputers.com/api/usernews","email":"3504f0574037d001@khabar.fekracomputers.com"} 
[2016-11-03 20:57:34] local.INFO: Feed News: News of the the given feed has been found {"url":"http://khabar.fekracomputers.com/api/news/ar/af/مجله%20التكنولوجيا","feed_title":"مجله التكنولوجيا"} 
[2016-11-03 20:57:50] local.INFO: Feed News: News of the the given feed has been found {"url":"http://khabar.fekracomputers.com/api/news/ar/af/مجله%20التكنولوجيا","feed_title":"مجله التكنولوجيا"} 
[2016-11-03 20:57:54] local.INFO: Feed News: News of the the given feed has been found {"url":"http://khabar.fekracomputers.com/api/news/ar/af/مجلة%20الرياضه","feed_title":"مجلة الرياضه"} 
[2016-11-03 20:58:04] local.INFO: Feed News: News of the the given feed has been found {"url":"http://khabar.fekracomputers.com/api/news/ar/af/مجلة%20السيارات","feed_title":"مجلة السيارات"} 
[2016-11-03 21:00:38] local.INFO: Menu Link:  Menu has been Called {"url":"http://khabar.fekracomputers.com/api/menu/ar/eg"} 
[2016-11-03 21:00:43] local.INFO: Last News: User news has been returned  {"url":"http://khabar.fekracomputers.com/api/usernews","email":"3504f0574037d001@khabar.fekracomputers.com"} 
[2016-11-03 21:00:46] local.INFO: Recent Last News : Recent News of the user has been loaded  {"url":"http://khabar.fekracomputers.com/api/usernews/recent","Email":"3504f0574037d001@khabar.fekracomputers.com"} 
[2016-11-03 21:02:51] local.INFO: Last News: User news has been returned  {"url":"http://khabar.fekracomputers.com/api/usernews","email":"3504f0574037d001@khabar.fekracomputers.com"} 
[2016-11-03 21:02:59] local.INFO: Menu Link:  Menu has been Called {"url":"http://khabar.fekracomputers.com/api/menu/ar/eg"} 
[2016-11-03 21:03:04] local.INFO: Menu Link:  Menu has been Called {"url":"http://khabar.fekracomputers.com/api/menu/ar/eg"} 
[2016-11-03 21:03:15] local.INFO: Last News: User news has been returned  {"url":"http://khabar.fekracomputers.com/api/usernews","email":"3504f0574037d001@khabar.fekracomputers.com"} 
[2016-11-03 21:03:16] local.INFO: Menu Link:  Menu has been Called {"url":"http://khabar.fekracomputers.com/api/menu/ar/eg"} 
[2016-11-03 21:03:17] local.INFO: Menu Link:  Menu has been Called {"url":"http://khabar.fekracomputers.com/api/menu/ar/eg"} 
[2016-11-03 21:03:19] local.INFO: Menu Link:  Menu has been Called {"url":"http://khabar.fekracomputers.com/api/menu/ar/eg"} 
[2016-11-03 21:03:26] local.INFO: Last News: User news has been returned  {"url":"http://khabar.fekracomputers.com/api/usernews","email":"3504f0574037d001@khabar.fekracomputers.com"} 
[2016-11-03 21:03:35] local.INFO: Menu Link:  Menu has been Called {"url":"http://khabar.fekracomputers.com/api/menu/ar/eg"} 
[2016-11-03 21:03:37] local.INFO: Menu Link:  Menu has been Called {"url":"http://khabar.fekracomputers.com/api/menu/ar/eg"} 
[2016-11-03 21:03:39] local.INFO: Menu Link:  Menu has been Called {"url":"http://khabar.fekracomputers.com/api/menu/ar/eg"} 
[2016-11-03 21:03:41] local.INFO: Menu Link:  Menu has been Called {"url":"http://khabar.fekracomputers.com/api/menu/ar/eg"} 
[2016-11-03 21:03:43] local.INFO: Menu Link:  Menu has been Called {"url":"http://khabar.fekracomputers.com/api/menu/ar/eg"} 
[2016-11-03 21:03:44] local.INFO: Menu Link:  Menu has been Called {"url":"http://khabar.fekracomputers.com/api/menu/ar/eg"} 
[2016-11-03 21:03:46] local.INFO: Menu Link:  Menu has been Called {"url":"http://khabar.fekracomputers.com/api/menu/ar/eg"} 
[2016-11-03 21:03:48] local.INFO: Menu Link:  Menu has been Called {"url":"http://khabar.fekracomputers.com/api/menu/ar/eg"} 
[2016-11-03 21:05:13] local.INFO: Last News: User news has been returned  {"url":"http://khabar.fekracomputers.com/api/usernews","email":"3504f0574037d001@khabar.fekracomputers.com"} 
[2016-11-03 21:06:03] local.INFO: Recent Last News : Recent News of the user has been loaded  {"url":"http://khabar.fekracomputers.com/api/usernews/recent","Email":"3504f0574037d001@khabar.fekracomputers.com"} 
[2016-11-03 21:06:09] local.INFO: Menu Link:  Menu has been Called {"url":"http://khabar.fekracomputers.com/api/menu/ar/eg"} 
[2016-11-03 21:06:11] local.INFO: Menu Link: feeds of the given country has been called {"url":"http://khabar.fekracomputers.com/api/menu/ar/eg/categories","country":"eg"} 
[2016-11-03 21:06:17] local.INFO: updating user preferences: user preferences updated {"url":"http://khabar.fekracomputers.com/api/prefs/add","user_email":"3504f0574037d001@khabar.fekracomputers.com"} 
[2016-11-03 21:06:24] local.INFO: Last News: User news has been returned  {"url":"http://khabar.fekracomputers.com/api/usernews","email":"3504f0574037d001@khabar.fekracomputers.com"} 
[2016-11-03 21:06:26] local.INFO: Menu Link:  Menu has been Called {"url":"http://khabar.fekracomputers.com/api/menu/ar/eg"} 
[2016-11-03 21:07:54] local.INFO: updating user preferences: user preferences updated {"url":"http://khabar.fekracomputers.com/api/prefs/add","user_email":"3504f0574037d001@khabar.fekracomputers.com"} 
[2016-11-03 21:07:57] local.INFO: Menu Link:  Menu has been Called {"url":"http://khabar.fekracomputers.com/api/menu/ar/eg"} 
[2016-11-03 21:07:58] local.INFO: Menu Link:  Menu has been Called {"url":"http://khabar.fekracomputers.com/api/menu/ar/eg"} 
[2016-11-03 21:08:00] local.INFO: Menu Link:  Menu has been Called {"url":"http://khabar.fekracomputers.com/api/menu/ar/eg"} 
[2016-11-03 21:08:02] local.INFO: Menu Link:  Menu has been Called {"url":"http://khabar.fekracomputers.com/api/menu/ar/eg"} 
[2016-11-03 21:08:03] local.INFO: Menu Link:  Menu has been Called {"url":"http://khabar.fekracomputers.com/api/menu/ar/eg"} 
[2016-11-03 21:08:09] local.INFO: Last News: User news has been returned  {"url":"http://khabar.fekracomputers.com/api/usernews","email":"3504f0574037d001@khabar.fekracomputers.com"} 
[2016-11-03 21:08:24] local.INFO: Menu Link:  Menu has been Called {"url":"http://khabar.fekracomputers.com/api/menu/ar/eg"} 
[2016-11-03 21:08:26] local.INFO: Menu Link:  Menu has been Called {"url":"http://khabar.fekracomputers.com/api/menu/ar/eg"} 
[2016-11-03 21:09:14] local.INFO: Last News: User news has been returned  {"url":"http://khabar.fekracomputers.com/api/usernews","email":"3504f0574037d001@khabar.fekracomputers.com"} 
[2016-11-03 21:09:20] local.INFO: Menu Link:  Menu has been Called {"url":"http://khabar.fekracomputers.com/api/menu/ar/eg"} 
[2016-11-03 21:09:21] local.INFO: updating user preferences: user preferences updated {"url":"http://khabar.fekracomputers.com/api/prefs/add","user_email":"3504f0574037d001@khabar.fekracomputers.com"} 
[2016-11-03 21:09:23] local.INFO: Menu Link:  Menu has been Called {"url":"http://khabar.fekracomputers.com/api/menu/ar/eg"} 
[2016-11-03 21:09:39] local.INFO: updating user preferences: user preferences updated {"url":"http://khabar.fekracomputers.com/api/prefs/add","user_email":"3504f0574037d001@khabar.fekracomputers.com"} 
[2016-11-03 21:09:43] local.INFO: Menu Link:  Menu has been Called {"url":"http://khabar.fekracomputers.com/api/menu/ar/eg"} 
[2016-11-03 21:09:45] local.INFO: updating user preferences: user preferences updated {"url":"http://khabar.fekracomputers.com/api/prefs/add","user_email":"3504f0574037d001@khabar.fekracomputers.com"} 
[2016-11-03 21:10:10] local.INFO: Last News: User news has been returned  {"url":"http://khabar.fekracomputers.com/api/usernews","email":"3504f0574037d001@khabar.fekracomputers.com"} 
[2016-11-03 21:10:10] local.INFO: Last News: User news has been returned  {"url":"http://khabar.fekracomputers.com/api/usernews","email":"3504f0574037d001@khabar.fekracomputers.com"} 
[2016-11-03 21:10:13] local.INFO: Menu Link:  Menu has been Called {"url":"http://khabar.fekracomputers.com/api/menu/ar/eg"} 
[2016-11-03 21:10:53] local.INFO: Menu Link:  Menu has been Called {"url":"http://khabar.fekracomputers.com/api/menu/ar/eg"} 
[2016-11-03 21:10:57] local.INFO: Menu Link:  Menu has been Called {"url":"http://khabar.fekracomputers.com/api/menu/ar/eg"} 
[2016-11-03 21:10:58] local.INFO: Menu Link:  Menu has been Called {"url":"http://khabar.fekracomputers.com/api/menu/ar/eg"} 
[2016-11-03 21:10:59] local.INFO: Menu Link:  Menu has been Called {"url":"http://khabar.fekracomputers.com/api/menu/ar/eg"} 
[2016-11-03 21:11:01] local.INFO: Menu Link:  Menu has been Called {"url":"http://khabar.fekracomputers.com/api/menu/ar/eg"} 
[2016-11-03 21:11:05] local.INFO: Menu Link:  Menu has been Called {"url":"http://khabar.fekracomputers.com/api/menu/ar/eg"} 
[2016-11-03 21:11:06] local.INFO: Menu Link:  Menu has been Called {"url":"http://khabar.fekracomputers.com/api/menu/ar/eg"} 
[2016-11-03 21:11:08] local.INFO: Menu Link:  Menu has been Called {"url":"http://khabar.fekracomputers.com/api/menu/ar/eg"} 
[2016-11-03 21:11:10] local.INFO: Menu Link:  Menu has been Called {"url":"http://khabar.fekracomputers.com/api/menu/ar/eg"} 
[2016-11-03 21:11:12] local.INFO: Menu Link:  Menu has been Called {"url":"http://khabar.fekracomputers.com/api/menu/ar/eg"} 
[2016-11-03 21:11:26] local.INFO: Last News: User news has been returned  {"url":"http://khabar.fekracomputers.com/api/usernews","email":"3504f0574037d001@khabar.fekracomputers.com"} 
[2016-11-03 21:11:30] local.INFO: Menu Link:  Menu has been Called {"url":"http://khabar.fekracomputers.com/api/menu/ar/eg"} 
[2016-11-03 21:12:00] local.INFO: Last News: User news has been returned  {"url":"http://khabar.fekracomputers.com/api/usernews","email":"3504f0574037d001@khabar.fekracomputers.com"} 
[2016-11-03 21:12:04] local.INFO: Menu Link:  Menu has been Called {"url":"http://khabar.fekracomputers.com/api/menu/ar/eg"} 
[2016-11-03 21:12:08] local.INFO: Menu Link:  Menu has been Called {"url":"http://khabar.fekracomputers.com/api/menu/ar/eg"} 
[2016-11-03 21:12:11] local.INFO: Menu Link:  Menu has been Called {"url":"http://khabar.fekracomputers.com/api/menu/ar/eg"} 
[2016-11-03 21:12:15] local.INFO: Menu Link:  Menu has been Called {"url":"http://khabar.fekracomputers.com/api/menu/ar/eg"} 
[2016-11-03 21:12:18] local.INFO: Menu Link:  Menu has been Called {"url":"http://khabar.fekracomputers.com/api/menu/ar/eg"} 
[2016-11-03 21:12:29] local.INFO: Menu Link:  Menu has been Called {"url":"http://khabar.fekracomputers.com/api/menu/ar/eg"} 
[2016-11-03 21:12:51] local.INFO: updating user preferences: user preferences updated {"url":"http://khabar.fekracomputers.com/api/prefs/add","user_email":"3504f0574037d001@khabar.fekracomputers.com"} 
[2016-11-03 21:12:54] local.INFO: Menu Link:  Menu has been Called {"url":"http://khabar.fekracomputers.com/api/menu/ar/eg"} 
[2016-11-03 21:12:57] local.INFO: Menu Link:  Menu has been Called {"url":"http://khabar.fekracomputers.com/api/menu/ar/eg"} 
[2016-11-03 21:16:34] local.INFO: Last News: User news has been returned  {"url":"http://khabar.fekracomputers.com/api/usernews","email":"3504f0574037d001@khabar.fekracomputers.com"} 
[2016-11-03 21:16:39] local.INFO: Feed News: News of the the given feed has been found {"url":"http://khabar.fekracomputers.com/api/news/ar/af/مجلة%20السياحة","feed_title":"مجلة السياحة"} 
[2016-11-03 21:16:47] local.INFO: Feed News: News of the the given feed has been found {"url":"http://khabar.fekracomputers.com/api/news/ar/af/مجله%20التكنولوجيا","feed_title":"مجله التكنولوجيا"} 
[2016-11-03 21:18:43] local.INFO: Menu Link:  Menu has been Called {"url":"http://khabar.fekracomputers.com/api/menu/ar/eg"} 
[2016-11-03 21:18:46] local.INFO: Menu Link :International feeds  of this topic has been called {"url":"http://khabar.fekracomputers.com/api/menu/ar/international/Sport","topic":"Sport"} 
[2016-11-03 21:18:49] local.INFO: Menu Link: feeds of the given country has been called {"url":"http://khabar.fekracomputers.com/api/menu/ar/international/categories","country":"international"} 
[2016-11-03 21:18:56] local.INFO: Menu Link :International feeds  of this topic has been called {"url":"http://khabar.fekracomputers.com/api/menu/ar/international/Cars","topic":"Cars"} 
[2016-11-03 21:18:59] local.INFO: Menu Link :International feeds  of this topic has been called {"url":"http://khabar.fekracomputers.com/api/menu/ar/international/Sport","topic":"Sport"} 
[2016-11-03 21:19:02] local.INFO: Menu Link: feeds of the given country has been called {"url":"http://khabar.fekracomputers.com/api/menu/ar/eg/categories","country":"eg"} 
[2016-11-03 21:19:14] local.INFO: updating user preferences: user preferences updated {"url":"http://khabar.fekracomputers.com/api/prefs/add","user_email":"3504f0574037d001@khabar.fekracomputers.com"} 
[2016-11-03 21:19:17] local.INFO: Recent Last News : Recent News of the user has been loaded  {"url":"http://khabar.fekracomputers.com/api/usernews/recent","Email":"3504f0574037d001@khabar.fekracomputers.com"} 
[2016-11-03 21:20:14] local.ERROR: Country not found {"url":"http://khabar.fekracomputers.com/api/menu/ar/us","country":"us"} 
[2016-11-03 21:20:17] local.ERROR: Country not found {"url":"http://khabar.fekracomputers.com/api/menu/ar/us","country":"us"} 
[2016-11-03 21:20:31] local.ERROR: Country not found {"url":"http://khabar.fekracomputers.com/api/menu/ar/us","country":"us"} 
[2016-11-03 21:20:35] local.ERROR: Country not found {"url":"http://khabar.fekracomputers.com/api/menu/ar/us","country":"us"} 
[2016-11-03 21:20:44] local.ERROR: Country not found {"url":"http://khabar.fekracomputers.com/api/menu/ar/us","country":"us"} 
[2016-11-03 21:20:47] local.ERROR: Country not found {"url":"http://khabar.fekracomputers.com/api/menu/ar/us","country":"us"} 
[2016-11-03 21:20:50] local.ERROR: Country not found {"url":"http://khabar.fekracomputers.com/api/menu/ar/us","country":"us"} 
[2016-11-03 21:20:52] local.ERROR: Country not found {"url":"http://khabar.fekracomputers.com/api/menu/ar/us","country":"us"} 
[2016-11-03 21:20:56] local.ERROR: Country not found {"url":"http://khabar.fekracomputers.com/api/menu/ar/us","country":"us"} 
[2016-11-03 21:20:58] local.ERROR: Country not found {"url":"http://khabar.fekracomputers.com/api/menu/ar/us","country":"us"} 
[2016-11-03 21:21:11] local.ERROR: Country not found {"url":"http://khabar.fekracomputers.com/api/menu/ar/us","country":"us"} 
[2016-11-03 21:21:47] local.INFO: Last News: User news has been returned  {"url":"http://khabar.fekracomputers.com/api/usernews","email":"3504f0574037d001@khabar.fekracomputers.com"} 
[2016-11-03 21:21:47] local.INFO: Last News: User news has been returned  {"url":"http://khabar.fekracomputers.com/api/usernews","email":"3504f0574037d001@khabar.fekracomputers.com"} 
[2016-11-03 21:21:58] local.INFO: Feed News: News of the the given feed has been found {"url":"http://khabar.fekracomputers.com/api/news/ar/af/مجله%20التكنولوجيا","feed_title":"مجله التكنولوجيا"} 
[2016-11-03 21:22:03] local.INFO: Feed News: News of the the given feed has been found {"url":"http://khabar.fekracomputers.com/api/news/ar/af/مجلة%20السيارات","feed_title":"مجلة السيارات"} 
[2016-11-03 21:22:07] local.INFO: Menu Link:  Menu has been Called {"url":"http://khabar.fekracomputers.com/api/menu/ar/eg"} 
[2016-11-03 21:22:10] local.INFO: Menu Link: feeds of the given country has been called {"url":"http://khabar.fekracomputers.com/api/menu/ar/international/categories","country":"international"} 
[2016-11-03 21:22:27] local.INFO: updating user preferences: user preferences updated {"url":"http://khabar.fekracomputers.com/api/prefs/add","user_email":"3504f0574037d001@khabar.fekracomputers.com"} 
[2016-11-03 21:22:33] local.INFO: Feed News: News of the the given feed has been found {"url":"http://khabar.fekracomputers.com/api/news/ar/international/سي%20ان%20ان","feed_title":"سي ان ان"} 
[2016-11-03 21:22:37] local.INFO: Feed News: News of the the given feed has been found {"url":"http://khabar.fekracomputers.com/api/news/ar/international/بي%20بي%20سي%20العربيه","feed_title":"بي بي سي العربيه"} 
[2016-11-03 21:23:17] local.ERROR: Country not found {"url":"http://khabar.fekracomputers.com/api/menu/ar/us","country":"us"} 
[2016-11-03 21:23:44] local.ERROR: Country not found {"url":"http://khabar.fekracomputers.com/api/menu/ar/us","country":"us"} 
[2016-11-03 21:24:20] local.ERROR: Country not found {"url":"http://khabar.fekracomputers.com/api/menu/ar/us","country":"us"} 
[2016-11-03 21:24:23] local.ERROR: Country not found {"url":"http://khabar.fekracomputers.com/api/menu/ar/us","country":"us"} 
[2016-11-03 21:24:25] local.ERROR: Country not found {"url":"http://khabar.fekracomputers.com/api/menu/ar/us","country":"us"} 
[2016-11-03 21:24:27] local.ERROR: Country not found {"url":"http://khabar.fekracomputers.com/api/menu/ar/us","country":"us"} 
[2016-11-03 21:24:34] local.ERROR: Country not found {"url":"http://khabar.fekracomputers.com/api/menu/ar/us","country":"us"} 
[2016-11-03 21:25:07] local.ERROR: Country not found {"url":"http://khabar.fekracomputers.com/api/menu/ar/us","country":"us"} 
[2016-11-03 21:25:10] local.ERROR: Country not found {"url":"http://khabar.fekracomputers.com/api/menu/ar/us","country":"us"} 
[2016-11-03 21:25:19] local.ERROR: Country not found {"url":"http://khabar.fekracomputers.com/api/menu/ar/us","country":"us"} 
[2016-11-03 21:25:21] local.ERROR: Country not found {"url":"http://khabar.fekracomputers.com/api/menu/ar/us","country":"us"} 
[2016-11-03 21:25:23] local.ERROR: Country not found {"url":"http://khabar.fekracomputers.com/api/menu/ar/us","country":"us"} 
[2016-11-03 21:25:25] local.ERROR: Country not found {"url":"http://khabar.fekracomputers.com/api/menu/ar/us","country":"us"} 
[2016-11-03 21:25:26] local.ERROR: Country not found {"url":"http://khabar.fekracomputers.com/api/menu/ar/us","country":"us"} 
[2016-11-03 21:25:28] local.ERROR: Country not found {"url":"http://khabar.fekracomputers.com/api/menu/ar/us","country":"us"} 
[2016-11-03 21:25:31] local.ERROR: Country not found {"url":"http://khabar.fekracomputers.com/api/menu/ar/us","country":"us"} 
[2016-11-03 21:25:34] local.ERROR: Country not found {"url":"http://khabar.fekracomputers.com/api/menu/ar/us","country":"us"} 
[2016-11-03 21:25:36] local.ERROR: Country not found {"url":"http://khabar.fekracomputers.com/api/menu/ar/us","country":"us"} 
[2016-11-03 21:25:37] local.ERROR: Country not found {"url":"http://khabar.fekracomputers.com/api/menu/ar/us","country":"us"} 
[2016-11-03 21:25:39] local.ERROR: Country not found {"url":"http://khabar.fekracomputers.com/api/menu/ar/us","country":"us"} 
[2016-11-03 21:25:41] local.ERROR: Country not found {"url":"http://khabar.fekracomputers.com/api/menu/ar/us","country":"us"} 
[2016-11-03 21:25:43] local.ERROR: Country not found {"url":"http://khabar.fekracomputers.com/api/menu/ar/us","country":"us"} 
[2016-11-03 21:25:46] local.ERROR: Country not found {"url":"http://khabar.fekracomputers.com/api/menu/ar/us","country":"us"} 
[2016-11-03 21:26:43] local.ERROR: Country not found {"url":"http://khabar.fekracomputers.com/api/menu/ar/us","country":"us"} 
[2016-11-03 21:26:44] local.ERROR: Country not found {"url":"http://khabar.fekracomputers.com/api/menu/ar/us","country":"us"} 
[2016-11-03 21:26:46] local.ERROR: Country not found {"url":"http://khabar.fekracomputers.com/api/menu/ar/us","country":"us"} 
[2016-11-03 21:26:48] local.ERROR: Country not found {"url":"http://khabar.fekracomputers.com/api/menu/ar/us","country":"us"} 
[2016-11-03 21:26:50] local.ERROR: Country not found {"url":"http://khabar.fekracomputers.com/api/menu/ar/us","country":"us"} 
[2016-11-03 21:26:52] local.ERROR: Country not found {"url":"http://khabar.fekracomputers.com/api/menu/ar/us","country":"us"} 
[2016-11-03 21:26:55] local.ERROR: Country not found {"url":"http://khabar.fekracomputers.com/api/menu/ar/us","country":"us"} 
[2016-11-03 21:26:58] local.ERROR: Country not found {"url":"http://khabar.fekracomputers.com/api/menu/ar/us","country":"us"} 
[2016-11-03 21:26:59] local.ERROR: Country not found {"url":"http://khabar.fekracomputers.com/api/menu/ar/us","country":"us"} 
[2016-11-03 21:52:13] local.INFO: Menu Link:  Menu has been Called {"url":"http://khabar.fekracomputers.com/api/menu/ar/eg"} 
[2016-11-03 22:06:51] local.INFO: Menu Link:  Menu has been Called {"url":"http://khabar.fekracomputers.com/api/menu/ar/eg"} 
[2016-11-03 22:07:01] local.INFO: Menu Link: feeds of the given country has been called {"url":"http://khabar.fekracomputers.com/api/menu/ar/eg/categories","country":"eg"} 
[2016-11-03 22:07:07] local.INFO: updating user preferences: user preferences updated {"url":"http://khabar.fekracomputers.com/api/prefs/add","user_email":"3504f0574037d001@khabar.fekracomputers.com"} 
[2016-11-03 22:07:08] local.INFO: Last News: User news has been returned  {"url":"http://khabar.fekracomputers.com/api/usernews","email":"3504f0574037d001@khabar.fekracomputers.com"} 
[2016-11-03 22:07:31] local.INFO: Menu Link:  Menu has been Called {"url":"http://khabar.fekracomputers.com/api/menu/ar/eg"} 
[2016-11-03 22:07:34] local.INFO: Menu Link: feeds of the given country has been called {"url":"http://khabar.fekracomputers.com/api/menu/ar/international/categories","country":"international"} 
[2016-11-03 22:07:55] local.INFO: updating user preferences: user preferences updated {"url":"http://khabar.fekracomputers.com/api/prefs/add","user_email":"3504f0574037d001@khabar.fekracomputers.com"} 
[2016-11-03 22:07:58] local.INFO: Recent Last News : Recent News of the user has been loaded  {"url":"http://khabar.fekracomputers.com/api/usernews/recent","Email":"3504f0574037d001@khabar.fekracomputers.com"} 
[2016-11-03 22:08:03] local.INFO: Feed News: News of the the given feed has been found {"url":"http://khabar.fekracomputers.com/api/news/ar/international/mo7taref","feed_title":"mo7taref"} 
[2016-11-03 22:08:07] local.INFO: Feed News: News of the the given feed has been found {"url":"http://khabar.fekracomputers.com/api/news/ar/international/قناة%20سكاي%20نيوز-اقتصاد","feed_title":"قناة سكاي نيوز-اقتصاد"} 
[2016-11-03 22:08:10] local.INFO: Feed News: News of the the given feed has been found {"url":"http://khabar.fekracomputers.com/api/news/ar/international/العربية%20CNBC","feed_title":"العربية CNBC"} 
[2016-11-03 22:08:13] local.INFO: Feed News: News of the the given feed has been found {"url":"http://khabar.fekracomputers.com/api/news/ar/international/قناة%20سكاي%20نيوز-اقتصاد","feed_title":"قناة سكاي نيوز-اقتصاد"} 
[2016-11-03 22:08:54] local.INFO: Feed News: News of the the given feed has been found {"url":"http://khabar.fekracomputers.com/api/news/ar/international/فرانس%2024","feed_title":"فرانس 24"} 
[2016-11-03 22:24:28] local.INFO: Last News: User news has been returned  {"url":"http://khabar.fekracomputers.com/api/usernews","email":"3504f0574037d001@khabar.fekracomputers.com"} 
[2016-11-03 22:24:35] local.INFO: Feed News: News of the the given feed has been found {"url":"http://khabar.fekracomputers.com/api/news/ar/international/فرانس%2024","feed_title":"فرانس 24"} 
[2016-11-03 22:26:55] local.INFO: Last News: User news has been returned  {"url":"http://khabar.fekracomputers.com/api/usernews","email":"3504f0574037d001@khabar.fekracomputers.com"} 
[2016-11-03 22:27:05] local.INFO: Feed News: News of the the given feed has been found {"url":"http://khabar.fekracomputers.com/api/news/ar/international/فرانس%2024","feed_title":"فرانس 24"} 
[2016-11-03 22:33:15] local.INFO: Feed News: News of the the given feed has been found {"url":"http://khabar.fekracomputers.com/api/news/ar/international/الجزيره%20مباشر","feed_title":"الجزيره مباشر"} 
[2016-11-03 22:36:42] local.INFO: Last News: User news has been returned  {"url":"http://khabar.fekracomputers.com/api/usernews","email":"3504f0574037d001@khabar.fekracomputers.com"} 
[2016-11-03 22:36:57] local.INFO: Feed News: News of the the given feed has been found {"url":"http://khabar.fekracomputers.com/api/news/ar/international/روسيا%20اليوم","feed_title":"روسيا اليوم"} 
[2016-11-03 22:37:51] local.INFO: Last News: User news has been returned  {"url":"http://khabar.fekracomputers.com/api/usernews","email":"moda.yahia@gmail.com"} 
[2016-11-03 22:38:09] local.INFO: Last News: User news has been returned  {"url":"http://khabar.fekracomputers.com/api/usernews","email":"moda.yahia@gmail.com"} 
