[2016-10-27 06:44:05] local.INFO: Last News: User news has been returned  {"url":"http://khabar.fekracomputers.com/api/usernews","email":"imam.mostafa@gmail.com"} 
[2016-10-27 06:44:17] local.INFO: Last News: User news has been returned  {"url":"http://khabar.fekracomputers.com/api/usernews","email":"imam.mostafa@gmail.com"} 
[2016-10-27 06:44:28] local.INFO: Last News: User news has been returned  {"url":"http://khabar.fekracomputers.com/api/usernews","email":"imam.mostafa@gmail.com"} 
[2016-10-27 06:46:00] local.INFO: Search: search operation  in user feeds worked successfully  {"url":"http://khabar.fekracomputers.com/api/news/usersearch","keyword":"حدث","count_news":61} 
[2016-10-27 06:46:01] local.INFO: Search: Full search operation worked successfully  {"url":"http://khabar.fekracomputers.com/api/news/ar/eg/fullsearch","keyword":"حدث","count_news":4087} 
[2016-10-27 06:48:51] local.INFO: Search: search operation  in user feeds worked successfully  {"url":"http://khabar.fekracomputers.com/api/news/usersearch","keyword":"","count_news":10985} 
[2016-10-27 06:48:52] local.INFO: Search: Full search operation worked successfully  {"url":"http://khabar.fekracomputers.com/api/news/ar/eg/fullsearch","keyword":"","count_news":97931} 
[2016-10-27 06:49:13] local.INFO: Search: search operation  in user feeds worked successfully  {"url":"http://khabar.fekracomputers.com/api/news/usersearch","keyword":"","count_news":10985} 
[2016-10-27 06:49:13] local.INFO: Search: Full search operation worked successfully  {"url":"http://khabar.fekracomputers.com/api/news/ar/eg/fullsearch","keyword":"","count_news":97931} 
[2016-10-27 06:50:14] local.INFO: Menu Link:  Menu has been Called {"url":"http://khabar.fekracomputers.com/api/menu/ar/eg"} 
[2016-10-27 06:50:39] local.INFO: Menu Link: feeds of the given country has been called {"url":"http://khabar.fekracomputers.com/api/menu/ar/eg/categories","country":"eg"} 
[2016-10-27 06:50:55] local.INFO: updating user preferences: user preferences updated {"url":"http://khabar.fekracomputers.com/api/prefs/add","user_email":"imam.mostafa@gmail.com"} 
[2016-10-27 06:50:57] local.INFO: Last News: User news has been returned  {"url":"http://khabar.fekracomputers.com/api/usernews","email":"imam.mostafa@gmail.com"} 
[2016-10-27 06:51:25] local.INFO: Feed News: News of the the given feed has been found {"url":"http://khabar.fekracomputers.com/api/news/ar/eg/بوابه%20القاهره","feed_title":"بوابه القاهره"} 
[2016-10-27 06:51:55] local.INFO: Last News: User news has been returned  {"url":"http://khabar.fekracomputers.com/api/usernews","email":"imam.mostafa@gmail.com"} 
[2016-10-27 06:55:10] local.INFO: Last News: User news has been returned  {"url":"http://khabar.fekracomputers.com/api/usernews","email":"imam.mostafa@gmail.com"} 
[2016-10-27 07:26:33] local.INFO: Menu Link:  Menu has been Called {"url":"http://khabar.fekracomputers.com/api/menu/ar/eg"} 
[2016-10-27 07:27:56] local.INFO: Menu Link: feeds of the given country has been called {"url":"http://khabar.fekracomputers.com/api/menu/ar/eg/categories","country":"eg"} 
[2016-10-27 07:28:22] local.INFO: Menu Link: feeds of the given country has been called {"url":"http://khabar.fekracomputers.com/api/menu/ar/international/categories","country":"international"} 
[2016-10-27 07:28:37] local.INFO: updating user preferences: user preferences updated {"url":"http://khabar.fekracomputers.com/api/prefs/add","user_email":"malisobh2010@gmail.com"} 
[2016-10-27 07:28:38] local.INFO: Last News: User news has been returned  {"url":"http://khabar.fekracomputers.com/api/usernews","email":"malisobh2010@gmail.com"} 
[2016-10-27 07:30:01] local.INFO: Getting user preferences: User preferences Has been found {"url":"http://khabar.fekracomputers.com/api/prefs/get","email":"malisobh2010@gmail.com"} 
[2016-10-27 07:30:04] local.INFO: updating user preferences: user preferences updated {"url":"http://khabar.fekracomputers.com/api/prefs/add","user_email":"malisobh2010@gmail.com"} 
[2016-10-27 07:30:07] local.INFO: Getting user preferences: User preferences Has been found {"url":"http://khabar.fekracomputers.com/api/prefs/get","email":"malisobh2010@gmail.com"} 
[2016-10-27 07:35:10] local.INFO: Last News: User news has been returned  {"url":"http://khabar.fekracomputers.com/api/usernews","email":"malisobh2010@gmail.com"} 
[2016-10-27 07:36:48] local.INFO: Last News: User news has been returned  {"url":"http://khabar.fekracomputers.com/api/usernews","email":"malisobh2010@gmail.com"} 
[2016-10-27 07:38:02] local.INFO: Feed News: News of the the given feed has been found {"url":"http://khabar.fekracomputers.com/api/news/ar/eg/مصراوي","feed_title":"مصراوي"} 
[2016-10-27 07:38:11] local.INFO: Last News: User news has been returned  {"url":"http://khabar.fekracomputers.com/api/usernews","email":"malisobh2010@gmail.com"} 
[2016-10-27 07:38:27] local.INFO: Menu Link:  Menu has been Called {"url":"http://khabar.fekracomputers.com/api/menu/ar/eg"} 
[2016-10-27 07:38:30] local.INFO: Menu Link: feeds of the given country has been called {"url":"http://khabar.fekracomputers.com/api/menu/ar/eg/categories","country":"eg"} 
[2016-10-27 07:38:36] local.INFO: updating user preferences: user preferences updated {"url":"http://khabar.fekracomputers.com/api/prefs/add","user_email":"malisobh2010@gmail.com"} 
[2016-10-27 07:38:37] local.INFO: Last News: User news has been returned  {"url":"http://khabar.fekracomputers.com/api/usernews","email":"malisobh2010@gmail.com"} 
[2016-10-27 07:38:42] local.INFO: Feed News: News of the the given feed has been found {"url":"http://khabar.fekracomputers.com/api/news/ar/eg/باسم%20يوسف","feed_title":"باسم يوسف"} 
[2016-10-27 07:40:34] local.INFO: Last News: User news has been returned  {"url":"http://khabar.fekracomputers.com/api/usernews","email":"malisobh2010@gmail.com"} 
[2016-10-27 07:40:41] local.INFO: Feed News: News of the the given feed has been found {"url":"http://khabar.fekracomputers.com/api/news/ar/af/مجلة%20الرياضه","feed_title":"مجلة الرياضه"} 
[2016-10-27 07:41:01] local.INFO: Feed News: News of the the given feed has been found {"url":"http://khabar.fekracomputers.com/api/news/ar/af/مجلة%20الصحة","feed_title":"مجلة الصحة"} 
[2016-10-27 07:41:21] local.INFO: Feed News: News of the the given feed has been found {"url":"http://khabar.fekracomputers.com/api/news/ar/af/مجلة%20السياحة","feed_title":"مجلة السياحة"} 
[2016-10-27 07:41:26] local.INFO: Feed News: News of the the given feed has been found {"url":"http://khabar.fekracomputers.com/api/news/ar/af/مجلة%20الصحة","feed_title":"مجلة الصحة"} 
[2016-10-27 07:41:29] local.INFO: Feed News: News of the the given feed has been found {"url":"http://khabar.fekracomputers.com/api/news/ar/af/مجلة%20العلوم","feed_title":"مجلة العلوم"} 
[2016-10-27 07:41:34] local.INFO: Feed News: News of the the given feed has been found {"url":"http://khabar.fekracomputers.com/api/news/ar/af/مجلة%20الطبخ","feed_title":"مجلة الطبخ"} 
[2016-10-27 07:42:56] local.INFO: Last News: User news has been returned  {"url":"http://khabar.fekracomputers.com/api/usernews","email":"shamsgeek@gmail.com"} 
[2016-10-27 07:43:00] local.INFO: Recent Last News : Recent News of the user has been loaded  {"url":"http://khabar.fekracomputers.com/api/usernews/recent","Email":"shamsgeek@gmail.com"} 
[2016-10-27 07:43:05] local.INFO: Recent Last News : Recent News of the user has been loaded  {"url":"http://khabar.fekracomputers.com/api/usernews/recent","Email":"shamsgeek@gmail.com"} 
[2016-10-27 07:43:12] local.INFO: Last News: User news has been returned  {"url":"http://khabar.fekracomputers.com/api/usernews","email":"shamsgeek@gmail.com"} 
[2016-10-27 07:52:53] local.INFO: Last News: User news has been returned  {"url":"http://khabar.fekracomputers.com/api/usernews","email":"malisobh2010@gmail.com"} 
[2016-10-27 07:52:53] local.INFO: Last News: User news has been returned  {"url":"http://khabar.fekracomputers.com/api/usernews","email":"malisobh2010@gmail.com"} 
[2016-10-27 07:53:54] local.INFO: More Last News : More News of the user has been loaded  {"url":"http://khabar.fekracomputers.com/api/usernews/more","Email":"malisobh2010@gmail.com"} 
[2016-10-27 07:54:05] local.INFO: updating user preferences: user preferences updated {"url":"http://khabar.fekracomputers.com/api/prefs/add","user_email":"malisobh2010@gmail.com"} 
[2016-10-27 07:54:06] local.INFO: Getting user preferences: User preferences Has been found {"url":"http://khabar.fekracomputers.com/api/prefs/get","email":"malisobh2010@gmail.com"} 
[2016-10-27 07:54:08] local.INFO: Menu Link:  Menu has been Called {"url":"http://khabar.fekracomputers.com/api/menu/ar/eg"} 
[2016-10-27 07:54:10] local.INFO: updating user preferences: user preferences updated {"url":"http://khabar.fekracomputers.com/api/prefs/add","user_email":"malisobh2010@gmail.com"} 
[2016-10-27 07:54:11] local.INFO: Last News: User news has been returned  {"url":"http://khabar.fekracomputers.com/api/usernews","email":"malisobh2010@gmail.com"} 
[2016-10-27 07:56:09] local.INFO: Feed News: News of the the given feed has been found {"url":"http://khabar.fekracomputers.com/api/news/ar/eg/باسم%20يوسف","feed_title":"باسم يوسف"} 
[2016-10-27 07:59:27] local.INFO: Feed News: News of the the given feed has been found {"url":"http://khabar.fekracomputers.com/api/news/ar/eg/باسم%20يوسف","feed_title":"باسم يوسف"} 
[2016-10-27 07:59:29] local.INFO: Last News: User news has been returned  {"url":"http://khabar.fekracomputers.com/api/usernews","email":"malisobh2010@gmail.com"} 
[2016-10-27 07:59:32] local.INFO: Feed News: News of the the given feed has been found {"url":"http://khabar.fekracomputers.com/api/news/ar/eg/مصراوي","feed_title":"مصراوي"} 
[2016-10-27 07:59:46] local.INFO: Feed News: News of the the given feed has been found {"url":"http://khabar.fekracomputers.com/api/news/ar/international/الاناضول","feed_title":"الاناضول"} 
[2016-10-27 08:00:15] local.INFO: Feed News: News of the the given feed has been found {"url":"http://khabar.fekracomputers.com/api/news/ar/international/الاناضول","feed_title":"الاناضول"} 
[2016-10-27 08:00:15] local.INFO: Last News: User news has been returned  {"url":"http://khabar.fekracomputers.com/api/usernews","email":"malisobh2010@gmail.com"} 
[2016-10-27 08:00:21] local.INFO: Menu Link:  Menu has been Called {"url":"http://khabar.fekracomputers.com/api/menu/ar/eg"} 
[2016-10-27 08:03:40] local.INFO: Getting user preferences: User preferences Has been found {"url":"http://khabar.fekracomputers.com/api/prefs/get","email":"malisobh2010@gmail.com"} 
[2016-10-27 08:03:44] local.INFO: Last News: User news has been returned  {"url":"http://khabar.fekracomputers.com/api/usernews","email":"malisobh2010@gmail.com"} 
[2016-10-27 08:04:41] local.INFO: Last News: User news has been returned  {"url":"http://khabar.fekracomputers.com/api/usernews","email":"imam.mostafa@gmail.com"} 
[2016-10-27 08:05:00] local.INFO: Last News: User news has been returned  {"url":"http://khabar.fekracomputers.com/api/usernews","email":"malisobh2010@gmail.com"} 
[2016-10-27 08:05:24] local.INFO: Last News: User news has been returned  {"url":"http://khabar.fekracomputers.com/api/usernews","email":"malisobh2010@gmail.com"} 
[2016-10-27 08:08:02] local.INFO: Recent Last News : Recent News of the user has been loaded  {"url":"http://khabar.fekracomputers.com/api/usernews/recent","Email":"imam.mostafa@gmail.com"} 
[2016-10-27 08:08:07] local.INFO: Last News: User news has been returned  {"url":"http://khabar.fekracomputers.com/api/usernews","email":"malisobh2010@gmail.com"} 
[2016-10-27 08:08:13] local.INFO: Last News: User news has been returned  {"url":"http://khabar.fekracomputers.com/api/usernews","email":"imam.mostafa@gmail.com"} 
[2016-10-27 08:09:00] local.INFO: Recent Last News : Recent News of the user has been loaded  {"url":"http://khabar.fekracomputers.com/api/usernews/recent","Email":"imam.mostafa@gmail.com"} 
[2016-10-27 08:09:16] local.INFO: Recent Last News : Recent News of the user has been loaded  {"url":"http://khabar.fekracomputers.com/api/usernews/recent","Email":"imam.mostafa@gmail.com"} 
[2016-10-27 08:09:32] local.INFO: Recent Last News : Recent News of the user has been loaded  {"url":"http://khabar.fekracomputers.com/api/usernews/recent","Email":"imam.mostafa@gmail.com"} 
[2016-10-27 08:09:45] local.INFO: Recent Last News : Recent News of the user has been loaded  {"url":"http://khabar.fekracomputers.com/api/usernews/recent","Email":"imam.mostafa@gmail.com"} 
[2016-10-27 08:09:51] local.INFO: Recent Last News : Recent News of the user has been loaded  {"url":"http://khabar.fekracomputers.com/api/usernews/recent","Email":"imam.mostafa@gmail.com"} 
[2016-10-27 08:09:58] local.INFO: Last News: User news has been returned  {"url":"http://khabar.fekracomputers.com/api/usernews","email":"imam.mostafa@gmail.com"} 
[2016-10-27 08:10:42] local.INFO: Recent Last News : Recent News of the user has been loaded  {"url":"http://khabar.fekracomputers.com/api/usernews/recent","Email":"imam.mostafa@gmail.com"} 
[2016-10-27 08:24:28] local.INFO: Last News: User news has been returned  {"url":"http://khabar.fekracomputers.com/api/usernews","email":"imam.mostafa@gmail.com"} 
[2016-10-27 08:24:59] local.INFO: Last News: User news has been returned  {"url":"http://khabar.fekracomputers.com/api/usernews","email":"malisobh2010@gmail.com"} 
[2016-10-27 08:27:38] local.INFO: Last News: User news has been returned  {"url":"http://khabar.fekracomputers.com/api/usernews","email":"malisobh2010@gmail.com"} 
[2016-10-27 08:28:19] local.INFO: More Last News : More News of the user has been loaded  {"url":"http://khabar.fekracomputers.com/api/usernews/more","Email":"malisobh2010@gmail.com"} 
[2016-10-27 09:31:40] local.INFO: Last News: User news has been returned  {"url":"http://khabar.fekracomputers.com/api/usernews","email":"imam.mostafa@gmail.com"} 
[2016-10-27 09:32:34] local.INFO: More Last News : More News of the user has been loaded  {"url":"http://khabar.fekracomputers.com/api/usernews/more","Email":"imam.mostafa@gmail.com"} 
[2016-10-27 11:08:28] local.INFO: Recent Last News : Recent News of the user has been loaded  {"url":"http://khabar.fekracomputers.com/api/usernews/recent","Email":"malisobh2010@gmail.com"} 
[2016-10-27 11:09:05] local.INFO: Menu Link:  Menu has been Called {"url":"http://khabar.fekracomputers.com/api/menu/ar/eg"} 
[2016-10-27 12:38:21] local.INFO: Last News: User news has been returned  {"url":"http://khabar.fekracomputers.com/api/usernews","email":"imam.mostafa@gmail.com"} 
[2016-10-27 12:38:39] local.INFO: Last News: User news has been returned  {"url":"http://khabar.fekracomputers.com/api/usernews","email":"imam.mostafa@gmail.com"} 
[2016-10-27 12:38:51] local.INFO: Last News: User news has been returned  {"url":"http://khabar.fekracomputers.com/api/usernews","email":"imam.mostafa@gmail.com"} 
[2016-10-27 13:33:34] local.INFO: Last News: User news has been returned  {"url":"http://khabar.fekracomputers.com/api/usernews","email":"imam.mostafa@gmail.com"} 
[2016-10-27 13:33:36] local.INFO: Recent Last News : Recent News of the user has been loaded  {"url":"http://khabar.fekracomputers.com/api/usernews/recent","Email":"imam.mostafa@gmail.com"} 
[2016-10-27 13:33:57] local.INFO: More Last News : More News of the user has been loaded  {"url":"http://khabar.fekracomputers.com/api/usernews/more","Email":"imam.mostafa@gmail.com"} 
[2016-10-27 13:34:53] local.INFO: More Last News : More News of the user has been loaded  {"url":"http://khabar.fekracomputers.com/api/usernews/more","Email":"imam.mostafa@gmail.com"} 
[2016-10-27 13:35:03] local.INFO: More Last News : More News of the user has been loaded  {"url":"http://khabar.fekracomputers.com/api/usernews/more","Email":"imam.mostafa@gmail.com"} 
[2016-10-27 18:34:02] local.INFO: Last News: User news has been returned  {"url":"http://khabar.fekracomputers.com/api/usernews","email":"moda.yahia@gmail.com"} 
[2016-10-27 18:34:08] local.INFO: Recent Last News : Recent News of the user has been loaded  {"url":"http://khabar.fekracomputers.com/api/usernews/recent","Email":"moda.yahia@gmail.com"} 
[2016-10-27 18:34:41] local.INFO: More Last News : More News of the user has been loaded  {"url":"http://khabar.fekracomputers.com/api/usernews/more","Email":"moda.yahia@gmail.com"} 
