[2016-10-10 00:07:17] local.INFO: Last News: User news has been returned  {"url":"http://khabar.fekracomputers.com/api/usernews","email":"mohand.muhammed@gmail.com"} 
[2016-10-10 00:07:18] local.INFO: User Bookmark: User bookmark has been loaded  {"url":"http://khabar.fekracomputers.com/api/getnews"} 
[2016-10-10 00:08:10] local.INFO: Last News: User news has been returned  {"url":"http://khabar.fekracomputers.com/api/usernews","email":"mohand.muhammed@gmail.com"} 
[2016-10-10 00:09:14] local.INFO: More Last News : More News of the user has been loaded  {"url":"http://khabar.fekracomputers.com/api/usernews/more","Email":"mohand.muhammed@gmail.com"} 
[2016-10-10 00:09:18] local.INFO: More Last News : More News of the user has been loaded  {"url":"http://khabar.fekracomputers.com/api/usernews/more","Email":"mohand.muhammed@gmail.com"} 
[2016-10-10 00:09:23] local.INFO: More Last News : More News of the user has been loaded  {"url":"http://khabar.fekracomputers.com/api/usernews/more","Email":"mohand.muhammed@gmail.com"} 
[2016-10-10 00:09:32] local.INFO: More Last News : More News of the user has been loaded  {"url":"http://khabar.fekracomputers.com/api/usernews/more","Email":"mohand.muhammed@gmail.com"} 
[2016-10-10 00:09:39] local.INFO: More Last News : More News of the user has been loaded  {"url":"http://khabar.fekracomputers.com/api/usernews/more","Email":"mohand.muhammed@gmail.com"} 
[2016-10-10 00:09:46] local.INFO: More Last News : More News of the user has been loaded  {"url":"http://khabar.fekracomputers.com/api/usernews/more","Email":"mohand.muhammed@gmail.com"} 
[2016-10-10 00:09:55] local.INFO: More Last News : More News of the user has been loaded  {"url":"http://khabar.fekracomputers.com/api/usernews/more","Email":"mohand.muhammed@gmail.com"} 
[2016-10-10 01:23:30] local.INFO: Last News: User news has been returned  {"url":"http://khabar.fekracomputers.com/api/usernews","email":"ahmed.alaa.eldin.hamdy@gmail.com"} 
[2016-10-10 01:23:56] local.INFO: More Last News : More News of the user has been loaded  {"url":"http://khabar.fekracomputers.com/api/usernews/more","Email":"ahmed.alaa.eldin.hamdy@gmail.com"} 
[2016-10-10 01:24:17] local.INFO: More Last News : More News of the user has been loaded  {"url":"http://khabar.fekracomputers.com/api/usernews/more","Email":"ahmed.alaa.eldin.hamdy@gmail.com"} 
[2016-10-10 01:24:31] local.INFO: Feed News: News of the the given feed has been found {"url":"http://khabar.fekracomputers.com/api/news/ar/international/الاناضول","feed_title":"الاناضول"} 
[2016-10-10 03:31:02] local.INFO: Last News: User news has been returned  {"url":"http://khabar.fekracomputers.com/api/usernews","email":"moda.yahia@gmail.com"} 
[2016-10-10 05:35:10] local.INFO: Last News: User news has been returned  {"url":"http://khabar.fekracomputers.com/api/usernews","email":"ahmed.alaa.eldin.hamdy@gmail.com"} 
[2016-10-10 05:35:36] local.INFO: Recent Last News : Recent News of the user has been loaded  {"url":"http://khabar.fekracomputers.com/api/usernews/recent","Email":"ahmed.alaa.eldin.hamdy@gmail.com"} 
[2016-10-10 06:42:10] local.INFO: Last News: User news has been returned  {"url":"http://khabar.fekracomputers.com/api/usernews","email":"mohand.muhammed@gmail.com"} 
[2016-10-10 06:42:17] local.INFO: Menu Link:  Menu has been Called {"url":"http://khabar.fekracomputers.com/api/menu/ar/eg"} 
[2016-10-10 06:42:43] local.INFO: Last News: User news has been returned  {"url":"http://khabar.fekracomputers.com/api/usernews","email":"mohand.muhammed@gmail.com"} 
[2016-10-10 06:42:53] local.ERROR: Feed News: The given feed can't be found in the given country  {"url":"http://khabar.fekracomputers.com/api/news/ar/eg/وائل%20الابراشي","feed_title":"وائل الابراشي","country":"eg"} 
[2016-10-10 06:42:55] local.ERROR: Feed News: The given feed can't be found in the given country  {"url":"http://khabar.fekracomputers.com/api/news/ar/eg/وائل%20الابراشي","feed_title":"وائل الابراشي","country":"eg"} 
[2016-10-10 06:43:10] local.ERROR: Feed News: The given feed can't be found in the given country  {"url":"http://khabar.fekracomputers.com/api/news/ar/international/foxsportsasia","feed_title":"foxsportsasia","country":"international"} 
[2016-10-10 06:43:11] local.ERROR: Feed News: The given feed can't be found in the given country  {"url":"http://khabar.fekracomputers.com/api/news/ar/international/foxsportsasia","feed_title":"foxsportsasia","country":"international"} 
[2016-10-10 06:45:01] local.ERROR: Feed News: The given feed can't be found in the given country  {"url":"http://khabar.fekracomputers.com/api/news/ar/international/foxsportsasia","feed_title":"foxsportsasia","country":"international"} 
[2016-10-10 06:46:06] local.ERROR: Feed News: The given feed can't be found in the given country  {"url":"http://khabar.fekracomputers.com/api/news/ar/international/foxsportsasia","feed_title":"foxsportsasia","country":"international"} 
[2016-10-10 06:46:08] local.ERROR: Feed News: The given feed can't be found in the given country  {"url":"http://khabar.fekracomputers.com/api/news/ar/international/foxsportsasia","feed_title":"foxsportsasia","country":"international"} 
[2016-10-10 06:49:55] local.ERROR: Feed News: The given feed can't be found in the given country  {"url":"http://khabar.fekracomputers.com/api/news/ar/international/foxsportsasia","feed_title":"foxsportsasia","country":"international"} 
[2016-10-10 06:54:24] local.ERROR: Feed News: The given feed can't be found in the given country  {"url":"http://khabar.fekracomputers.com/api/news/ar/international/foxsportsasia","feed_title":"foxsportsasia","country":"international"} 
[2016-10-10 06:54:26] local.ERROR: Feed News: The given feed can't be found in the given country  {"url":"http://khabar.fekracomputers.com/api/news/ar/international/foxsportsasia","feed_title":"foxsportsasia","country":"international"} 
[2016-10-10 06:54:28] local.ERROR: Feed News: The given feed can't be found in the given country  {"url":"http://khabar.fekracomputers.com/api/news/ar/international/foxsportsasia","feed_title":"foxsportsasia","country":"international"} 
[2016-10-10 06:54:30] local.ERROR: Feed News: The given feed can't be found in the given country  {"url":"http://khabar.fekracomputers.com/api/news/ar/international/foxsportsasia","feed_title":"foxsportsasia","country":"international"} 
[2016-10-10 06:54:33] local.ERROR: Feed News: The given feed can't be found in the given country  {"url":"http://khabar.fekracomputers.com/api/news/ar/international/foxsportsasia","feed_title":"foxsportsasia","country":"international"} 
[2016-10-10 06:54:36] local.ERROR: Feed News: The given feed can't be found in the given country  {"url":"http://khabar.fekracomputers.com/api/news/ar/international/ABC","feed_title":"ABC","country":"international"} 
[2016-10-10 06:54:40] local.ERROR: Feed News: The given feed can't be found in the given country  {"url":"http://khabar.fekracomputers.com/api/news/ar/international/ABC","feed_title":"ABC","country":"international"} 
[2016-10-10 07:02:04] local.ERROR: Feed News: The given feed can't be found in the given country  {"url":"http://khabar.fekracomputers.com/api/news/ar/international/ABC","feed_title":"ABC","country":"international"} 
[2016-10-10 07:02:08] local.ERROR: Feed News: The given feed can't be found in the given country  {"url":"http://khabar.fekracomputers.com/api/news/ar/international/foxsportsasia","feed_title":"foxsportsasia","country":"international"} 
[2016-10-10 07:02:09] local.ERROR: Feed News: The given feed can't be found in the given country  {"url":"http://khabar.fekracomputers.com/api/news/ar/international/foxsportsasia","feed_title":"foxsportsasia","country":"international"} 
[2016-10-10 07:02:11] local.ERROR: Feed News: The given feed can't be found in the given country  {"url":"http://khabar.fekracomputers.com/api/news/ar/international/foxsportsasia","feed_title":"foxsportsasia","country":"international"} 
[2016-10-10 07:02:12] local.ERROR: Feed News: The given feed can't be found in the given country  {"url":"http://khabar.fekracomputers.com/api/news/ar/international/foxsportsasia","feed_title":"foxsportsasia","country":"international"} 
[2016-10-10 07:02:39] local.ERROR: Feed News: The given feed can't be found in the given country  {"url":"http://khabar.fekracomputers.com/api/news/ar/international/foxsportsasia","feed_title":"foxsportsasia","country":"international"} 
[2016-10-10 07:02:40] local.ERROR: Feed News: The given feed can't be found in the given country  {"url":"http://khabar.fekracomputers.com/api/news/ar/international/foxsportsasia","feed_title":"foxsportsasia","country":"international"} 
[2016-10-10 07:02:42] local.ERROR: Feed News: The given feed can't be found in the given country  {"url":"http://khabar.fekracomputers.com/api/news/ar/international/foxsportsasia","feed_title":"foxsportsasia","country":"international"} 
[2016-10-10 07:02:43] local.ERROR: Feed News: The given feed can't be found in the given country  {"url":"http://khabar.fekracomputers.com/api/news/ar/international/foxsportsasia","feed_title":"foxsportsasia","country":"international"} 
[2016-10-10 07:02:44] local.ERROR: Feed News: The given feed can't be found in the given country  {"url":"http://khabar.fekracomputers.com/api/news/ar/international/foxsportsasia","feed_title":"foxsportsasia","country":"international"} 
[2016-10-10 07:03:00] local.ERROR: Feed News: The given feed can't be found in the given country  {"url":"http://khabar.fekracomputers.com/api/news/ar/international/foxsportsasia","feed_title":"foxsportsasia","country":"international"} 
[2016-10-10 07:03:02] local.ERROR: Feed News: The given feed can't be found in the given country  {"url":"http://khabar.fekracomputers.com/api/news/ar/international/foxsportsasia","feed_title":"foxsportsasia","country":"international"} 
[2016-10-10 07:03:03] local.ERROR: Feed News: The given feed can't be found in the given country  {"url":"http://khabar.fekracomputers.com/api/news/ar/international/foxsportsasia","feed_title":"foxsportsasia","country":"international"} 
[2016-10-10 07:06:13] local.ERROR: Feed News: The given feed can't be found in the given country  {"url":"http://khabar.fekracomputers.com/api/news/ar/international/foxsportsasia","feed_title":"foxsportsasia","country":"international"} 
[2016-10-10 07:06:14] local.ERROR: Feed News: The given feed can't be found in the given country  {"url":"http://khabar.fekracomputers.com/api/news/ar/international/foxsportsasia","feed_title":"foxsportsasia","country":"international"} 
[2016-10-10 07:06:15] local.ERROR: Feed News: The given feed can't be found in the given country  {"url":"http://khabar.fekracomputers.com/api/news/ar/international/foxsportsasia","feed_title":"foxsportsasia","country":"international"} 
[2016-10-10 07:06:17] local.ERROR: Feed News: The given feed can't be found in the given country  {"url":"http://khabar.fekracomputers.com/api/news/ar/international/foxsportsasia","feed_title":"foxsportsasia","country":"international"} 
[2016-10-10 07:06:19] local.ERROR: Feed News: The given feed can't be found in the given country  {"url":"http://khabar.fekracomputers.com/api/news/ar/international/foxsportsasia","feed_title":"foxsportsasia","country":"international"} 
[2016-10-10 07:06:32] local.ERROR: Feed News: The given feed can't be found in the given country  {"url":"http://khabar.fekracomputers.com/api/news/ar/international/foxsportsasia","feed_title":"foxsportsasia","country":"international"} 
[2016-10-10 07:06:40] local.ERROR: Feed News: The given feed can't be found in the given country  {"url":"http://khabar.fekracomputers.com/api/news/ar/international/foxsportsasia","feed_title":"foxsportsasia","country":"international"} 
[2016-10-10 07:06:45] local.ERROR: Feed News: The given feed can't be found in the given country  {"url":"http://khabar.fekracomputers.com/api/news/ar/international/foxsportsasia","feed_title":"foxsportsasia","country":"international"} 
[2016-10-10 07:07:00] local.ERROR: Feed News: The given feed can't be found in the given country  {"url":"http://khabar.fekracomputers.com/api/news/ar/international/foxsportsasia","feed_title":"foxsportsasia","country":"international"} 
[2016-10-10 07:07:08] local.INFO: Last News: User news has been returned  {"url":"http://khabar.fekracomputers.com/api/usernews","email":"mohand.muhammed@gmail.com"} 
[2016-10-10 07:07:43] local.INFO: Last News: User news has been returned  {"url":"http://khabar.fekracomputers.com/api/usernews","email":"mohand.muhammed@gmail.com"} 
[2016-10-10 07:07:56] local.INFO: Menu Link:  Menu has been Called {"url":"http://khabar.fekracomputers.com/api/menu/ar/eg"} 
[2016-10-10 07:07:58] local.INFO: Menu Link: feeds of the given country has been called {"url":"http://khabar.fekracomputers.com/api/menu/ar/eg/categories","country":"eg"} 
[2016-10-10 07:08:05] local.INFO: Menu Link: feeds of the given country has been called {"url":"http://khabar.fekracomputers.com/api/menu/ar/international/categories","country":"international"} 
[2016-10-10 07:08:31] local.INFO: updating user preferences: user preferences updated {"url":"http://khabar.fekracomputers.com/api/prefs/add","user_email":"mohand.muhammed@gmail.com"} 
[2016-10-10 07:08:33] local.INFO: Last News: User news has been returned  {"url":"http://khabar.fekracomputers.com/api/usernews","email":"mohand.muhammed@gmail.com"} 
[2016-10-10 07:08:42] local.ERROR: Feed News: The given feed can't be found in the given country  {"url":"http://khabar.fekracomputers.com/api/news/ar/international/Foxsportsasia","feed_title":"Foxsportsasia","country":"international"} 
[2016-10-10 07:08:43] local.ERROR: Feed News: The given feed can't be found in the given country  {"url":"http://khabar.fekracomputers.com/api/news/ar/international/Foxsportsasia","feed_title":"Foxsportsasia","country":"international"} 
[2016-10-10 07:11:34] local.INFO: Menu Link:  Menu has been Called {"url":"http://khabar.fekracomputers.com/api/menu/ar/eg"} 
[2016-10-10 07:11:43] local.INFO: Menu Link: feeds of the given country has been called {"url":"http://khabar.fekracomputers.com/api/menu/ar/eg/categories","country":"eg"} 
[2016-10-10 07:11:51] local.INFO: Last News: User news has been returned  {"url":"http://khabar.fekracomputers.com/api/usernews","email":"malisobh2010@gmail.com"} 
[2016-10-10 07:12:02] local.INFO: Menu Link :International feeds  of this topic has been called {"url":"http://khabar.fekracomputers.com/api/menu/ar/international/Misc","topic":"Misc"} 
[2016-10-10 07:12:03] local.INFO: Recent Last News : Recent News of the user has been loaded  {"url":"http://khabar.fekracomputers.com/api/usernews/recent","Email":"malisobh2010@gmail.com"} 
[2016-10-10 07:12:47] local.INFO: updating user preferences: user preferences updated {"url":"http://khabar.fekracomputers.com/api/prefs/add","user_email":"mohand.muhammed@gmail.com"} 
[2016-10-10 07:12:49] local.INFO: Last News: User news has been returned  {"url":"http://khabar.fekracomputers.com/api/usernews","email":"mohand.muhammed@gmail.com"} 
[2016-10-10 07:12:56] local.INFO: Feed News: News of the the given feed has been found {"url":"http://khabar.fekracomputers.com/api/news/ar/eg/FilFan2","feed_title":"FilFan2"} 
[2016-10-10 07:13:33] local.INFO: Menu Link:  Menu has been Called {"url":"http://khabar.fekracomputers.com/api/menu/ar/eg"} 
[2016-10-10 07:13:37] local.INFO: Feed News: News of the the given feed has been found {"url":"http://khabar.fekracomputers.com/api/news/ar/eg/FilFan2","feed_title":"FilFan2"} 
[2016-10-10 07:13:38] local.INFO: Last News: User news has been returned  {"url":"http://khabar.fekracomputers.com/api/usernews","email":"mohand.muhammed@gmail.com"} 
[2016-10-10 07:13:40] local.INFO: Menu Link:  Menu has been Called {"url":"http://khabar.fekracomputers.com/api/menu/ar/eg"} 
[2016-10-10 07:13:43] local.INFO: Last News: User news has been returned  {"url":"http://khabar.fekracomputers.com/api/usernews","email":"mohand.muhammed@gmail.com"} 
[2016-10-10 07:13:43] local.INFO: Last News: User news has been returned  {"url":"http://khabar.fekracomputers.com/api/usernews","email":"mohand.muhammed@gmail.com"} 
[2016-10-10 07:13:45] local.INFO: Menu Link:  Menu has been Called {"url":"http://khabar.fekracomputers.com/api/menu/ar/eg"} 
[2016-10-10 07:13:49] local.INFO: Last News: User news has been returned  {"url":"http://khabar.fekracomputers.com/api/usernews","email":"mohand.muhammed@gmail.com"} 
[2016-10-10 07:13:49] local.INFO: Last News: User news has been returned  {"url":"http://khabar.fekracomputers.com/api/usernews","email":"mohand.muhammed@gmail.com"} 
[2016-10-10 07:15:16] local.INFO: Search: Full search operation worked successfully  {"url":"http://khabar.fekracomputers.com/api/news/ar/eg/fullsearch","keyword":"'","count_news":14189} 
[2016-10-10 07:15:16] local.INFO: Search: search operation  in user feeds worked successfully  {"url":"http://khabar.fekracomputers.com/api/news/usersearch","keyword":"'","count_news":15110} 
[2016-10-10 07:15:16] local.INFO: Feed News: News of the the given feed has been found {"url":"http://khabar.fekracomputers.com/api/news/ar/international/ويب%20طب","feed_title":"ويب طب"} 
[2016-10-10 07:15:37] local.INFO: Search: Full search operation worked successfully  {"url":"http://khabar.fekracomputers.com/api/news/ar/eg/fullsearch","keyword":"est'%","count_news":0} 
[2016-10-10 07:15:37] local.INFO: Search: search operation  in user feeds worked successfully  {"url":"http://khabar.fekracomputers.com/api/news/usersearch","keyword":"est'%","count_news":0} 
[2016-10-10 07:15:50] local.INFO: Feed News:More news loaded to this feed {"url":"http://khabar.fekracomputers.com/api/news/ar/eg/ويب%20طب/more/129893/20","feed_title":"ويب طب"} 
[2016-10-10 07:15:58] local.INFO: Feed News:More news loaded to this feed {"url":"http://khabar.fekracomputers.com/api/news/ar/eg/ويب%20طب/recent/253619/20","feed_title":"ويب طب"} 
[2016-10-10 07:16:01] local.INFO: Search: search operation  in user feeds worked successfully  {"url":"http://khabar.fekracomputers.com/api/news/usersearch","keyword":"est'%%or%1=1--","count_news":0} 
[2016-10-10 07:16:01] local.INFO: Search: Full search operation worked successfully  {"url":"http://khabar.fekracomputers.com/api/news/ar/eg/fullsearch","keyword":"est'%%or%1=1--","count_news":0} 
[2016-10-10 07:16:04] local.INFO: Feed News: News of the the given feed has been found {"url":"http://khabar.fekracomputers.com/api/news/ar/eg/موقع%20مباشر%20-%20مصر","feed_title":"موقع مباشر - مصر"} 
[2016-10-10 07:16:15] local.INFO: Menu Link:  Menu has been Called {"url":"http://khabar.fekracomputers.com/api/menu/ar/eg"} 
[2016-10-10 07:16:18] local.INFO: Last News: User news has been returned  {"url":"http://khabar.fekracomputers.com/api/usernews","email":"mohand.muhammed@gmail.com"} 
[2016-10-10 07:16:18] local.INFO: Last News: User news has been returned  {"url":"http://khabar.fekracomputers.com/api/usernews","email":"mohand.muhammed@gmail.com"} 
[2016-10-10 07:16:27] local.INFO: Last News: User news has been returned  {"url":"http://khabar.fekracomputers.com/api/usernews","email":"mohand.muhammed@gmail.com"} 
[2016-10-10 07:16:30] local.INFO: Menu Link:  Menu has been Called {"url":"http://khabar.fekracomputers.com/api/menu/ar/eg"} 
[2016-10-10 07:16:31] local.INFO: updating user preferences: user preferences updated {"url":"http://khabar.fekracomputers.com/api/prefs/add","user_email":"mohand.muhammed@gmail.com"} 
[2016-10-10 07:16:41] local.INFO: Last News: User news has been returned  {"url":"http://khabar.fekracomputers.com/api/usernews","email":"mohand.muhammed@gmail.com"} 
[2016-10-10 07:16:43] local.INFO: Menu Link:  Menu has been Called {"url":"http://khabar.fekracomputers.com/api/menu/ar/eg"} 
[2016-10-10 07:16:44] local.INFO: Feed News: News of the the given feed has been found {"url":"http://khabar.fekracomputers.com/api/news/ar/international/سي%20ان%20ان","feed_title":"سي ان ان"} 
[2016-10-10 07:16:47] local.INFO: Last News: User news has been returned  {"url":"http://khabar.fekracomputers.com/api/usernews","email":"mohand.muhammed@gmail.com"} 
[2016-10-10 07:16:47] local.INFO: Last News: User news has been returned  {"url":"http://khabar.fekracomputers.com/api/usernews","email":"mohand.muhammed@gmail.com"} 
[2016-10-10 07:16:52] local.INFO: More Last News : More News of the user has been loaded  {"url":"http://khabar.fekracomputers.com/api/usernews/more","Email":"mohand.muhammed@gmail.com"} 
[2016-10-10 07:17:06] local.INFO: Feed News:More news loaded to this feed {"url":"http://khabar.fekracomputers.com/api/news/ar/eg/سي%20ان%20ان/more/230067/20","feed_title":"سي ان ان"} 
[2016-10-10 07:18:57] local.INFO: Last News: User news has been returned  {"url":"http://khabar.fekracomputers.com/api/usernews","email":"malisobh2010@gmail.com"} 
[2016-10-10 07:19:13] local.INFO: Menu Link:  Menu has been Called {"url":"http://khabar.fekracomputers.com/api/menu/ar/eg"} 
[2016-10-10 07:19:36] local.INFO: Last News: User news has been returned  {"url":"http://khabar.fekracomputers.com/api/usernews","email":"malisobh2010@gmail.com"} 
[2016-10-10 07:19:36] local.INFO: Last News: User news has been returned  {"url":"http://khabar.fekracomputers.com/api/usernews","email":"malisobh2010@gmail.com"} 
[2016-10-10 07:19:36] local.INFO: Last News: User news has been returned  {"url":"http://khabar.fekracomputers.com/api/usernews","email":"malisobh2010@gmail.com"} 
[2016-10-10 07:19:38] local.INFO: Menu Link:  Menu has been Called {"url":"http://khabar.fekracomputers.com/api/menu/ar/eg"} 
[2016-10-10 07:19:41] local.INFO: Last News: User news has been returned  {"url":"http://khabar.fekracomputers.com/api/usernews","email":"malisobh2010@gmail.com"} 
[2016-10-10 07:19:41] local.INFO: Last News: User news has been returned  {"url":"http://khabar.fekracomputers.com/api/usernews","email":"malisobh2010@gmail.com"} 
[2016-10-10 07:19:42] local.INFO: Menu Link:  Menu has been Called {"url":"http://khabar.fekracomputers.com/api/menu/ar/eg"} 
[2016-10-10 07:19:47] local.INFO: Last News: User news has been returned  {"url":"http://khabar.fekracomputers.com/api/usernews","email":"malisobh2010@gmail.com"} 
[2016-10-10 07:19:47] local.INFO: Last News: User news has been returned  {"url":"http://khabar.fekracomputers.com/api/usernews","email":"malisobh2010@gmail.com"} 
[2016-10-10 07:19:49] local.INFO: Menu Link:  Menu has been Called {"url":"http://khabar.fekracomputers.com/api/menu/ar/eg"} 
[2016-10-10 07:19:51] local.INFO: Menu Link: feeds of the given country has been called {"url":"http://khabar.fekracomputers.com/api/menu/ar/eg/categories","country":"eg"} 
[2016-10-10 07:20:11] local.INFO: updating user preferences: user preferences updated {"url":"http://khabar.fekracomputers.com/api/prefs/add","user_email":"malisobh2010@gmail.com"} 
[2016-10-10 07:20:12] local.INFO: Last News: User news has been returned  {"url":"http://khabar.fekracomputers.com/api/usernews","email":"malisobh2010@gmail.com"} 
[2016-10-10 07:20:28] local.INFO: Menu Link:  Menu has been Called {"url":"http://khabar.fekracomputers.com/api/menu/ar/eg"} 
[2016-10-10 07:50:05] local.INFO: Last News: User news has been returned  {"url":"http://khabar.fekracomputers.com/api/usernews","email":"ahmed.alaa.eldin.hamdy@gmail.com"} 
[2016-10-10 07:51:02] local.INFO: Feed News: News of the the given feed has been found {"url":"http://khabar.fekracomputers.com/api/news/ar/international/فرانس%2024","feed_title":"فرانس 24"} 
[2016-10-10 07:51:13] local.INFO: Feed News: News of the the given feed has been found {"url":"http://khabar.fekracomputers.com/api/news/ar/eg/صدي%20البلد","feed_title":"صدي البلد"} 
[2016-10-10 07:51:42] local.INFO: Feed News:More news loaded to this feed {"url":"http://khabar.fekracomputers.com/api/news/ar/eg/صدي%20البلد/more/270603/20","feed_title":"صدي البلد"} 
[2016-10-10 07:59:14] local.INFO: Last News: User news has been returned  {"url":"http://khabar.fekracomputers.com/api/usernews","email":"imam.mostafa@gmail.com"} 
[2016-10-10 08:11:56] local.INFO: Last News: User news has been returned  {"url":"http://khabar.fekracomputers.com/api/usernews","email":"moda.yahia@gmail.com"} 
[2016-10-10 08:16:56] local.INFO: Menu Link:  Menu has been Called {"url":"http://khabar.fekracomputers.com/api/menu/ar/eg"} 
[2016-10-10 08:16:56] local.INFO: updating user preferences: user preferences updated {"url":"http://khabar.fekracomputers.com/api/prefs/add","user_email":"mohand.muhammed@gmail.com"} 
[2016-10-10 08:17:31] local.INFO: Last News: User news has been returned  {"url":"http://khabar.fekracomputers.com/api/usernews","email":"mohand.muhammed@gmail.com"} 
[2016-10-10 08:17:47] local.INFO: Menu Link:  Menu has been Called {"url":"http://khabar.fekracomputers.com/api/menu/ar/eg"} 
[2016-10-10 08:17:50] local.INFO: Last News: User news has been returned  {"url":"http://khabar.fekracomputers.com/api/usernews","email":"mohand.muhammed@gmail.com"} 
[2016-10-10 08:17:50] local.INFO: Last News: User news has been returned  {"url":"http://khabar.fekracomputers.com/api/usernews","email":"mohand.muhammed@gmail.com"} 
[2016-10-10 08:17:56] local.INFO: More Last News : More News of the user has been loaded  {"url":"http://khabar.fekracomputers.com/api/usernews/more","Email":"mohand.muhammed@gmail.com"} 
[2016-10-10 08:18:01] local.INFO: More Last News : More News of the user has been loaded  {"url":"http://khabar.fekracomputers.com/api/usernews/more","Email":"mohand.muhammed@gmail.com"} 
[2016-10-10 08:18:10] local.INFO: More Last News : More News of the user has been loaded  {"url":"http://khabar.fekracomputers.com/api/usernews/more","Email":"mohand.muhammed@gmail.com"} 
[2016-10-10 08:18:35] local.INFO: Last News: User news has been returned  {"url":"http://khabar.fekracomputers.com/api/usernews","email":"malakmaloka1112010@gmail.com"} 
[2016-10-10 08:21:16] local.INFO: More Last News : More News of the user has been loaded  {"url":"http://khabar.fekracomputers.com/api/usernews/more","Email":"malakmaloka1112010@gmail.com"} 
[2016-10-10 08:22:50] local.INFO: More Last News : More News of the user has been loaded  {"url":"http://khabar.fekracomputers.com/api/usernews/more","Email":"malakmaloka1112010@gmail.com"} 
[2016-10-10 08:59:30] local.INFO: Menu Link:  Menu has been Called {"url":"http://khabar.fekracomputers.com/api/menu/ar/eg"} 
[2016-10-10 08:59:34] local.INFO: Last News: User news has been returned  {"url":"http://khabar.fekracomputers.com/api/usernews","email":"mohand.muhammed@gmail.com"} 
[2016-10-10 08:59:34] local.INFO: Last News: User news has been returned  {"url":"http://khabar.fekracomputers.com/api/usernews","email":"mohand.muhammed@gmail.com"} 
[2016-10-10 08:59:51] local.INFO: Menu Link:  Menu has been Called {"url":"http://khabar.fekracomputers.com/api/menu/ar/eg"} 
[2016-10-10 08:59:56] local.INFO: Last News: User news has been returned  {"url":"http://khabar.fekracomputers.com/api/usernews","email":"mohand.muhammed@gmail.com"} 
[2016-10-10 08:59:56] local.INFO: Last News: User news has been returned  {"url":"http://khabar.fekracomputers.com/api/usernews","email":"mohand.muhammed@gmail.com"} 
[2016-10-10 09:00:09] local.INFO: Last News: User news has been returned  {"url":"http://khabar.fekracomputers.com/api/usernews","email":"mohand.muhammed@gmail.com"} 
[2016-10-10 09:00:11] local.INFO: Menu Link:  Menu has been Called {"url":"http://khabar.fekracomputers.com/api/menu/ar/eg"} 
[2016-10-10 09:00:14] local.INFO: Last News: User news has been returned  {"url":"http://khabar.fekracomputers.com/api/usernews","email":"mohand.muhammed@gmail.com"} 
[2016-10-10 09:00:14] local.INFO: Last News: User news has been returned  {"url":"http://khabar.fekracomputers.com/api/usernews","email":"mohand.muhammed@gmail.com"} 
[2016-10-10 09:01:50] local.INFO: Menu Link:  Menu has been Called {"url":"http://khabar.fekracomputers.com/api/menu/ar/eg"} 
[2016-10-10 09:01:55] local.INFO: Menu Link:  Menu has been Called {"url":"http://khabar.fekracomputers.com/api/menu/ar/eg"} 
[2016-10-10 09:02:02] local.INFO: Getting user preferences: User preferences Has been found {"url":"http://khabar.fekracomputers.com/api/prefs/get","email":"mohand.muhammed@gmail.com"} 
[2016-10-10 09:02:04] local.INFO: Last News: User news has been returned  {"url":"http://khabar.fekracomputers.com/api/usernews","email":"mohand.muhammed@gmail.com"} 
[2016-10-10 09:02:22] local.INFO: Menu Link:  Menu has been Called {"url":"http://khabar.fekracomputers.com/api/menu/ar/eg"} 
[2016-10-10 09:02:26] local.INFO: Last News: User news has been returned  {"url":"http://khabar.fekracomputers.com/api/usernews","email":"mohand.muhammed@gmail.com"} 
[2016-10-10 09:02:26] local.INFO: Last News: User news has been returned  {"url":"http://khabar.fekracomputers.com/api/usernews","email":"mohand.muhammed@gmail.com"} 
[2016-10-10 09:05:01] local.INFO: Feed News: News of the the given feed has been found {"url":"http://khabar.fekracomputers.com/api/news/ar/eg/صحيفه%20اليوم%20السابع","feed_title":"صحيفه اليوم السابع"} 
[2016-10-10 09:07:08] local.INFO: Menu Link:  Menu has been Called {"url":"http://khabar.fekracomputers.com/api/menu/ar/eg"} 
[2016-10-10 09:07:14] local.INFO: Menu Link:  Menu has been Called {"url":"http://khabar.fekracomputers.com/api/menu/ar/eg"} 
[2016-10-10 09:07:24] local.INFO: Menu Link:  Menu has been Called {"url":"http://khabar.fekracomputers.com/api/menu/ar/eg"} 
[2016-10-10 09:07:34] local.INFO: Menu Link:  Menu has been Called {"url":"http://khabar.fekracomputers.com/api/menu/ar/eg"} 
[2016-10-10 09:08:15] local.INFO: Menu Link:  Menu has been Called {"url":"http://khabar.fekracomputers.com/api/menu/ar/eg"} 
[2016-10-10 09:08:21] local.INFO: Menu Link: feeds of the given country has been called {"url":"http://khabar.fekracomputers.com/api/menu/ar/eg/categories","country":"eg"} 
[2016-10-10 09:08:32] local.INFO: Menu Link:  Menu has been Called {"url":"http://khabar.fekracomputers.com/api/menu/ar/eg"} 
[2016-10-10 09:08:38] local.INFO: Menu Link:  Menu has been Called {"url":"http://khabar.fekracomputers.com/api/menu/ar/eg"} 
[2016-10-10 09:08:49] local.INFO: Menu Link:  Menu has been Called {"url":"http://khabar.fekracomputers.com/api/menu/ar/eg"} 
[2016-10-10 09:09:00] local.ERROR: Getting user preferences: No user found related to the given email {"url":"http://khabar.fekracomputers.com/api/prefs/get","email":"bW9oYW5kLm11aGFtbWVkQGdtYWlsLmNvbQ=="} 
[2016-10-10 09:09:04] local.ERROR: Getting user preferences: No user found related to the given email {"url":"http://khabar.fekracomputers.com/api/prefs/get","email":"bW9oYW5kLm11aGFtbWVkQGdtYWlsLmNvbQ=="} 
[2016-10-10 09:09:07] local.ERROR: Getting user preferences: No user found related to the given email {"url":"http://khabar.fekracomputers.com/api/prefs/get","email":"bW9oYW5kLm11aGFtbWVkQGdtYWlsLmNvbQ=="} 
[2016-10-10 09:09:18] local.ERROR: Getting user preferences: No user found related to the given email {"url":"http://khabar.fekracomputers.com/api/prefs/get","email":"bW9oYW5kLm11aGFtbWVkQGdtYWlsLmNvbQ=="} 
[2016-10-10 09:09:26] local.INFO: Last News: User news has been returned  {"url":"http://khabar.fekracomputers.com/api/usernews","email":"mohand.muhammed@gmail.com"} 
[2016-10-10 09:23:58] local.INFO: Menu Link:  Menu has been Called {"url":"http://khabar.fekracomputers.com/api/menu/ar/eg"} 
[2016-10-10 09:25:31] local.INFO: Getting user preferences: User preferences Has been found {"url":"http://khabar.fekracomputers.com/api/prefs/get","email":"mohand.muhammed@gmail.com"} 
[2016-10-10 09:25:33] local.INFO: Last News: User news has been returned  {"url":"http://khabar.fekracomputers.com/api/usernews","email":"mohand.muhammed@gmail.com"} 
[2016-10-10 09:28:03] local.INFO: Feed News: News of the the given feed has been found {"url":"http://khabar.fekracomputers.com/api/news/ar/eg/filgoal","feed_title":"filgoal"} 
[2016-10-10 09:28:13] local.INFO: Menu Link:  Menu has been Called {"url":"http://khabar.fekracomputers.com/api/menu/ar/eg"} 
[2016-10-10 09:28:17] local.INFO: Feed News: News of the the given feed has been found {"url":"http://khabar.fekracomputers.com/api/news/ar/eg/filgoal","feed_title":"filgoal"} 
[2016-10-10 09:28:18] local.INFO: Last News: User news has been returned  {"url":"http://khabar.fekracomputers.com/api/usernews","email":"mohand.muhammed@gmail.com"} 
[2016-10-10 09:32:55] local.INFO: Menu Link:  Menu has been Called {"url":"http://khabar.fekracomputers.com/api/menu/ar/eg"} 
[2016-10-10 09:32:58] local.INFO: Last News: User news has been returned  {"url":"http://khabar.fekracomputers.com/api/usernews","email":"mohand.muhammed@gmail.com"} 
[2016-10-10 09:32:58] local.INFO: Last News: User news has been returned  {"url":"http://khabar.fekracomputers.com/api/usernews","email":"mohand.muhammed@gmail.com"} 
[2016-10-10 09:40:00] local.INFO: Last News: User news has been returned  {"url":"http://khabar.fekracomputers.com/api/usernews","email":"ahmed.alaa.eldin.hamdy@gmail.com"} 
[2016-10-10 09:40:18] local.INFO: Last News: User news has been returned  {"url":"http://khabar.fekracomputers.com/api/usernews","email":"ahmed.alaa.eldin.hamdy@gmail.com"} 
[2016-10-10 09:40:18] local.INFO: Last News: User news has been returned  {"url":"http://khabar.fekracomputers.com/api/usernews","email":"ahmed.alaa.eldin.hamdy@gmail.com"} 
[2016-10-10 09:40:21] local.INFO: Last News: User news has been returned  {"url":"http://khabar.fekracomputers.com/api/usernews","email":"ahmed.alaa.eldin.hamdy@gmail.com"} 
[2016-10-10 09:40:21] local.INFO: Last News: User news has been returned  {"url":"http://khabar.fekracomputers.com/api/usernews","email":"ahmed.alaa.eldin.hamdy@gmail.com"} 
[2016-10-10 09:40:38] local.INFO: More Last News : More News of the user has been loaded  {"url":"http://khabar.fekracomputers.com/api/usernews/more","Email":"ahmed.alaa.eldin.hamdy@gmail.com"} 
[2016-10-10 09:40:58] local.INFO: Feed News: News of the the given feed has been found {"url":"http://khabar.fekracomputers.com/api/news/ar/international/العربية","feed_title":"العربية"} 
[2016-10-10 09:41:20] local.INFO: Feed News: News of the the given feed has been found {"url":"http://khabar.fekracomputers.com/api/news/ar/eg/كلمتى","feed_title":"كلمتى"} 
[2016-10-10 09:41:31] local.INFO: Last News: User news has been returned  {"url":"http://khabar.fekracomputers.com/api/usernews","email":"ahmed.alaa.eldin.hamdy@gmail.com"} 
[2016-10-10 09:41:54] local.INFO: More Last News : More News of the user has been loaded  {"url":"http://khabar.fekracomputers.com/api/usernews/more","Email":"ahmed.alaa.eldin.hamdy@gmail.com"} 
[2016-10-10 09:42:20] local.INFO: More Last News : More News of the user has been loaded  {"url":"http://khabar.fekracomputers.com/api/usernews/more","Email":"ahmed.alaa.eldin.hamdy@gmail.com"} 
[2016-10-10 10:39:23] local.INFO: Last News: User news has been returned  {"url":"http://khabar.fekracomputers.com/api/usernews","email":"malakmaloka1112010@gmail.com"} 
[2016-10-10 10:42:12] local.INFO: More Last News : More News of the user has been loaded  {"url":"http://khabar.fekracomputers.com/api/usernews/more","Email":"malakmaloka1112010@gmail.com"} 
[2016-10-10 10:44:38] local.INFO: More Last News : More News of the user has been loaded  {"url":"http://khabar.fekracomputers.com/api/usernews/more","Email":"malakmaloka1112010@gmail.com"} 
[2016-10-10 11:26:10] local.INFO: Last News: User news has been returned  {"url":"http://khabar.fekracomputers.com/api/usernews","email":"ahmed.alaa.eldin.hamdy@gmail.com"} 
[2016-10-10 11:33:25] local.INFO: Recent Last News : Recent News of the user has been loaded  {"url":"http://khabar.fekracomputers.com/api/usernews/recent","Email":"ahmed.alaa.eldin.hamdy@gmail.com"} 
[2016-10-10 11:33:30] local.INFO: Last News: User news has been returned  {"url":"http://khabar.fekracomputers.com/api/usernews","email":"ahmed.alaa.eldin.hamdy@gmail.com"} 
[2016-10-10 11:33:34] local.INFO: Last News: User news has been returned  {"url":"http://khabar.fekracomputers.com/api/usernews","email":"ahmed.alaa.eldin.hamdy@gmail.com"} 
[2016-10-10 11:33:40] local.INFO: Last News: User news has been returned  {"url":"http://khabar.fekracomputers.com/api/usernews","email":"ahmed.alaa.eldin.hamdy@gmail.com"} 
[2016-10-10 11:34:02] local.INFO: Menu Link:  Menu has been Called {"url":"http://khabar.fekracomputers.com/api/menu/ar/eg"} 
[2016-10-10 11:34:06] local.INFO: Last News: User news has been returned  {"url":"http://khabar.fekracomputers.com/api/usernews","email":"ahmed.alaa.eldin.hamdy@gmail.com"} 
[2016-10-10 11:34:06] local.INFO: Last News: User news has been returned  {"url":"http://khabar.fekracomputers.com/api/usernews","email":"ahmed.alaa.eldin.hamdy@gmail.com"} 
[2016-10-10 11:34:10] local.INFO: Menu Link:  Menu has been Called {"url":"http://khabar.fekracomputers.com/api/menu/ar/eg"} 
[2016-10-10 11:34:14] local.INFO: Last News: User news has been returned  {"url":"http://khabar.fekracomputers.com/api/usernews","email":"ahmed.alaa.eldin.hamdy@gmail.com"} 
[2016-10-10 11:34:14] local.INFO: Last News: User news has been returned  {"url":"http://khabar.fekracomputers.com/api/usernews","email":"ahmed.alaa.eldin.hamdy@gmail.com"} 
[2016-10-10 11:34:27] local.INFO: Menu Link:  Menu has been Called {"url":"http://khabar.fekracomputers.com/api/menu/ar/eg"} 
[2016-10-10 11:34:34] local.INFO: Last News: User news has been returned  {"url":"http://khabar.fekracomputers.com/api/usernews","email":"ahmed.alaa.eldin.hamdy@gmail.com"} 
[2016-10-10 11:34:34] local.INFO: Last News: User news has been returned  {"url":"http://khabar.fekracomputers.com/api/usernews","email":"ahmed.alaa.eldin.hamdy@gmail.com"} 
[2016-10-10 11:34:36] local.INFO: Menu Link:  Menu has been Called {"url":"http://khabar.fekracomputers.com/api/menu/ar/eg"} 
[2016-10-10 11:34:49] local.INFO: Last News: User news has been returned  {"url":"http://khabar.fekracomputers.com/api/usernews","email":"ahmed.alaa.eldin.hamdy@gmail.com"} 
[2016-10-10 11:34:53] local.INFO: Menu Link:  Menu has been Called {"url":"http://khabar.fekracomputers.com/api/menu/ar/eg"} 
[2016-10-10 11:35:06] local.INFO: Last News: User news has been returned  {"url":"http://khabar.fekracomputers.com/api/usernews","email":"ahmed.alaa.eldin.hamdy@gmail.com"} 
[2016-10-10 11:35:07] local.INFO: Last News: User news has been returned  {"url":"http://khabar.fekracomputers.com/api/usernews","email":"ahmed.alaa.eldin.hamdy@gmail.com"} 
[2016-10-10 12:21:34] local.INFO: Last News: User news has been returned  {"url":"http://khabar.fekracomputers.com/api/usernews","email":"ahmed.alaa.eldin.hamdy@gmail.com"} 
[2016-10-10 12:22:02] local.INFO: More Last News : More News of the user has been loaded  {"url":"http://khabar.fekracomputers.com/api/usernews/more","Email":"ahmed.alaa.eldin.hamdy@gmail.com"} 
[2016-10-10 12:22:08] local.INFO: Menu Link:  Menu has been Called {"url":"http://khabar.fekracomputers.com/api/menu/ar/eg"} 
[2016-10-10 12:22:13] local.INFO: Last News: User news has been returned  {"url":"http://khabar.fekracomputers.com/api/usernews","email":"ahmed.alaa.eldin.hamdy@gmail.com"} 
[2016-10-10 12:22:13] local.INFO: Last News: User news has been returned  {"url":"http://khabar.fekracomputers.com/api/usernews","email":"ahmed.alaa.eldin.hamdy@gmail.com"} 
[2016-10-10 12:22:14] local.INFO: Last News: User news has been returned  {"url":"http://khabar.fekracomputers.com/api/usernews","email":"ahmed.alaa.eldin.hamdy@gmail.com"} 
[2016-10-10 12:22:15] local.INFO: Last News: User news has been returned  {"url":"http://khabar.fekracomputers.com/api/usernews","email":"ahmed.alaa.eldin.hamdy@gmail.com"} 
[2016-10-10 12:22:16] local.INFO: Last News: User news has been returned  {"url":"http://khabar.fekracomputers.com/api/usernews","email":"ahmed.alaa.eldin.hamdy@gmail.com"} 
[2016-10-10 12:22:16] local.INFO: Last News: User news has been returned  {"url":"http://khabar.fekracomputers.com/api/usernews","email":"ahmed.alaa.eldin.hamdy@gmail.com"} 
[2016-10-10 12:36:30] local.INFO: Last News: User news has been returned  {"url":"http://khabar.fekracomputers.com/api/usernews","email":"ahmed.alaa.eldin.hamdy@gmail.com"} 
[2016-10-10 12:37:15] local.INFO: More Last News : More News of the user has been loaded  {"url":"http://khabar.fekracomputers.com/api/usernews/more","Email":"ahmed.alaa.eldin.hamdy@gmail.com"} 
[2016-10-10 12:38:33] local.INFO: More Last News : More News of the user has been loaded  {"url":"http://khabar.fekracomputers.com/api/usernews/more","Email":"ahmed.alaa.eldin.hamdy@gmail.com"} 
[2016-10-10 12:39:21] local.INFO: More Last News : More News of the user has been loaded  {"url":"http://khabar.fekracomputers.com/api/usernews/more","Email":"ahmed.alaa.eldin.hamdy@gmail.com"} 
[2016-10-10 12:40:46] local.INFO: More Last News : More News of the user has been loaded  {"url":"http://khabar.fekracomputers.com/api/usernews/more","Email":"ahmed.alaa.eldin.hamdy@gmail.com"} 
[2016-10-10 12:41:04] local.INFO: Search: Full search operation worked successfully  {"url":"http://khabar.fekracomputers.com/api/news/ar/eg/fullsearch","keyword":"شقق","count_news":115} 
[2016-10-10 12:41:04] local.INFO: Search: search operation  in user feeds worked successfully  {"url":"http://khabar.fekracomputers.com/api/news/usersearch","keyword":"شقق","count_news":60} 
[2016-10-10 12:47:54] local.INFO: Last News: User news has been returned  {"url":"http://khabar.fekracomputers.com/api/usernews","email":"ahmed.alaa.eldin.hamdy@gmail.com"} 
[2016-10-10 12:48:14] local.INFO: More Last News : More News of the user has been loaded  {"url":"http://khabar.fekracomputers.com/api/usernews/more","Email":"ahmed.alaa.eldin.hamdy@gmail.com"} 
[2016-10-10 12:53:57] local.INFO: Recent Last News : Recent News of the user has been loaded  {"url":"http://khabar.fekracomputers.com/api/usernews/recent","Email":"ahmed.alaa.eldin.hamdy@gmail.com"} 
[2016-10-10 12:54:17] local.INFO: Last News: User news has been returned  {"url":"http://khabar.fekracomputers.com/api/usernews","email":"ahmed.alaa.eldin.hamdy@gmail.com"} 
[2016-10-10 12:54:32] local.INFO: Last News: User news has been returned  {"url":"http://khabar.fekracomputers.com/api/usernews","email":"ahmed.alaa.eldin.hamdy@gmail.com"} 
[2016-10-10 12:55:05] local.INFO: Last News: User news has been returned  {"url":"http://khabar.fekracomputers.com/api/usernews","email":"ahmed.alaa.eldin.hamdy@gmail.com"} 
[2016-10-10 12:55:25] local.INFO: Last News: User news has been returned  {"url":"http://khabar.fekracomputers.com/api/usernews","email":"ahmed.alaa.eldin.hamdy@gmail.com"} 
[2016-10-10 12:55:25] local.INFO: Last News: User news has been returned  {"url":"http://khabar.fekracomputers.com/api/usernews","email":"ahmed.alaa.eldin.hamdy@gmail.com"} 
[2016-10-10 12:55:35] local.INFO: Last News: User news has been returned  {"url":"http://khabar.fekracomputers.com/api/usernews","email":"ahmed.alaa.eldin.hamdy@gmail.com"} 
[2016-10-10 12:55:35] local.INFO: Last News: User news has been returned  {"url":"http://khabar.fekracomputers.com/api/usernews","email":"ahmed.alaa.eldin.hamdy@gmail.com"} 
[2016-10-10 12:56:20] local.INFO: Last News: User news has been returned  {"url":"http://khabar.fekracomputers.com/api/usernews","email":"ahmed.alaa.eldin.hamdy@gmail.com"} 
[2016-10-10 12:56:20] local.INFO: Last News: User news has been returned  {"url":"http://khabar.fekracomputers.com/api/usernews","email":"ahmed.alaa.eldin.hamdy@gmail.com"} 
[2016-10-10 13:02:05] local.INFO: Last News: User news has been returned  {"url":"http://khabar.fekracomputers.com/api/usernews","email":"ahmed.alaa.eldin.hamdy@gmail.com"} 
[2016-10-10 13:02:05] local.INFO: Last News: User news has been returned  {"url":"http://khabar.fekracomputers.com/api/usernews","email":"ahmed.alaa.eldin.hamdy@gmail.com"} 
[2016-10-10 13:03:17] local.INFO: More Last News : More News of the user has been loaded  {"url":"http://khabar.fekracomputers.com/api/usernews/more","Email":"ahmed.alaa.eldin.hamdy@gmail.com"} 
[2016-10-10 13:03:58] local.INFO: Feed News: News of the the given feed has been found {"url":"http://khabar.fekracomputers.com/api/news/ar/eg/الشروق","feed_title":"الشروق"} 
[2016-10-10 13:04:43] local.INFO: Feed News: News of the the given feed has been found {"url":"http://khabar.fekracomputers.com/api/news/ar/international/ويب%20طب","feed_title":"ويب طب"} 
[2016-10-10 13:05:12] local.INFO: Feed News: News of the the given feed has been found {"url":"http://khabar.fekracomputers.com/api/news/ar/eg/صحيفه%20اليوم%20السابع","feed_title":"صحيفه اليوم السابع"} 
[2016-10-10 13:05:35] local.INFO: Feed News: News of the the given feed has been found {"url":"http://khabar.fekracomputers.com/api/news/ar/international/المربع%20نت","feed_title":"المربع نت"} 
[2016-10-10 13:09:20] local.INFO: Feed News: News of the the given feed has been found {"url":"http://khabar.fekracomputers.com/api/news/ar/eg/الشروق","feed_title":"الشروق"} 
[2016-10-10 13:11:15] local.INFO: Feed News:More news loaded to this feed {"url":"http://khabar.fekracomputers.com/api/news/ar/eg/الشروق/more/276708/20","feed_title":"الشروق"} 
[2016-10-10 13:11:42] local.INFO: Feed News: News of the the given feed has been found {"url":"http://khabar.fekracomputers.com/api/news/ar/international/قناه%20الحره","feed_title":"قناه الحره"} 
[2016-10-10 13:14:32] local.INFO: Last News: User news has been returned  {"url":"http://khabar.fekracomputers.com/api/usernews","email":"ahmed.alaa.eldin.hamdy@gmail.com"} 
[2016-10-10 13:14:39] local.INFO: Feed News: News of the the given feed has been found {"url":"http://khabar.fekracomputers.com/api/news/ar/eg/الشروق","feed_title":"الشروق"} 
[2016-10-10 13:14:48] local.INFO: Feed News:More news loaded to this feed {"url":"http://khabar.fekracomputers.com/api/news/ar/eg/الشروق/recent/277659/20","feed_title":"الشروق"} 
[2016-10-10 13:14:55] local.INFO: Last News: User news has been returned  {"url":"http://khabar.fekracomputers.com/api/usernews","email":"ahmed.alaa.eldin.hamdy@gmail.com"} 
[2016-10-10 13:14:59] local.INFO: Recent Last News : Recent News of the user has been loaded  {"url":"http://khabar.fekracomputers.com/api/usernews/recent","Email":"ahmed.alaa.eldin.hamdy@gmail.com"} 
[2016-10-10 13:15:50] local.INFO: More Last News : More News of the user has been loaded  {"url":"http://khabar.fekracomputers.com/api/usernews/more","Email":"ahmed.alaa.eldin.hamdy@gmail.com"} 
[2016-10-10 13:18:58] local.INFO: Last News: User news has been returned  {"url":"http://khabar.fekracomputers.com/api/usernews","email":"ahmed.alaa.eldin.hamdy@gmail.com"} 
[2016-10-10 13:19:09] local.INFO: More Last News : More News of the user has been loaded  {"url":"http://khabar.fekracomputers.com/api/usernews/more","Email":"ahmed.alaa.eldin.hamdy@gmail.com"} 
[2016-10-10 13:19:15] local.INFO: Recent Last News : Recent News of the user has been loaded  {"url":"http://khabar.fekracomputers.com/api/usernews/recent","Email":"ahmed.alaa.eldin.hamdy@gmail.com"} 
[2016-10-10 13:19:44] local.INFO: Last News: User news has been returned  {"url":"http://khabar.fekracomputers.com/api/usernews","email":"ahmed.alaa.eldin.hamdy@gmail.com"} 
[2016-10-10 13:19:44] local.INFO: Last News: User news has been returned  {"url":"http://khabar.fekracomputers.com/api/usernews","email":"ahmed.alaa.eldin.hamdy@gmail.com"} 
[2016-10-10 13:19:46] local.INFO: Last News: User news has been returned  {"url":"http://khabar.fekracomputers.com/api/usernews","email":"ahmed.alaa.eldin.hamdy@gmail.com"} 
[2016-10-10 13:19:46] local.INFO: Last News: User news has been returned  {"url":"http://khabar.fekracomputers.com/api/usernews","email":"ahmed.alaa.eldin.hamdy@gmail.com"} 
[2016-10-10 13:20:39] local.INFO: Last News: User news has been returned  {"url":"http://khabar.fekracomputers.com/api/usernews","email":"ahmed.alaa.eldin.hamdy@gmail.com"} 
[2016-10-10 13:20:39] local.INFO: Last News: User news has been returned  {"url":"http://khabar.fekracomputers.com/api/usernews","email":"ahmed.alaa.eldin.hamdy@gmail.com"} 
[2016-10-10 13:21:50] local.INFO: Last News: User news has been returned  {"url":"http://khabar.fekracomputers.com/api/usernews","email":"ahmed.alaa.eldin.hamdy@gmail.com"} 
[2016-10-10 13:21:50] local.INFO: Last News: User news has been returned  {"url":"http://khabar.fekracomputers.com/api/usernews","email":"ahmed.alaa.eldin.hamdy@gmail.com"} 
[2016-10-10 13:22:02] local.INFO: Feed News: News of the the given feed has been found {"url":"http://khabar.fekracomputers.com/api/news/ar/international/العربية","feed_title":"العربية"} 
[2016-10-10 13:24:09] local.INFO: Feed News: News of the the given feed has been found {"url":"http://khabar.fekracomputers.com/api/news/ar/international/الجزيره","feed_title":"الجزيره"} 
[2016-10-10 13:24:16] local.INFO: Feed News: News of the the given feed has been found {"url":"http://khabar.fekracomputers.com/api/news/ar/eg/صدي%20البلد","feed_title":"صدي البلد"} 
[2016-10-10 13:24:31] local.INFO: Feed News: News of the the given feed has been found {"url":"http://khabar.fekracomputers.com/api/news/ar/eg/صحيفة%20المصريون%20اليوم","feed_title":"صحيفة المصريون اليوم"} 
[2016-10-10 13:24:37] local.INFO: Last News: User news has been returned  {"url":"http://khabar.fekracomputers.com/api/usernews","email":"ahmed.alaa.eldin.hamdy@gmail.com"} 
[2016-10-10 13:24:48] local.INFO: More Last News : More News of the user has been loaded  {"url":"http://khabar.fekracomputers.com/api/usernews/more","Email":"ahmed.alaa.eldin.hamdy@gmail.com"} 
[2016-10-10 13:27:29] local.INFO: Last News: User news has been returned  {"url":"http://khabar.fekracomputers.com/api/usernews","email":"ahmed.alaa.eldin.hamdy@gmail.com"} 
[2016-10-10 13:27:34] local.INFO: Menu Link:  Menu has been Called {"url":"http://khabar.fekracomputers.com/api/menu/ar/eg"} 
[2016-10-10 13:27:39] local.INFO: Last News: User news has been returned  {"url":"http://khabar.fekracomputers.com/api/usernews","email":"ahmed.alaa.eldin.hamdy@gmail.com"} 
[2016-10-10 13:27:39] local.INFO: Last News: User news has been returned  {"url":"http://khabar.fekracomputers.com/api/usernews","email":"ahmed.alaa.eldin.hamdy@gmail.com"} 
[2016-10-10 13:27:41] local.INFO: Last News: User news has been returned  {"url":"http://khabar.fekracomputers.com/api/usernews","email":"ahmed.alaa.eldin.hamdy@gmail.com"} 
[2016-10-10 13:27:41] local.INFO: Last News: User news has been returned  {"url":"http://khabar.fekracomputers.com/api/usernews","email":"ahmed.alaa.eldin.hamdy@gmail.com"} 
[2016-10-10 13:27:44] local.INFO: Menu Link:  Menu has been Called {"url":"http://khabar.fekracomputers.com/api/menu/ar/eg"} 
[2016-10-10 13:27:55] local.INFO: Last News: User news has been returned  {"url":"http://khabar.fekracomputers.com/api/usernews","email":"ahmed.alaa.eldin.hamdy@gmail.com"} 
[2016-10-10 13:27:55] local.INFO: Last News: User news has been returned  {"url":"http://khabar.fekracomputers.com/api/usernews","email":"ahmed.alaa.eldin.hamdy@gmail.com"} 
[2016-10-10 13:28:00] local.INFO: Last News: User news has been returned  {"url":"http://khabar.fekracomputers.com/api/usernews","email":"ahmed.alaa.eldin.hamdy@gmail.com"} 
[2016-10-10 13:28:00] local.INFO: Last News: User news has been returned  {"url":"http://khabar.fekracomputers.com/api/usernews","email":"ahmed.alaa.eldin.hamdy@gmail.com"} 
[2016-10-10 13:28:03] local.INFO: Last News: User news has been returned  {"url":"http://khabar.fekracomputers.com/api/usernews","email":"ahmed.alaa.eldin.hamdy@gmail.com"} 
[2016-10-10 13:28:03] local.INFO: Last News: User news has been returned  {"url":"http://khabar.fekracomputers.com/api/usernews","email":"ahmed.alaa.eldin.hamdy@gmail.com"} 
[2016-10-10 13:28:35] local.INFO: Feed News: News of the the given feed has been found {"url":"http://khabar.fekracomputers.com/api/news/ar/international/ويب%20طب","feed_title":"ويب طب"} 
[2016-10-10 13:29:50] local.INFO: Last News: User news has been returned  {"url":"http://khabar.fekracomputers.com/api/usernews","email":"ahmed.alaa.eldin.hamdy@gmail.com"} 
[2016-10-10 13:29:54] local.INFO: Recent Last News : Recent News of the user has been loaded  {"url":"http://khabar.fekracomputers.com/api/usernews/recent","Email":"ahmed.alaa.eldin.hamdy@gmail.com"} 
[2016-10-10 13:30:28] local.INFO: More Last News : More News of the user has been loaded  {"url":"http://khabar.fekracomputers.com/api/usernews/more","Email":"ahmed.alaa.eldin.hamdy@gmail.com"} 
[2016-10-10 15:29:55] local.INFO: Last News: User news has been returned  {"url":"http://khabar.fekracomputers.com/api/usernews","email":"moda.yahia@gmail.com"} 
[2016-10-10 15:53:29] local.INFO: Menu Link:  Menu has been Called {"url":"http://khabar.fekracomputers.com/api/menu/ar/eg"} 
[2016-10-10 16:09:16] local.INFO: Last News: User news has been returned  {"url":"http://khabar.fekracomputers.com/api/usernews","email":"ahmed.alaa.eldin.hamdy@gmail.com"} 
[2016-10-10 16:09:41] local.INFO: More Last News : More News of the user has been loaded  {"url":"http://khabar.fekracomputers.com/api/usernews/more","Email":"ahmed.alaa.eldin.hamdy@gmail.com"} 
[2016-10-10 16:11:04] local.INFO: More Last News : More News of the user has been loaded  {"url":"http://khabar.fekracomputers.com/api/usernews/more","Email":"ahmed.alaa.eldin.hamdy@gmail.com"} 
[2016-10-10 16:27:03] local.INFO: Menu Link:  Menu has been Called {"url":"http://khabar.fekracomputers.com/api/menu/ar/eg"} 
[2016-10-10 16:27:24] local.INFO: Menu Link :International feeds  of this topic has been called {"url":"http://khabar.fekracomputers.com/api/menu/ar/international/Women","topic":"Women"} 
[2016-10-10 16:27:52] local.INFO: Menu Link :International feeds  of this topic has been called {"url":"http://khabar.fekracomputers.com/api/menu/ar/international/Cars","topic":"Cars"} 
[2016-10-10 16:34:01] local.INFO: Last News: User news has been returned  {"url":"http://khabar.fekracomputers.com/api/usernews","email":"ahmed.alaa.eldin.hamdy@gmail.com"} 
[2016-10-10 16:34:29] local.ERROR: Feed News: The given feed can't be found in the given country  {"url":"http://khabar.fekracomputers.com/api/news/ar/eg/حصري%20اخبار","feed_title":"حصري اخبار","country":"eg"} 
[2016-10-10 16:34:32] local.ERROR: Feed News: The given feed can't be found in the given country  {"url":"http://khabar.fekracomputers.com/api/news/ar/eg/حصري%20اخبار","feed_title":"حصري اخبار","country":"eg"} 
[2016-10-10 16:34:34] local.ERROR: Feed News: The given feed can't be found in the given country  {"url":"http://khabar.fekracomputers.com/api/news/ar/eg/العربيه%20نيوز%20مصر","feed_title":"العربيه نيوز مصر","country":"eg"} 
[2016-10-10 16:34:37] local.INFO: Feed News: News of the the given feed has been found {"url":"http://khabar.fekracomputers.com/api/news/ar/eg/البوابه","feed_title":"البوابه"} 
[2016-10-10 16:34:45] local.ERROR: Feed News: The given feed can't be found in the given country  {"url":"http://khabar.fekracomputers.com/api/news/ar/eg/حصري%20اخبار","feed_title":"حصري اخبار","country":"eg"} 
[2016-10-10 16:35:53] local.ERROR: Feed News: The given feed can't be found in the given country  {"url":"http://khabar.fekracomputers.com/api/news/ar/international/حصري اخبار","feed_title":"حصري اخبار","country":"international"} 
[2016-10-10 16:36:06] local.ERROR: Feed News: The given feed can't be found in the given country  {"url":"http://khabar.fekracomputers.com/api/news/ar/international/حصري خبار","feed_title":"حصري خبار","country":"international"} 
[2016-10-10 16:39:17] local.INFO: Feed News: News of the the given feed has been found {"url":"http://khabar.fekracomputers.com/api/news/ar/eg/البوابه","feed_title":"البوابه"} 
[2016-10-10 16:39:22] local.ERROR: Feed News: The given feed can't be found in the given country  {"url":"http://khabar.fekracomputers.com/api/news/ar/eg/العربيه%20نيوز%20مصر","feed_title":"العربيه نيوز مصر","country":"eg"} 
[2016-10-10 16:40:29] local.INFO: Feed News: News of the the given feed has been found {"url":"http://khabar.fekracomputers.com/api/news/ar/eg/العربيه%20نيوز%20مصر","feed_title":"العربيه نيوز مصر"} 
[2016-10-10 16:40:58] local.ERROR: Feed News: The given feed can't be found in the given country  {"url":"http://khabar.fekracomputers.com/api/news/ar/eg/حصري%20اخبار","feed_title":"حصري اخبار","country":"eg"} 
[2016-10-10 16:41:06] local.INFO: Feed News: News of the the given feed has been found {"url":"http://khabar.fekracomputers.com/api/news/ar/eg/بوابه%20القاهره","feed_title":"بوابه القاهره"} 
[2016-10-10 16:41:10] local.INFO: Feed News: News of the the given feed has been found {"url":"http://khabar.fekracomputers.com/api/news/ar/eg/الاخبار%20المسائي","feed_title":"الاخبار المسائي"} 
[2016-10-10 17:13:29] local.INFO: Menu Link:  Menu has been Called {"url":"http://khabar.fekracomputers.com/api/menu/ar/eg"} 
[2016-10-10 17:13:49] local.ERROR: Getting user preferences: No user found related to the given email {"url":"http://khabar.fekracomputers.com/api/prefs/get","email":"wissemzendeh@gmail.com"} 
[2016-10-10 17:13:53] local.INFO: Menu Link:  Menu has been Called {"url":"http://khabar.fekracomputers.com/api/menu/ar/eg"} 
[2016-10-10 17:14:03] local.INFO: Menu Link:  Menu has been Called {"url":"http://khabar.fekracomputers.com/api/menu/ar/eg"} 
[2016-10-10 17:20:01] local.INFO: Feed News:More news loaded to this feed {"url":"http://khabar.fekracomputers.com/api/news/ar/eg/الاخبار%20المسائي/recent/117552/20","feed_title":"الاخبار المسائي"} 
[2016-10-10 17:20:04] local.INFO: Feed News:More news loaded to this feed {"url":"http://khabar.fekracomputers.com/api/news/ar/eg/الاخبار%20المسائي/recent/117552/20","feed_title":"الاخبار المسائي"} 
[2016-10-10 17:20:08] local.INFO: Feed News:More news loaded to this feed {"url":"http://khabar.fekracomputers.com/api/news/ar/eg/الاخبار%20المسائي/recent/117552/20","feed_title":"الاخبار المسائي"} 
[2016-10-10 17:20:09] local.INFO: Feed News:More news loaded to this feed {"url":"http://khabar.fekracomputers.com/api/news/ar/eg/الاخبار%20المسائي/recent/117552/20","feed_title":"الاخبار المسائي"} 
[2016-10-10 17:20:11] local.INFO: Feed News:More news loaded to this feed {"url":"http://khabar.fekracomputers.com/api/news/ar/eg/الاخبار%20المسائي/recent/117552/20","feed_title":"الاخبار المسائي"} 
[2016-10-10 17:20:20] local.INFO: Last News: User news has been returned  {"url":"http://khabar.fekracomputers.com/api/usernews","email":"ahmed.alaa.eldin.hamdy@gmail.com"} 
[2016-10-10 18:20:52] local.INFO: Last News: User news has been returned  {"url":"http://khabar.fekracomputers.com/api/usernews","email":"ahmed.alaa.eldin.hamdy@gmail.com"} 
[2016-10-10 18:22:39] local.INFO: Menu Link:  Menu has been Called {"url":"http://khabar.fekracomputers.com/api/menu/ar/eg"} 
[2016-10-10 18:22:44] local.INFO: Last News: User news has been returned  {"url":"http://khabar.fekracomputers.com/api/usernews","email":"ahmed.alaa.eldin.hamdy@gmail.com"} 
[2016-10-10 18:22:44] local.INFO: Last News: User news has been returned  {"url":"http://khabar.fekracomputers.com/api/usernews","email":"ahmed.alaa.eldin.hamdy@gmail.com"} 
[2016-10-10 18:24:04] local.INFO: More Last News : More News of the user has been loaded  {"url":"http://khabar.fekracomputers.com/api/usernews/more","Email":"ahmed.alaa.eldin.hamdy@gmail.com"} 
[2016-10-10 18:28:26] local.INFO: More Last News : More News of the user has been loaded  {"url":"http://khabar.fekracomputers.com/api/usernews/more","Email":"ahmed.alaa.eldin.hamdy@gmail.com"} 
[2016-10-10 18:45:24] local.INFO: Recent Last News : Recent News of the user has been loaded  {"url":"http://khabar.fekracomputers.com/api/usernews/recent","Email":"ahmed.alaa.eldin.hamdy@gmail.com"} 
[2016-10-10 18:51:37] local.INFO: Last News: User news has been returned  {"url":"http://khabar.fekracomputers.com/api/usernews","email":"ahmed.alaa.eldin.hamdy@gmail.com"} 
[2016-10-10 18:56:04] local.INFO: Last News: User news has been returned  {"url":"http://khabar.fekracomputers.com/api/usernews","email":"ahmed.alaa.eldin.hamdy@gmail.com"} 
[2016-10-10 18:56:21] local.INFO: Feed News: News of the the given feed has been found {"url":"http://khabar.fekracomputers.com/api/news/ar/eg/الشروق","feed_title":"الشروق"} 
[2016-10-10 21:56:13] local.ERROR: Getting user preferences: No user found related to the given email {"url":"http://khabar.fekracomputers.com/api/prefs/get","email":"davoodm256@gmail.com"} 
[2016-10-10 21:56:13] local.ERROR: Country not found {"url":"http://khabar.fekracomputers.com/api/menu/ar/ir","country":"ir"} 
