[2016-11-04 04:53:44] local.INFO: Last News: User news has been returned  {"url":"http://khabar.fekracomputers.com/api/usernews","email":"moda.yahia@gmail.com"} 
[2016-11-04 04:54:19] local.INFO: Feed News: News of the the given feed has been found {"url":"http://khabar.fekracomputers.com/api/news/ar/af/مجله%20التكنولوجيا","feed_title":"مجله التكنولوجيا"} 
[2016-11-04 04:54:26] local.INFO: Menu Link:  Menu has been Called {"url":"http://khabar.fekracomputers.com/api/menu/ar/eg"} 
[2016-11-04 04:54:29] local.INFO: updating user preferences: user preferences updated {"url":"http://khabar.fekracomputers.com/api/prefs/add","user_email":"moda.yahia@gmail.com"} 
[2016-11-04 04:54:35] local.INFO: Menu Link:  Menu has been Called {"url":"http://khabar.fekracomputers.com/api/menu/ar/eg"} 
[2016-11-04 04:54:40] local.INFO: Menu Link :International feeds  of this topic has been called {"url":"http://khabar.fekracomputers.com/api/menu/ar/international/Women","topic":"Women"} 
[2016-11-04 04:54:51] local.INFO: updating user preferences: user preferences updated {"url":"http://khabar.fekracomputers.com/api/prefs/add","user_email":"moda.yahia@gmail.com"} 
[2016-11-04 04:56:32] local.INFO: More Last News : More News of the user has been loaded  {"url":"http://khabar.fekracomputers.com/api/usernews/more","Email":"moda.yahia@gmail.com"} 
[2016-11-04 04:56:52] local.INFO: Feed News: News of the the given feed has been found {"url":"http://khabar.fekracomputers.com/api/news/ar/eg/الشروق","feed_title":"الشروق"} 
[2016-11-04 04:57:38] local.INFO: Feed News:More news loaded to this feed {"url":"http://khabar.fekracomputers.com/api/news/ar/eg/الشروق/more/940869/20","feed_title":"الشروق"} 
[2016-11-04 04:57:58] local.INFO: Feed News: News of the the given feed has been found {"url":"http://khabar.fekracomputers.com/api/news/ar/eg/صحيفة%20المصريون%20اليوم","feed_title":"صحيفة المصريون اليوم"} 
[2016-11-04 04:58:20] local.INFO: Feed News: News of the the given feed has been found {"url":"http://khabar.fekracomputers.com/api/news/ar/eg/شبكه%20رصد","feed_title":"شبكه رصد"} 
[2016-11-04 10:54:26] local.INFO: Menu Link:  Menu has been Called {"url":"http://khabar.fekracomputers.com/api/menu/ar/eg"} 
[2016-11-04 10:54:55] local.INFO: Menu Link :International feeds  of this topic has been called {"url":"http://khabar.fekracomputers.com/api/menu/ar/international/Misc","topic":"Misc"} 
[2016-11-04 10:55:08] local.INFO: Menu Link :International feeds  of this topic has been called {"url":"http://khabar.fekracomputers.com/api/menu/ar/international/Women","topic":"Women"} 
[2016-11-04 10:55:13] local.INFO: Menu Link :International feeds  of this topic has been called {"url":"http://khabar.fekracomputers.com/api/menu/ar/international/Health","topic":"Health"} 
[2016-11-04 10:55:18] local.INFO: Menu Link :International feeds  of this topic has been called {"url":"http://khabar.fekracomputers.com/api/menu/ar/international/Economics","topic":"Economics"} 
[2016-11-04 10:55:26] local.INFO: Menu Link :International feeds  of this topic has been called {"url":"http://khabar.fekracomputers.com/api/menu/ar/international/Technology","topic":"Technology"} 
[2016-11-04 10:55:29] local.INFO: Menu Link :International feeds  of this topic has been called {"url":"http://khabar.fekracomputers.com/api/menu/ar/international/Cars","topic":"Cars"} 
[2016-11-04 10:55:37] local.INFO: Menu Link :International feeds  of this topic has been called {"url":"http://khabar.fekracomputers.com/api/menu/ar/international/Women","topic":"Women"} 
[2016-11-04 10:55:40] local.INFO: Menu Link :International feeds  of this topic has been called {"url":"http://khabar.fekracomputers.com/api/menu/ar/international/Misc","topic":"Misc"} 
[2016-11-04 10:55:43] local.INFO: Menu Link :International feeds  of this topic has been called {"url":"http://khabar.fekracomputers.com/api/menu/ar/international/Sport","topic":"Sport"} 
[2016-11-04 10:55:51] local.INFO: Menu Link: feeds of the given country has been called {"url":"http://khabar.fekracomputers.com/api/menu/ar/international/categories","country":"international"} 
[2016-11-04 10:56:18] local.INFO: Menu Link: feeds of the given country has been called {"url":"http://khabar.fekracomputers.com/api/menu/ar/eg/categories","country":"eg"} 
[2016-11-04 10:56:50] local.INFO: Saving user  preferences:user preferences Saved {"url":"http://khabar.fekracomputers.com/api/prefs/add","user_email":"dohyseqhabil@gmail.com"} 
[2016-11-04 10:56:53] local.INFO: Last News: User news has been returned  {"url":"http://khabar.fekracomputers.com/api/usernews","email":"dohyseqhabil@gmail.com"} 
[2016-11-04 10:57:05] local.INFO: updating user preferences: user preferences updated {"url":"http://khabar.fekracomputers.com/api/prefs/add","user_email":"dohyseqhabil@gmail.com"} 
[2016-11-04 10:57:34] local.INFO: Feed News: News of the the given feed has been found {"url":"http://khabar.fekracomputers.com/api/news/ar/international/قناة%20سكاي%20نيوز-اقتصاد","feed_title":"قناة سكاي نيوز-اقتصاد"} 
[2016-11-04 11:48:25] local.INFO: Last News: User news has been returned  {"url":"http://khabar.fekracomputers.com/api/usernews","email":"moda.yahia@gmail.com"} 
[2016-11-04 11:49:13] local.INFO: Recent Last News : Recent News of the user has been loaded  {"url":"http://khabar.fekracomputers.com/api/usernews/recent","Email":"moda.yahia@gmail.com"} 
[2016-11-04 11:52:58] local.INFO: Last News: User news has been returned  {"url":"http://khabar.fekracomputers.com/api/usernews","email":"moda.yahia@gmail.com"} 
[2016-11-04 12:17:07] local.INFO: Last News: User news has been returned  {"url":"http://khabar.fekracomputers.com/api/usernews","email":"moda.yahia@gmail.com"} 
[2016-11-04 17:16:19] local.ERROR: Country not found {"url":"http://khabar.fekracomputers.com/api/menu/ar/us","country":"us"} 
[2016-11-04 17:16:24] local.ERROR: Country not found {"url":"http://khabar.fekracomputers.com/api/menu/ar/us","country":"us"} 
[2016-11-04 17:16:30] local.ERROR: Country not found {"url":"http://khabar.fekracomputers.com/api/menu/ar/us","country":"us"} 
[2016-11-04 17:16:53] local.ERROR: Country not found {"url":"http://khabar.fekracomputers.com/api/menu/ar/us","country":"us"} 
[2016-11-04 17:16:57] local.ERROR: Country not found {"url":"http://khabar.fekracomputers.com/api/menu/ar/us","country":"us"} 
[2016-11-04 17:17:01] local.ERROR: Country not found {"url":"http://khabar.fekracomputers.com/api/menu/ar/us","country":"us"} 
[2016-11-04 17:17:03] local.ERROR: Country not found {"url":"http://khabar.fekracomputers.com/api/menu/ar/us","country":"us"} 
[2016-11-04 17:17:06] local.ERROR: Country not found {"url":"http://khabar.fekracomputers.com/api/menu/ar/us","country":"us"} 
[2016-11-04 17:17:17] local.ERROR: Country not found {"url":"http://khabar.fekracomputers.com/api/menu/ar/us","country":"us"} 
[2016-11-04 17:17:21] local.ERROR: Country not found {"url":"http://khabar.fekracomputers.com/api/menu/ar/us","country":"us"} 
[2016-11-04 17:17:23] local.ERROR: Country not found {"url":"http://khabar.fekracomputers.com/api/menu/ar/us","country":"us"} 
[2016-11-04 17:17:26] local.ERROR: Country not found {"url":"http://khabar.fekracomputers.com/api/menu/ar/us","country":"us"} 
[2016-11-04 17:17:31] local.ERROR: Country not found {"url":"http://khabar.fekracomputers.com/api/menu/ar/us","country":"us"} 
[2016-11-04 17:17:50] local.ERROR: Country not found {"url":"http://khabar.fekracomputers.com/api/menu/ar/us","country":"us"} 
[2016-11-04 17:17:57] local.ERROR: Country not found {"url":"http://khabar.fekracomputers.com/api/menu/ar/us","country":"us"} 
[2016-11-04 17:18:03] local.ERROR: Country not found {"url":"http://khabar.fekracomputers.com/api/menu/ar/us","country":"us"} 
[2016-11-04 17:19:06] local.ERROR: Country not found {"url":"http://khabar.fekracomputers.com/api/menu/ar/us","country":"us"} 
[2016-11-04 17:20:10] local.ERROR: Country not found {"url":"http://khabar.fekracomputers.com/api/menu/ar/us","country":"us"} 
[2016-11-04 17:20:16] local.ERROR: Country not found {"url":"http://khabar.fekracomputers.com/api/menu/ar/us","country":"us"} 
[2016-11-04 18:08:58] local.ERROR: Country not found {"url":"http://khabar.fekracomputers.com/api/menu/ar/ru","country":"ru"} 
[2016-11-04 18:09:04] local.ERROR: Country not found {"url":"http://khabar.fekracomputers.com/api/menu/ar/ru","country":"ru"} 
[2016-11-04 18:11:47] local.ERROR: Country not found {"url":"http://khabar.fekracomputers.com/api/menu/ar/us","country":"us"} 
[2016-11-04 18:11:51] local.ERROR: Country not found {"url":"http://khabar.fekracomputers.com/api/menu/ar/us","country":"us"} 
[2016-11-04 18:11:53] local.ERROR: Country not found {"url":"http://khabar.fekracomputers.com/api/menu/ar/us","country":"us"} 
[2016-11-04 18:11:55] local.ERROR: Country not found {"url":"http://khabar.fekracomputers.com/api/menu/ar/us","country":"us"} 
[2016-11-04 18:12:05] local.ERROR: Country not found {"url":"http://khabar.fekracomputers.com/api/menu/ar/us","country":"us"} 
[2016-11-04 18:12:08] local.ERROR: Country not found {"url":"http://khabar.fekracomputers.com/api/menu/ar/us","country":"us"} 
[2016-11-04 18:12:09] local.ERROR: Country not found {"url":"http://khabar.fekracomputers.com/api/menu/ar/ru","country":"ru"} 
[2016-11-04 18:12:16] local.ERROR: Country not found {"url":"http://khabar.fekracomputers.com/api/menu/ar/us","country":"us"} 
[2016-11-04 18:12:20] local.ERROR: Country not found {"url":"http://khabar.fekracomputers.com/api/menu/ar/us","country":"us"} 
[2016-11-04 19:01:55] local.INFO: Menu Link:  Menu has been Called {"url":"http://khabar.fekracomputers.com/api/menu/ar/eg"} 
[2016-11-04 19:02:04] local.INFO: Menu Link: feeds of the given country has been called {"url":"http://khabar.fekracomputers.com/api/menu/ar/eg/categories","country":"eg"} 
[2016-11-04 19:03:32] local.INFO: Saving user  preferences:user preferences Saved {"url":"http://khabar.fekracomputers.com/api/prefs/add","user_email":"ismailriadz@gmail.com"} 
[2016-11-04 19:03:35] local.INFO: Last News: User news has been returned  {"url":"http://khabar.fekracomputers.com/api/usernews","email":"ismailriadz@gmail.com"} 
[2016-11-04 19:04:03] local.ERROR: Country not found {"url":"http://khabar.fekracomputers.com/api/menu/ar/us","country":"us"} 
[2016-11-04 19:04:05] local.ERROR: Country not found {"url":"http://khabar.fekracomputers.com/api/menu/ar/us","country":"us"} 
[2016-11-04 19:04:27] local.ERROR: Country not found {"url":"http://khabar.fekracomputers.com/api/menu/ar/us","country":"us"} 
[2016-11-04 19:04:31] local.ERROR: Country not found {"url":"http://khabar.fekracomputers.com/api/menu/ar/us","country":"us"} 
[2016-11-04 19:04:33] local.ERROR: Country not found {"url":"http://khabar.fekracomputers.com/api/menu/ar/us","country":"us"} 
[2016-11-04 19:04:44] local.ERROR: Country not found {"url":"http://khabar.fekracomputers.com/api/menu/ar/us","country":"us"} 
[2016-11-04 19:04:51] local.ERROR: Country not found {"url":"http://khabar.fekracomputers.com/api/menu/ar/us","country":"us"} 
[2016-11-04 19:04:53] local.ERROR: Country not found {"url":"http://khabar.fekracomputers.com/api/menu/ar/us","country":"us"} 
[2016-11-04 19:12:34] local.INFO: Last News: User news has been returned  {"url":"http://khabar.fekracomputers.com/api/usernews","email":"3504f0574037d001@khabar.fekracomputers.com"} 
[2016-11-04 19:15:17] local.INFO: More Last News : More News of the user has been loaded  {"url":"http://khabar.fekracomputers.com/api/usernews/more","Email":"3504f0574037d001@khabar.fekracomputers.com"} 
[2016-11-04 19:41:24] local.ERROR: Country not found {"url":"http://khabar.fekracomputers.com/api/menu/ar/us","country":"us"} 
[2016-11-04 20:49:33] local.INFO: Menu Link:  Menu has been Called {"url":"http://khabar.fekracomputers.com/api/menu/ar/eg"} 
[2016-11-04 23:15:33] local.INFO: Last News: User news has been returned  {"url":"http://khabar.fekracomputers.com/api/usernews","email":"3504f0574037d001@khabar.fekracomputers.com"} 
[2016-11-04 23:20:28] local.INFO: Last News: User news has been returned  {"url":"http://khabar.fekracomputers.com/api/usernews","email":"3504f0574037d001@khabar.fekracomputers.com"} 
[2016-11-04 23:20:33] local.INFO: Menu Link:  Menu has been Called {"url":"http://khabar.fekracomputers.com/api/menu/ar/eg"} 
[2016-11-04 23:20:38] local.INFO: Menu Link:  Menu has been Called {"url":"http://khabar.fekracomputers.com/api/menu/ar/eg"} 
[2016-11-04 23:20:39] local.INFO: Menu Link:  Menu has been Called {"url":"http://khabar.fekracomputers.com/api/menu/ar/eg"} 
[2016-11-04 23:27:21] local.INFO: Last News: User news has been returned  {"url":"http://khabar.fekracomputers.com/api/usernews","email":"3504f0574037d001@khabar.fekracomputers.com"} 
[2016-11-04 23:27:24] local.INFO: Menu Link:  Menu has been Called {"url":"http://khabar.fekracomputers.com/api/menu/ar/eg"} 
[2016-11-04 23:29:36] local.INFO: Last News: User news has been returned  {"url":"http://khabar.fekracomputers.com/api/usernews","email":"3504f0574037d001@khabar.fekracomputers.com"} 
[2016-11-04 23:29:42] local.INFO: Menu Link:  Menu has been Called {"url":"http://khabar.fekracomputers.com/api/menu/ar/eg"} 
[2016-11-04 23:29:51] local.INFO: updating user preferences: user preferences updated {"url":"http://khabar.fekracomputers.com/api/prefs/add","user_email":"3504f0574037d001@khabar.fekracomputers.com"} 
[2016-11-04 23:29:58] local.INFO: Menu Link:  Menu has been Called {"url":"http://khabar.fekracomputers.com/api/menu/ar/eg"} 
[2016-11-04 23:30:09] local.INFO: updating user preferences: user preferences updated {"url":"http://khabar.fekracomputers.com/api/prefs/add","user_email":"3504f0574037d001@khabar.fekracomputers.com"} 
[2016-11-04 23:33:22] local.INFO: Last News: User news has been returned  {"url":"http://khabar.fekracomputers.com/api/usernews","email":"3504f0574037d001@khabar.fekracomputers.com"} 
[2016-11-04 23:33:29] local.INFO: Menu Link:  Menu has been Called {"url":"http://khabar.fekracomputers.com/api/menu/ar/eg"} 
[2016-11-04 23:33:30] local.INFO: Menu Link:  Menu has been Called {"url":"http://khabar.fekracomputers.com/api/menu/ar/eg"} 
[2016-11-04 23:34:11] local.INFO: Last News: User news has been returned  {"url":"http://khabar.fekracomputers.com/api/usernews","email":"3504f0574037d001@khabar.fekracomputers.com"} 
[2016-11-04 23:34:15] local.INFO: Menu Link:  Menu has been Called {"url":"http://khabar.fekracomputers.com/api/menu/ar/eg"} 
[2016-11-04 23:34:21] local.INFO: updating user preferences: user preferences updated {"url":"http://khabar.fekracomputers.com/api/prefs/add","user_email":"3504f0574037d001@khabar.fekracomputers.com"} 
[2016-11-04 23:37:19] local.INFO: Recent Last News : Recent News of the user has been loaded  {"url":"http://khabar.fekracomputers.com/api/usernews/recent","Email":"3504f0574037d001@khabar.fekracomputers.com"} 
[2016-11-04 23:37:19] local.INFO: Menu Link:  Menu has been Called {"url":"http://khabar.fekracomputers.com/api/menu/ar/eg"} 
[2016-11-04 23:45:01] local.INFO: Last News: User news has been returned  {"url":"http://khabar.fekracomputers.com/api/usernews","email":"3504f0574037d001@khabar.fekracomputers.com"} 
[2016-11-04 23:45:08] local.INFO: Feed News: News of the the given feed has been found {"url":"http://khabar.fekracomputers.com/api/news/ar/international/ويب%20طب","feed_title":"ويب طب"} 
[2016-11-04 23:46:00] local.INFO: Last News: User news has been returned  {"url":"http://khabar.fekracomputers.com/api/usernews","email":"3504f0574037d001@khabar.fekracomputers.com"} 
[2016-11-04 23:46:05] local.INFO: Feed News: News of the the given feed has been found {"url":"http://khabar.fekracomputers.com/api/news/ar/eg/صحيفه%20اليوم%20السابع","feed_title":"صحيفه اليوم السابع"} 
[2016-11-04 23:50:14] local.INFO: Last News: User news has been returned  {"url":"http://khabar.fekracomputers.com/api/usernews","email":"3504f0574037d001@khabar.fekracomputers.com"} 
[2016-11-04 23:50:25] local.INFO: Feed News: News of the the given feed has been found {"url":"http://khabar.fekracomputers.com/api/news/ar/eg/صحيفه%20اليوم%20السابع","feed_title":"صحيفه اليوم السابع"} 
[2016-11-04 23:50:28] local.INFO: Last News: User news has been returned  {"url":"http://khabar.fekracomputers.com/api/usernews","email":"3504f0574037d001@khabar.fekracomputers.com"} 
[2016-11-04 23:50:32] local.INFO: Feed News: News of the the given feed has been found {"url":"http://khabar.fekracomputers.com/api/news/ar/eg/الصباح%20نيوز","feed_title":"الصباح نيوز"} 
[2016-11-04 23:52:14] local.INFO: Feed News: News of the the given feed has been found {"url":"http://khabar.fekracomputers.com/api/news/ar/eg/الصباح%20نيوز","feed_title":"الصباح نيوز"} 
[2016-11-04 23:52:15] local.INFO: Last News: User news has been returned  {"url":"http://khabar.fekracomputers.com/api/usernews","email":"3504f0574037d001@khabar.fekracomputers.com"} 
[2016-11-04 23:52:22] local.INFO: Feed News: News of the the given feed has been found {"url":"http://khabar.fekracomputers.com/api/news/ar/eg/صحيفه%20اليوم%20السابع","feed_title":"صحيفه اليوم السابع"} 
[2016-11-04 23:52:26] local.INFO: Last News: User news has been returned  {"url":"http://khabar.fekracomputers.com/api/usernews","email":"3504f0574037d001@khabar.fekracomputers.com"} 
[2016-11-04 23:52:30] local.INFO: Last News: User news has been returned  {"url":"http://khabar.fekracomputers.com/api/usernews","email":"3504f0574037d001@khabar.fekracomputers.com"} 
[2016-11-04 23:52:33] local.INFO: Feed News: News of the the given feed has been found {"url":"http://khabar.fekracomputers.com/api/news/ar/eg/صحيفه%20اليوم%20السابع","feed_title":"صحيفه اليوم السابع"} 
[2016-11-04 23:52:35] local.INFO: Last News: User news has been returned  {"url":"http://khabar.fekracomputers.com/api/usernews","email":"3504f0574037d001@khabar.fekracomputers.com"} 
[2016-11-04 23:53:04] local.INFO: Last News: User news has been returned  {"url":"http://khabar.fekracomputers.com/api/usernews","email":"3504f0574037d001@khabar.fekracomputers.com"} 
[2016-11-04 23:53:07] local.INFO: Feed News: News of the the given feed has been found {"url":"http://khabar.fekracomputers.com/api/news/ar/eg/صحيفه%20اليوم%20السابع","feed_title":"صحيفه اليوم السابع"} 
[2016-11-04 23:53:17] local.INFO: Last News: User news has been returned  {"url":"http://khabar.fekracomputers.com/api/usernews","email":"3504f0574037d001@khabar.fekracomputers.com"} 
[2016-11-04 23:53:17] local.INFO: Feed News: News of the the given feed has been found {"url":"http://khabar.fekracomputers.com/api/news/ar/eg/صحيفه%20اليوم%20السابع","feed_title":"صحيفه اليوم السابع"} 
[2016-11-04 23:53:34] local.INFO: Last News: User news has been returned  {"url":"http://khabar.fekracomputers.com/api/usernews","email":"3504f0574037d001@khabar.fekracomputers.com"} 
[2016-11-04 23:53:40] local.INFO: Feed News: News of the the given feed has been found {"url":"http://khabar.fekracomputers.com/api/news/ar/eg/الشروق","feed_title":"الشروق"} 
[2016-11-04 23:55:54] local.INFO: Last News: User news has been returned  {"url":"http://khabar.fekracomputers.com/api/usernews","email":"3504f0574037d001@khabar.fekracomputers.com"} 
[2016-11-04 23:55:57] local.INFO: Feed News: News of the the given feed has been found {"url":"http://khabar.fekracomputers.com/api/news/ar/eg/صحيفه%20اليوم%20السابع","feed_title":"صحيفه اليوم السابع"} 
[2016-11-04 23:56:00] local.INFO: Last News: User news has been returned  {"url":"http://khabar.fekracomputers.com/api/usernews","email":"3504f0574037d001@khabar.fekracomputers.com"} 
[2016-11-04 23:56:10] local.INFO: Recent Last News : Recent News of the user has been loaded  {"url":"http://khabar.fekracomputers.com/api/usernews/recent","Email":"3504f0574037d001@khabar.fekracomputers.com"} 
[2016-11-04 23:56:12] local.INFO: Feed News: News of the the given feed has been found {"url":"http://khabar.fekracomputers.com/api/news/ar/eg/الصباح%20نيوز","feed_title":"الصباح نيوز"} 
[2016-11-04 23:56:14] local.INFO: Last News: User news has been returned  {"url":"http://khabar.fekracomputers.com/api/usernews","email":"3504f0574037d001@khabar.fekracomputers.com"} 
[2016-11-04 23:56:37] local.INFO: Feed News: News of the the given feed has been found {"url":"http://khabar.fekracomputers.com/api/news/ar/international/العربية","feed_title":"العربية"} 
[2016-11-04 23:56:38] local.INFO: Last News: User news has been returned  {"url":"http://khabar.fekracomputers.com/api/usernews","email":"3504f0574037d001@khabar.fekracomputers.com"} 
[2016-11-04 23:57:34] local.INFO: Last News: User news has been returned  {"url":"http://khabar.fekracomputers.com/api/usernews","email":"3504f0574037d001@khabar.fekracomputers.com"} 
[2016-11-04 23:57:34] local.INFO: Last News: User news has been returned  {"url":"http://khabar.fekracomputers.com/api/usernews","email":"3504f0574037d001@khabar.fekracomputers.com"} 
[2016-11-04 23:57:37] local.INFO: Feed News: News of the the given feed has been found {"url":"http://khabar.fekracomputers.com/api/news/ar/international/العربية","feed_title":"العربية"} 
[2016-11-04 23:57:39] local.INFO: Last News: User news has been returned  {"url":"http://khabar.fekracomputers.com/api/usernews","email":"3504f0574037d001@khabar.fekracomputers.com"} 
[2016-11-04 23:58:04] local.INFO: Last News: User news has been returned  {"url":"http://khabar.fekracomputers.com/api/usernews","email":"3504f0574037d001@khabar.fekracomputers.com"} 
[2016-11-04 23:58:04] local.INFO: Last News: User news has been returned  {"url":"http://khabar.fekracomputers.com/api/usernews","email":"3504f0574037d001@khabar.fekracomputers.com"} 
[2016-11-04 23:58:10] local.INFO: Last News: User news has been returned  {"url":"http://khabar.fekracomputers.com/api/usernews","email":"3504f0574037d001@khabar.fekracomputers.com"} 
[2016-11-04 23:58:13] local.INFO: Feed News: News of the the given feed has been found {"url":"http://khabar.fekracomputers.com/api/news/ar/eg/صحيفه%20اليوم%20السابع","feed_title":"صحيفه اليوم السابع"} 
[2016-11-04 23:58:55] local.INFO: Last News: User news has been returned  {"url":"http://khabar.fekracomputers.com/api/usernews","email":"3504f0574037d001@khabar.fekracomputers.com"} 
[2016-11-04 23:59:00] local.INFO: Feed News: News of the the given feed has been found {"url":"http://khabar.fekracomputers.com/api/news/ar/eg/صحيفه%20اليوم%20السابع","feed_title":"صحيفه اليوم السابع"} 
[2016-11-04 23:59:02] local.INFO: Last News: User news has been returned  {"url":"http://khabar.fekracomputers.com/api/usernews","email":"3504f0574037d001@khabar.fekracomputers.com"} 
[2016-11-04 23:59:27] local.INFO: Last News: User news has been returned  {"url":"http://khabar.fekracomputers.com/api/usernews","email":"3504f0574037d001@khabar.fekracomputers.com"} 
[2016-11-04 23:59:27] local.INFO: Last News: User news has been returned  {"url":"http://khabar.fekracomputers.com/api/usernews","email":"3504f0574037d001@khabar.fekracomputers.com"} 
[2016-11-04 23:59:39] local.INFO: Feed News: News of the the given feed has been found {"url":"http://khabar.fekracomputers.com/api/news/ar/eg/صحيفه%20اليوم%20السابع","feed_title":"صحيفه اليوم السابع"} 
[2016-11-04 23:59:40] local.INFO: Last News: User news has been returned  {"url":"http://khabar.fekracomputers.com/api/usernews","email":"3504f0574037d001@khabar.fekracomputers.com"} 
[2016-11-04 23:59:51] local.INFO: Last News: User news has been returned  {"url":"http://khabar.fekracomputers.com/api/usernews","email":"3504f0574037d001@khabar.fekracomputers.com"} 
[2016-11-04 23:59:52] local.INFO: Last News: User news has been returned  {"url":"http://khabar.fekracomputers.com/api/usernews","email":"3504f0574037d001@khabar.fekracomputers.com"} 
[2016-11-04 23:59:57] local.INFO: Feed News: News of the the given feed has been found {"url":"http://khabar.fekracomputers.com/api/news/ar/eg/صحيفه%20اليوم%20السابع","feed_title":"صحيفه اليوم السابع"} 
[2016-11-04 23:59:59] local.INFO: Last News: User news has been returned  {"url":"http://khabar.fekracomputers.com/api/usernews","email":"3504f0574037d001@khabar.fekracomputers.com"} 
