[2016-10-25 06:16:05] local.INFO: Menu Link:  Menu has been Called {"url":"http://khabar.fekracomputers.com/api/menu/ar/eg"} 
[2016-10-25 06:16:18] local.ERROR: Getting user preferences: No user found related to the given email {"url":"http://khabar.fekracomputers.com/api/prefs/get","email":"karun.nuchin@airpush.com"} 
[2016-10-25 11:48:20] local.INFO: Menu Link:  Menu has been Called {"url":"http://khabar.fekracomputers.com/api/menu/ar/eg"} 
[2016-10-25 11:49:50] local.INFO: Menu Link:  Menu has been Called {"url":"http://khabar.fekracomputers.com/api/menu/ar/eg"} 
[2016-10-25 11:49:53] local.INFO: Menu Link: feeds of the given country has been called {"url":"http://khabar.fekracomputers.com/api/menu/ar/eg/categories","country":"eg"} 
[2016-10-25 12:57:33] local.INFO: Last News: User news has been returned  {"url":"http://khabar.fekracomputers.com/api/usernews","email":"imam.mostafa@gmail.com"} 
[2016-10-25 13:12:11] local.INFO: Last News: User news has been returned  {"url":"http://khabar.fekracomputers.com/api/usernews","email":"imam.mostafa@gmail.com"} 
[2016-10-25 13:20:39] local.INFO: Last News: User news has been returned  {"url":"http://khabar.fekracomputers.com/api/usernews","email":"imam.mostafa@gmail.com"} 
[2016-10-25 13:34:53] local.INFO: Last News: User news has been returned  {"url":"http://khabar.fekracomputers.com/api/usernews","email":"imam.mostafa@gmail.com"} 
[2016-10-25 13:36:54] local.INFO: More Last News : More News of the user has been loaded  {"url":"http://khabar.fekracomputers.com/api/usernews/more","Email":"imam.mostafa@gmail.com"} 
[2016-10-25 13:44:45] local.INFO: Last News: User news has been returned  {"url":"http://khabar.fekracomputers.com/api/usernews","email":"imam.mostafa@gmail.com"} 
[2016-10-25 13:44:45] local.INFO: Last News: User news has been returned  {"url":"http://khabar.fekracomputers.com/api/usernews","email":"imam.mostafa@gmail.com"} 
[2016-10-25 13:50:57] local.INFO: Last News: User news has been returned  {"url":"http://khabar.fekracomputers.com/api/usernews","email":"imam.mostafa@gmail.com"} 
[2016-10-25 13:52:54] local.INFO: Last News: User news has been returned  {"url":"http://khabar.fekracomputers.com/api/usernews","email":"imam.mostafa@gmail.com"} 
[2016-10-25 13:57:22] local.INFO: Last News: User news has been returned  {"url":"http://khabar.fekracomputers.com/api/usernews","email":"imam.mostafa@gmail.com"} 
[2016-10-25 13:57:22] local.INFO: Last News: User news has been returned  {"url":"http://khabar.fekracomputers.com/api/usernews","email":"imam.mostafa@gmail.com"} 
[2016-10-25 13:58:15] local.INFO: Last News: User news has been returned  {"url":"http://khabar.fekracomputers.com/api/usernews","email":"imam.mostafa@gmail.com"} 
[2016-10-25 14:00:27] local.INFO: Last News: User news has been returned  {"url":"http://khabar.fekracomputers.com/api/usernews","email":"imam.mostafa@gmail.com"} 
[2016-10-25 14:06:31] local.INFO: Last News: User news has been returned  {"url":"http://khabar.fekracomputers.com/api/usernews","email":"imam.mostafa@gmail.com"} 
[2016-10-25 14:06:31] local.INFO: Last News: User news has been returned  {"url":"http://khabar.fekracomputers.com/api/usernews","email":"imam.mostafa@gmail.com"} 
[2016-10-25 14:08:44] local.INFO: Last News: User news has been returned  {"url":"http://khabar.fekracomputers.com/api/usernews","email":"imam.mostafa@gmail.com"} 
[2016-10-25 14:08:45] local.INFO: Last News: User news has been returned  {"url":"http://khabar.fekracomputers.com/api/usernews","email":"imam.mostafa@gmail.com"} 
[2016-10-25 14:15:11] local.INFO: Last News: User news has been returned  {"url":"http://khabar.fekracomputers.com/api/usernews","email":"imam.mostafa@gmail.com"} 
[2016-10-25 14:15:58] local.INFO: Last News: User news has been returned  {"url":"http://khabar.fekracomputers.com/api/usernews","email":"imam.mostafa@gmail.com"} 
[2016-10-25 14:15:58] local.INFO: Last News: User news has been returned  {"url":"http://khabar.fekracomputers.com/api/usernews","email":"imam.mostafa@gmail.com"} 
[2016-10-25 14:16:47] local.INFO: Last News: User news has been returned  {"url":"http://khabar.fekracomputers.com/api/usernews","email":"imam.mostafa@gmail.com"} 
[2016-10-25 14:19:20] local.INFO: Last News: User news has been returned  {"url":"http://khabar.fekracomputers.com/api/usernews","email":"imam.mostafa@gmail.com"} 
[2016-10-25 14:19:31] local.INFO: Last News: User news has been returned  {"url":"http://khabar.fekracomputers.com/api/usernews","email":"imam.mostafa@gmail.com"} 
[2016-10-25 14:22:46] local.INFO: Feed News: News of the the given feed has been found {"url":"http://khabar.fekracomputers.com/api/news/ar/af/مجلة%20حواء","feed_title":"مجلة حواء"} 
[2016-10-25 14:22:54] local.INFO: Last News: User news has been returned  {"url":"http://khabar.fekracomputers.com/api/usernews","email":"imam.mostafa@gmail.com"} 
[2016-10-25 14:22:54] local.INFO: Last News: User news has been returned  {"url":"http://khabar.fekracomputers.com/api/usernews","email":"imam.mostafa@gmail.com"} 
[2016-10-25 14:23:00] local.INFO: Feed News: News of the the given feed has been found {"url":"http://khabar.fekracomputers.com/api/news/ar/eg/صحيفه%20اليوم%20السابع","feed_title":"صحيفه اليوم السابع"} 
[2016-10-25 14:23:11] local.INFO: Last News: User news has been returned  {"url":"http://khabar.fekracomputers.com/api/usernews","email":"imam.mostafa@gmail.com"} 
[2016-10-25 14:23:14] local.INFO: Menu Link:  Menu has been Called {"url":"http://khabar.fekracomputers.com/api/menu/ar/eg"} 
[2016-10-25 14:23:41] local.INFO: updating user preferences: user preferences updated {"url":"http://khabar.fekracomputers.com/api/prefs/add","user_email":"imam.mostafa@gmail.com"} 
[2016-10-25 14:23:41] local.INFO: Last News: User news has been returned  {"url":"http://khabar.fekracomputers.com/api/usernews","email":"imam.mostafa@gmail.com"} 
[2016-10-25 14:24:10] local.INFO: Getting user preferences: User preferences Has been found {"url":"http://khabar.fekracomputers.com/api/prefs/get","email":"ahmed.thinkdifferent@gmail.com"} 
[2016-10-25 14:24:13] local.INFO: Last News: User news has been returned  {"url":"http://khabar.fekracomputers.com/api/usernews","email":"ahmed.thinkdifferent@gmail.com"} 
[2016-10-25 14:27:53] local.INFO: Last News: User news has been returned  {"url":"http://khabar.fekracomputers.com/api/usernews","email":"ahmed.thinkdifferent@gmail.com"} 
[2016-10-25 14:33:10] local.INFO: Last News: User news has been returned  {"url":"http://khabar.fekracomputers.com/api/usernews","email":"malisobh2010@gmail.com"} 
[2016-10-25 14:34:22] local.INFO: Last News: User news has been returned  {"url":"http://khabar.fekracomputers.com/api/usernews","email":"malisobh2010@gmail.com"} 
[2016-10-25 14:34:22] local.INFO: Last News: User news has been returned  {"url":"http://khabar.fekracomputers.com/api/usernews","email":"malisobh2010@gmail.com"} 
[2016-10-25 14:34:37] local.INFO: Last News: User news has been returned  {"url":"http://khabar.fekracomputers.com/api/usernews","email":"malisobh2010@gmail.com"} 
[2016-10-25 14:34:37] local.INFO: Last News: User news has been returned  {"url":"http://khabar.fekracomputers.com/api/usernews","email":"malisobh2010@gmail.com"} 
[2016-10-25 14:36:25] local.INFO: Getting user preferences: User preferences Has been found {"url":"http://khabar.fekracomputers.com/api/prefs/get","email":"moda.yahia@gmail.com"} 
[2016-10-25 14:36:26] local.INFO: Last News: User news has been returned  {"url":"http://khabar.fekracomputers.com/api/usernews","email":"moda.yahia@gmail.com"} 
[2016-10-25 14:36:54] local.INFO: More Last News : More News of the user has been loaded  {"url":"http://khabar.fekracomputers.com/api/usernews/more","Email":"moda.yahia@gmail.com"} 
[2016-10-25 14:37:09] local.INFO: More Last News : More News of the user has been loaded  {"url":"http://khabar.fekracomputers.com/api/usernews/more","Email":"moda.yahia@gmail.com"} 
[2016-10-25 14:41:20] local.INFO: Last News: User news has been returned  {"url":"http://khabar.fekracomputers.com/api/usernews","email":"moda.yahia@gmail.com"} 
[2016-10-25 14:46:35] local.INFO: Getting user preferences: User preferences Has been found {"url":"http://khabar.fekracomputers.com/api/prefs/get","email":"moda.yahia@gmail.com"} 
[2016-10-25 14:46:36] local.INFO: Last News: User news has been returned  {"url":"http://khabar.fekracomputers.com/api/usernews","email":"moda.yahia@gmail.com"} 
[2016-10-25 14:50:53] local.INFO: Getting user preferences: User preferences Has been found {"url":"http://khabar.fekracomputers.com/api/prefs/get","email":"moda.yahia@gmail.com"} 
[2016-10-25 14:50:54] local.INFO: Last News: User news has been returned  {"url":"http://khabar.fekracomputers.com/api/usernews","email":"moda.yahia@gmail.com"} 
[2016-10-25 14:51:44] local.INFO: Recent Last News : Recent News of the user has been loaded  {"url":"http://khabar.fekracomputers.com/api/usernews/recent","Email":"moda.yahia@gmail.com"} 
[2016-10-25 14:52:56] local.INFO: Last News: User news has been returned  {"url":"http://khabar.fekracomputers.com/api/usernews","email":"moda.yahia@gmail.com"} 
[2016-10-25 14:54:08] local.INFO: More Last News : More News of the user has been loaded  {"url":"http://khabar.fekracomputers.com/api/usernews/more","Email":"moda.yahia@gmail.com"} 
[2016-10-25 14:55:52] local.INFO: Getting user preferences: User preferences Has been found {"url":"http://khabar.fekracomputers.com/api/prefs/get","email":"mohand.muhammed@gmail.com"} 
[2016-10-25 14:55:57] local.INFO: Last News: User news has been returned  {"url":"http://khabar.fekracomputers.com/api/usernews","email":"mohand.muhammed@gmail.com"} 
[2016-10-25 14:57:42] local.INFO: More Last News : More News of the user has been loaded  {"url":"http://khabar.fekracomputers.com/api/usernews/more","Email":"mohand.muhammed@gmail.com"} 
[2016-10-25 15:01:26] local.INFO: Feed News: News of the the given feed has been found {"url":"http://khabar.fekracomputers.com/api/news/ar/eg/صحيفه%20الفجر","feed_title":"صحيفه الفجر"} 
[2016-10-25 15:01:30] local.INFO: Menu Link:  Menu has been Called {"url":"http://khabar.fekracomputers.com/api/menu/ar/eg"} 
[2016-10-25 15:01:36] local.INFO: updating user preferences: user preferences updated {"url":"http://khabar.fekracomputers.com/api/prefs/add","user_email":"mohand.muhammed@gmail.com"} 
[2016-10-25 15:01:37] local.INFO: Last News: User news has been returned  {"url":"http://khabar.fekracomputers.com/api/usernews","email":"mohand.muhammed@gmail.com"} 
[2016-10-25 15:01:42] local.INFO: Getting user preferences: User preferences Has been found {"url":"http://khabar.fekracomputers.com/api/prefs/get","email":"ahmed.thinkdifferent@gmail.com"} 
[2016-10-25 15:01:43] local.INFO: Last News: User news has been returned  {"url":"http://khabar.fekracomputers.com/api/usernews","email":"ahmed.thinkdifferent@gmail.com"} 
[2016-10-25 15:06:35] local.INFO: More Last News : More News of the user has been loaded  {"url":"http://khabar.fekracomputers.com/api/usernews/more","Email":"mohand.muhammed@gmail.com"} 
[2016-10-25 15:07:25] local.INFO: Last News: User news has been returned  {"url":"http://khabar.fekracomputers.com/api/usernews","email":"ahmed.thinkdifferent@gmail.com"} 
[2016-10-25 15:08:25] local.INFO: Recent Last News : Recent News of the user has been loaded  {"url":"http://khabar.fekracomputers.com/api/usernews/recent","Email":"ahmed.thinkdifferent@gmail.com"} 
[2016-10-25 15:09:44] local.INFO: More Last News : More News of the user has been loaded  {"url":"http://khabar.fekracomputers.com/api/usernews/more","Email":"mohand.muhammed@gmail.com"} 
[2016-10-25 15:09:52] local.INFO: More Last News : More News of the user has been loaded  {"url":"http://khabar.fekracomputers.com/api/usernews/more","Email":"mohand.muhammed@gmail.com"} 
[2016-10-25 15:11:33] local.INFO: More Last News : More News of the user has been loaded  {"url":"http://khabar.fekracomputers.com/api/usernews/more","Email":"ahmed.thinkdifferent@gmail.com"} 
[2016-10-25 15:12:41] local.INFO: Menu Link:  Menu has been Called {"url":"http://khabar.fekracomputers.com/api/menu/ar/eg"} 
[2016-10-25 15:14:42] local.INFO: Getting user preferences: User preferences Has been found {"url":"http://khabar.fekracomputers.com/api/prefs/get","email":"imam.mostafa@gmail.com"} 
[2016-10-25 15:14:43] local.INFO: Last News: User news has been returned  {"url":"http://khabar.fekracomputers.com/api/usernews","email":"imam.mostafa@gmail.com"} 
[2016-10-25 15:15:36] local.INFO: More Last News : More News of the user has been loaded  {"url":"http://khabar.fekracomputers.com/api/usernews/more","Email":"imam.mostafa@gmail.com"} 
[2016-10-25 15:16:48] local.INFO: Last News: User news has been returned  {"url":"http://khabar.fekracomputers.com/api/usernews","email":"imam.mostafa@gmail.com"} 
[2016-10-25 15:16:48] local.INFO: Last News: User news has been returned  {"url":"http://khabar.fekracomputers.com/api/usernews","email":"imam.mostafa@gmail.com"} 
[2016-10-25 15:17:53] local.INFO: Last News: User news has been returned  {"url":"http://khabar.fekracomputers.com/api/usernews","email":"moda.yahia@gmail.com"} 
[2016-10-25 15:18:04] local.INFO: Recent Last News : Recent News of the user has been loaded  {"url":"http://khabar.fekracomputers.com/api/usernews/recent","Email":"moda.yahia@gmail.com"} 
[2016-10-25 15:19:07] local.INFO: Last News: User news has been returned  {"url":"http://khabar.fekracomputers.com/api/usernews","email":"imam.mostafa@gmail.com"} 
[2016-10-25 15:21:50] local.INFO: Last News: User news has been returned  {"url":"http://khabar.fekracomputers.com/api/usernews","email":"mohand.muhammed@gmail.com"} 
[2016-10-25 15:22:41] local.INFO: More Last News : More News of the user has been loaded  {"url":"http://khabar.fekracomputers.com/api/usernews/more","Email":"imam.mostafa@gmail.com"} 
[2016-10-25 15:23:08] local.INFO: More Last News : More News of the user has been loaded  {"url":"http://khabar.fekracomputers.com/api/usernews/more","Email":"mohand.muhammed@gmail.com"} 
[2016-10-25 15:23:28] local.INFO: More Last News : More News of the user has been loaded  {"url":"http://khabar.fekracomputers.com/api/usernews/more","Email":"mohand.muhammed@gmail.com"} 
[2016-10-25 15:25:59] local.INFO: Last News: User news has been returned  {"url":"http://khabar.fekracomputers.com/api/usernews","email":"mohand.muhammed@gmail.com"} 
[2016-10-25 15:28:28] local.INFO: More Last News : More News of the user has been loaded  {"url":"http://khabar.fekracomputers.com/api/usernews/more","Email":"mohand.muhammed@gmail.com"} 
[2016-10-25 15:29:36] local.INFO: Recent Last News : Recent News of the user has been loaded  {"url":"http://khabar.fekracomputers.com/api/usernews/recent","Email":"imam.mostafa@gmail.com"} 
[2016-10-25 15:59:57] local.INFO: Menu Link :International feeds  of this topic has been called {"url":"http://khabar.fekracomputers.com/api/menu/ar/international/Women","topic":"Women"} 
[2016-10-25 16:00:04] local.INFO: updating user preferences: user preferences updated {"url":"http://khabar.fekracomputers.com/api/prefs/add","user_email":"ahmed.thinkdifferent@gmail.com"} 
[2016-10-25 16:00:05] local.INFO: Last News: User news has been returned  {"url":"http://khabar.fekracomputers.com/api/usernews","email":"ahmed.thinkdifferent@gmail.com"} 
[2016-10-25 16:00:12] local.INFO: Feed News: News of the the given feed has been found {"url":"http://khabar.fekracomputers.com/api/news/ar/eg/التحرير%20الالكترونيه","feed_title":"التحرير الالكترونيه"} 
[2016-10-25 16:00:37] local.INFO: Feed News: News of the the given feed has been found {"url":"http://khabar.fekracomputers.com/api/news/ar/af/مجله%20التكنولوجيا","feed_title":"مجله التكنولوجيا"} 
[2016-10-25 20:18:10] local.INFO: Last News: User news has been returned  {"url":"http://khabar.fekracomputers.com/api/usernews","email":"moda.yahia@gmail.com"} 
[2016-10-25 20:19:18] local.INFO: More Last News : More News of the user has been loaded  {"url":"http://khabar.fekracomputers.com/api/usernews/more","Email":"moda.yahia@gmail.com"} 
[2016-10-25 20:19:52] local.INFO: More Last News : More News of the user has been loaded  {"url":"http://khabar.fekracomputers.com/api/usernews/more","Email":"moda.yahia@gmail.com"} 
