[2016-10-22 00:01:00] local.INFO: Last News: User news has been returned  {"url":"http://khabar.fekracomputers.com/api/usernews","email":"imam.mostafa@gmail.com"} 
[2016-10-22 00:01:14] local.INFO: Last News: User news has been returned  {"url":"http://khabar.fekracomputers.com/api/usernews","email":"imam.mostafa@gmail.com"} 
[2016-10-22 00:01:43] local.INFO: Last News: User news has been returned  {"url":"http://khabar.fekracomputers.com/api/usernews","email":"imam.mostafa@gmail.com"} 
[2016-10-22 00:03:59] local.INFO: Last News: User news has been returned  {"url":"http://khabar.fekracomputers.com/api/usernews","email":"imam.mostafa@gmail.com"} 
[2016-10-22 00:05:17] local.INFO: Last News: User news has been returned  {"url":"http://khabar.fekracomputers.com/api/usernews","email":"imam.mostafa@gmail.com"} 
[2016-10-22 00:05:52] local.INFO: Last News: User news has been returned  {"url":"http://khabar.fekracomputers.com/api/usernews","email":"imam.mostafa@gmail.com"} 
[2016-10-22 00:06:29] local.INFO: Last News: User news has been returned  {"url":"http://khabar.fekracomputers.com/api/usernews","email":"imam.mostafa@gmail.com"} 
[2016-10-22 00:07:16] local.INFO: Last News: User news has been returned  {"url":"http://khabar.fekracomputers.com/api/usernews","email":"imam.mostafa@gmail.com"} 
[2016-10-22 00:07:57] local.INFO: Last News: User news has been returned  {"url":"http://khabar.fekracomputers.com/api/usernews","email":"imam.mostafa@gmail.com"} 
[2016-10-22 00:11:13] local.INFO: Last News: User news has been returned  {"url":"http://khabar.fekracomputers.com/api/usernews","email":"imam.mostafa@gmail.com"} 
[2016-10-22 00:11:44] local.INFO: Recent Last News : Recent News of the user has been loaded  {"url":"http://khabar.fekracomputers.com/api/usernews/recent","Email":"imam.mostafa@gmail.com"} 
[2016-10-22 00:16:37] local.INFO: Last News: User news has been returned  {"url":"http://khabar.fekracomputers.com/api/usernews","email":"imam.mostafa@gmail.com"} 
[2016-10-22 00:16:37] local.INFO: Last News: User news has been returned  {"url":"http://khabar.fekracomputers.com/api/usernews","email":"imam.mostafa@gmail.com"} 
[2016-10-22 00:19:46] local.INFO: More Last News : More News of the user has been loaded  {"url":"http://khabar.fekracomputers.com/api/usernews/more","Email":"imam.mostafa@gmail.com"} 
[2016-10-22 00:24:03] local.INFO: Last News: User news has been returned  {"url":"http://khabar.fekracomputers.com/api/usernews","email":"imam.mostafa@gmail.com"} 
[2016-10-22 00:24:18] local.INFO: More Last News : More News of the user has been loaded  {"url":"http://khabar.fekracomputers.com/api/usernews/more","Email":"imam.mostafa@gmail.com"} 
[2016-10-22 00:27:25] local.INFO: Last News: User news has been returned  {"url":"http://khabar.fekracomputers.com/api/usernews","email":"imam.mostafa@gmail.com"} 
[2016-10-22 00:27:25] local.INFO: Last News: User news has been returned  {"url":"http://khabar.fekracomputers.com/api/usernews","email":"imam.mostafa@gmail.com"} 
[2016-10-22 00:35:57] local.INFO: Last News: User news has been returned  {"url":"http://khabar.fekracomputers.com/api/usernews","email":"imam.mostafa@gmail.com"} 
[2016-10-22 00:35:57] local.INFO: Last News: User news has been returned  {"url":"http://khabar.fekracomputers.com/api/usernews","email":"imam.mostafa@gmail.com"} 
[2016-10-22 00:38:17] local.INFO: Last News: User news has been returned  {"url":"http://khabar.fekracomputers.com/api/usernews","email":"imam.mostafa@gmail.com"} 
[2016-10-22 00:38:17] local.INFO: Last News: User news has been returned  {"url":"http://khabar.fekracomputers.com/api/usernews","email":"imam.mostafa@gmail.com"} 
[2016-10-22 00:42:49] local.INFO: Last News: User news has been returned  {"url":"http://khabar.fekracomputers.com/api/usernews","email":"imam.mostafa@gmail.com"} 
[2016-10-22 00:42:50] local.INFO: Last News: User news has been returned  {"url":"http://khabar.fekracomputers.com/api/usernews","email":"imam.mostafa@gmail.com"} 
[2016-10-22 00:47:24] local.INFO: Last News: User news has been returned  {"url":"http://khabar.fekracomputers.com/api/usernews","email":"imam.mostafa@gmail.com"} 
[2016-10-22 00:47:24] local.INFO: Last News: User news has been returned  {"url":"http://khabar.fekracomputers.com/api/usernews","email":"imam.mostafa@gmail.com"} 
[2016-10-22 00:47:56] local.INFO: More Last News : More News of the user has been loaded  {"url":"http://khabar.fekracomputers.com/api/usernews/more","Email":"imam.mostafa@gmail.com"} 
[2016-10-22 00:48:23] local.INFO: Last News: User news has been returned  {"url":"http://khabar.fekracomputers.com/api/usernews","email":"imam.mostafa@gmail.com"} 
[2016-10-22 00:48:23] local.INFO: Last News: User news has been returned  {"url":"http://khabar.fekracomputers.com/api/usernews","email":"imam.mostafa@gmail.com"} 
[2016-10-22 00:52:40] local.INFO: Last News: User news has been returned  {"url":"http://khabar.fekracomputers.com/api/usernews","email":"imam.mostafa@gmail.com"} 
[2016-10-22 00:52:40] local.INFO: Last News: User news has been returned  {"url":"http://khabar.fekracomputers.com/api/usernews","email":"imam.mostafa@gmail.com"} 
[2016-10-22 00:52:56] local.INFO: Recent Last News : Recent News of the user has been loaded  {"url":"http://khabar.fekracomputers.com/api/usernews/recent","Email":"imam.mostafa@gmail.com"} 
[2016-10-22 00:52:57] local.INFO: Recent Last News : Recent News of the user has been loaded  {"url":"http://khabar.fekracomputers.com/api/usernews/recent","Email":"imam.mostafa@gmail.com"} 
[2016-10-22 00:59:44] local.INFO: Last News: User news has been returned  {"url":"http://khabar.fekracomputers.com/api/usernews","email":"imam.mostafa@gmail.com"} 
[2016-10-22 01:00:38] local.INFO: More Last News : More News of the user has been loaded  {"url":"http://khabar.fekracomputers.com/api/usernews/more","Email":"imam.mostafa@gmail.com"} 
[2016-10-22 01:00:40] local.INFO: Recent Last News : Recent News of the user has been loaded  {"url":"http://khabar.fekracomputers.com/api/usernews/recent","Email":"imam.mostafa@gmail.com"} 
[2016-10-22 01:01:07] local.INFO: Last News: User news has been returned  {"url":"http://khabar.fekracomputers.com/api/usernews","email":"imam.mostafa@gmail.com"} 
[2016-10-22 01:01:07] local.INFO: Last News: User news has been returned  {"url":"http://khabar.fekracomputers.com/api/usernews","email":"imam.mostafa@gmail.com"} 
[2016-10-22 01:05:00] local.INFO: Last News: User news has been returned  {"url":"http://khabar.fekracomputers.com/api/usernews","email":"imam.mostafa@gmail.com"} 
[2016-10-22 01:07:05] local.INFO: More Last News : More News of the user has been loaded  {"url":"http://khabar.fekracomputers.com/api/usernews/more","Email":"imam.mostafa@gmail.com"} 
[2016-10-22 01:08:06] local.INFO: More Last News : More News of the user has been loaded  {"url":"http://khabar.fekracomputers.com/api/usernews/more","Email":"imam.mostafa@gmail.com"} 
[2016-10-22 01:12:41] local.INFO: More Last News : More News of the user has been loaded  {"url":"http://khabar.fekracomputers.com/api/usernews/more","Email":"imam.mostafa@gmail.com"} 
[2016-10-22 01:15:55] local.INFO: Last News: User news has been returned  {"url":"http://khabar.fekracomputers.com/api/usernews","email":"imam.mostafa@gmail.com"} 
[2016-10-22 01:15:56] local.INFO: Last News: User news has been returned  {"url":"http://khabar.fekracomputers.com/api/usernews","email":"imam.mostafa@gmail.com"} 
[2016-10-22 01:16:26] local.INFO: More Last News : More News of the user has been loaded  {"url":"http://khabar.fekracomputers.com/api/usernews/more","Email":"imam.mostafa@gmail.com"} 
[2016-10-22 01:17:12] local.INFO: More Last News : More News of the user has been loaded  {"url":"http://khabar.fekracomputers.com/api/usernews/more","Email":"imam.mostafa@gmail.com"} 
[2016-10-22 01:17:27] local.INFO: More Last News : More News of the user has been loaded  {"url":"http://khabar.fekracomputers.com/api/usernews/more","Email":"imam.mostafa@gmail.com"} 
[2016-10-22 01:17:43] local.INFO: Feed News: News of the the given feed has been found {"url":"http://khabar.fekracomputers.com/api/news/ar/af/مجله%20التكنولوجيا","feed_title":"مجله التكنولوجيا"} 
[2016-10-22 01:19:08] local.INFO: Feed News:More news loaded to this feed {"url":"http://khabar.fekracomputers.com/api/news/ar/eg/مجله%20التكنولوجيا/more/525842/20","feed_title":"مجله التكنولوجيا"} 
[2016-10-22 01:20:00] local.INFO: Feed News: News of the the given feed has been found {"url":"http://khabar.fekracomputers.com/api/news/ar/af/مجلة%20السياحة","feed_title":"مجلة السياحة"} 
[2016-10-22 01:20:33] local.INFO: Feed News: News of the the given feed has been found {"url":"http://khabar.fekracomputers.com/api/news/ar/af/مجلة%20السياحة","feed_title":"مجلة السياحة"} 
[2016-10-22 01:20:55] local.INFO: Last News: User news has been returned  {"url":"http://khabar.fekracomputers.com/api/usernews","email":"imam.mostafa@gmail.com"} 
[2016-10-22 01:22:32] local.INFO: More Last News : More News of the user has been loaded  {"url":"http://khabar.fekracomputers.com/api/usernews/more","Email":"imam.mostafa@gmail.com"} 
[2016-10-22 01:27:28] local.INFO: Last News: User news has been returned  {"url":"http://khabar.fekracomputers.com/api/usernews","email":"imam.mostafa@gmail.com"} 
[2016-10-22 01:27:28] local.INFO: Last News: User news has been returned  {"url":"http://khabar.fekracomputers.com/api/usernews","email":"imam.mostafa@gmail.com"} 
[2016-10-22 01:30:37] local.INFO: More Last News : More News of the user has been loaded  {"url":"http://khabar.fekracomputers.com/api/usernews/more","Email":"imam.mostafa@gmail.com"} 
[2016-10-22 01:30:46] local.INFO: More Last News : More News of the user has been loaded  {"url":"http://khabar.fekracomputers.com/api/usernews/more","Email":"imam.mostafa@gmail.com"} 
[2016-10-22 01:31:31] local.INFO: More Last News : More News of the user has been loaded  {"url":"http://khabar.fekracomputers.com/api/usernews/more","Email":"imam.mostafa@gmail.com"} 
[2016-10-22 01:31:40] local.INFO: More Last News : More News of the user has been loaded  {"url":"http://khabar.fekracomputers.com/api/usernews/more","Email":"imam.mostafa@gmail.com"} 
[2016-10-22 01:32:36] local.INFO: More Last News : More News of the user has been loaded  {"url":"http://khabar.fekracomputers.com/api/usernews/more","Email":"imam.mostafa@gmail.com"} 
[2016-10-22 01:33:00] local.INFO: More Last News : More News of the user has been loaded  {"url":"http://khabar.fekracomputers.com/api/usernews/more","Email":"imam.mostafa@gmail.com"} 
[2016-10-22 01:33:14] local.INFO: Feed News: News of the the given feed has been found {"url":"http://khabar.fekracomputers.com/api/news/ar/af/مجله%20التكنولوجيا","feed_title":"مجله التكنولوجيا"} 
[2016-10-22 01:34:16] local.INFO: Feed News:More news loaded to this feed {"url":"http://khabar.fekracomputers.com/api/news/ar/eg/مجله%20التكنولوجيا/more/525842/20","feed_title":"مجله التكنولوجيا"} 
[2016-10-22 01:34:23] local.INFO: Feed News: News of the the given feed has been found {"url":"http://khabar.fekracomputers.com/api/news/ar/af/مجلة%20السياحة","feed_title":"مجلة السياحة"} 
[2016-10-22 01:37:29] local.INFO: Feed News:More news loaded to this feed {"url":"http://khabar.fekracomputers.com/api/news/ar/eg/مجلة%20السياحة/more/527508/20","feed_title":"مجلة السياحة"} 
[2016-10-22 01:37:34] local.INFO: Feed News: News of the the given feed has been found {"url":"http://khabar.fekracomputers.com/api/news/ar/af/مجلة%20الرياضه","feed_title":"مجلة الرياضه"} 
[2016-10-22 07:43:35] local.INFO: Last News: User news has been returned  {"url":"http://khabar.fekracomputers.com/api/usernews","email":"imam.mostafa@gmail.com"} 
