[2016-11-06 00:01:17] local.INFO: Last News: User news has been returned  {"url":"http://khabar.fekracomputers.com/api/usernews","email":"3504f0574037d001@khabar.fekracomputers.com"} 
[2016-11-06 00:03:38] local.INFO: Last News: User news has been returned  {"url":"http://khabar.fekracomputers.com/api/usernews","email":"3504f0574037d001@khabar.fekracomputers.com"} 
[2016-11-06 00:06:32] local.INFO: Last News: User news has been returned  {"url":"http://khabar.fekracomputers.com/api/usernews","email":"3504f0574037d001@khabar.fekracomputers.com"} 
[2016-11-06 00:06:32] local.INFO: Last News: User news has been returned  {"url":"http://khabar.fekracomputers.com/api/usernews","email":"3504f0574037d001@khabar.fekracomputers.com"} 
[2016-11-06 00:06:46] local.INFO: Last News: User news has been returned  {"url":"http://khabar.fekracomputers.com/api/usernews","email":"3504f0574037d001@khabar.fekracomputers.com"} 
[2016-11-06 00:06:46] local.INFO: Last News: User news has been returned  {"url":"http://khabar.fekracomputers.com/api/usernews","email":"3504f0574037d001@khabar.fekracomputers.com"} 
[2016-11-06 00:13:30] local.INFO: Last News: User news has been returned  {"url":"http://khabar.fekracomputers.com/api/usernews","email":"3504f0574037d001@khabar.fekracomputers.com"} 
[2016-11-06 00:13:56] local.INFO: Last News: User news has been returned  {"url":"http://khabar.fekracomputers.com/api/usernews","email":"3504f0574037d001@khabar.fekracomputers.com"} 
[2016-11-06 00:13:56] local.INFO: Last News: User news has been returned  {"url":"http://khabar.fekracomputers.com/api/usernews","email":"3504f0574037d001@khabar.fekracomputers.com"} 
[2016-11-06 00:14:22] local.INFO: Last News: User news has been returned  {"url":"http://khabar.fekracomputers.com/api/usernews","email":"3504f0574037d001@khabar.fekracomputers.com"} 
[2016-11-06 00:14:22] local.INFO: Last News: User news has been returned  {"url":"http://khabar.fekracomputers.com/api/usernews","email":"3504f0574037d001@khabar.fekracomputers.com"} 
[2016-11-06 00:14:23] local.INFO: Last News: User news has been returned  {"url":"http://khabar.fekracomputers.com/api/usernews","email":"3504f0574037d001@khabar.fekracomputers.com"} 
[2016-11-06 00:14:23] local.INFO: Last News: User news has been returned  {"url":"http://khabar.fekracomputers.com/api/usernews","email":"3504f0574037d001@khabar.fekracomputers.com"} 
[2016-11-06 00:14:50] local.INFO: Last News: User news has been returned  {"url":"http://khabar.fekracomputers.com/api/usernews","email":"3504f0574037d001@khabar.fekracomputers.com"} 
[2016-11-06 00:14:50] local.INFO: Last News: User news has been returned  {"url":"http://khabar.fekracomputers.com/api/usernews","email":"3504f0574037d001@khabar.fekracomputers.com"} 
[2016-11-06 00:24:54] local.INFO: Last News: User news has been returned  {"url":"http://khabar.fekracomputers.com/api/usernews","email":"3504f0574037d001@khabar.fekracomputers.com"} 
[2016-11-06 00:24:55] local.INFO: Last News: User news has been returned  {"url":"http://khabar.fekracomputers.com/api/usernews","email":"3504f0574037d001@khabar.fekracomputers.com"} 
[2016-11-06 00:36:47] local.INFO: Last News: User news has been returned  {"url":"http://khabar.fekracomputers.com/api/usernews","email":"3504f0574037d001@khabar.fekracomputers.com"} 
[2016-11-06 00:39:37] local.INFO: Last News: User news has been returned  {"url":"http://khabar.fekracomputers.com/api/usernews","email":"3504f0574037d001@khabar.fekracomputers.com"} 
[2016-11-06 00:40:42] local.INFO: Last News: User news has been returned  {"url":"http://khabar.fekracomputers.com/api/usernews","email":"3504f0574037d001@khabar.fekracomputers.com"} 
[2016-11-06 00:52:32] local.INFO: Last News: User news has been returned  {"url":"http://khabar.fekracomputers.com/api/usernews","email":"3504f0574037d001@khabar.fekracomputers.com"} 
[2016-11-06 00:55:22] local.INFO: Last News: User news has been returned  {"url":"http://khabar.fekracomputers.com/api/usernews","email":"3504f0574037d001@khabar.fekracomputers.com"} 
[2016-11-06 00:56:39] local.INFO: Last News: User news has been returned  {"url":"http://khabar.fekracomputers.com/api/usernews","email":"3504f0574037d001@khabar.fekracomputers.com"} 
[2016-11-06 00:56:43] local.INFO: Last News: User news has been returned  {"url":"http://khabar.fekracomputers.com/api/usernews","email":"3504f0574037d001@khabar.fekracomputers.com"} 
[2016-11-06 00:56:43] local.INFO: Last News: User news has been returned  {"url":"http://khabar.fekracomputers.com/api/usernews","email":"3504f0574037d001@khabar.fekracomputers.com"} 
[2016-11-06 00:56:47] local.INFO: Recent Last News : Recent News of the user has been loaded  {"url":"http://khabar.fekracomputers.com/api/usernews/recent","Email":"3504f0574037d001@khabar.fekracomputers.com"} 
[2016-11-06 01:02:34] local.INFO: Menu Link:  Menu has been Called {"url":"http://khabar.fekracomputers.com/api/menu/ar/eg"} 
[2016-11-06 01:02:51] local.INFO: Menu Link: feeds of the given country has been called {"url":"http://khabar.fekracomputers.com/api/menu/ar/eg/categories","country":"eg"} 
[2016-11-06 01:04:45] local.INFO: Menu Link :International feeds  of this topic has been called {"url":"http://khabar.fekracomputers.com/api/menu/ar/international/Economics","topic":"Economics"} 
[2016-11-06 01:05:19] local.INFO: Menu Link :International feeds  of this topic has been called {"url":"http://khabar.fekracomputers.com/api/menu/ar/international/Economics","topic":"Economics"} 
[2016-11-06 01:05:27] local.INFO: Menu Link :International feeds  of this topic has been called {"url":"http://khabar.fekracomputers.com/api/menu/ar/international/Health","topic":"Health"} 
[2016-11-06 01:05:46] local.INFO: Menu Link :International feeds  of this topic has been called {"url":"http://khabar.fekracomputers.com/api/menu/ar/international/Misc","topic":"Misc"} 
[2016-11-06 01:06:46] local.INFO: Menu Link:  Menu has been Called {"url":"http://khabar.fekracomputers.com/api/menu/ar/eg"} 
[2016-11-06 08:31:04] local.INFO: Last News: User news has been returned  {"url":"http://khabar.fekracomputers.com/api/usernews","email":"3504f0574037d001@khabar.fekracomputers.com"} 
[2016-11-06 08:33:08] local.INFO: Menu Link:  Menu has been Called {"url":"http://khabar.fekracomputers.com/api/menu/ar/eg"} 
[2016-11-06 08:33:40] local.INFO: updating user preferences: user preferences updated {"url":"http://khabar.fekracomputers.com/api/prefs/add","user_email":"3504f0574037d001@khabar.fekracomputers.com"} 
[2016-11-06 08:33:48] local.INFO: Menu Link:  Menu has been Called {"url":"http://khabar.fekracomputers.com/api/menu/ar/eg"} 
[2016-11-06 08:33:59] local.INFO: updating user preferences: user preferences updated {"url":"http://khabar.fekracomputers.com/api/prefs/add","user_email":"3504f0574037d001@khabar.fekracomputers.com"} 
[2016-11-06 08:34:36] local.INFO: Feed News: News of the the given feed has been found {"url":"http://khabar.fekracomputers.com/api/news/ar/international/فرانس%2024","feed_title":"فرانس 24"} 
[2016-11-06 08:35:30] local.INFO: Last News: User news has been returned  {"url":"http://khabar.fekracomputers.com/api/usernews","email":"3504f0574037d001@khabar.fekracomputers.com"} 
[2016-11-06 08:55:48] local.INFO: Menu Link:  Menu has been Called {"url":"http://khabar.fekracomputers.com/api/menu/ar/eg"} 
[2016-11-06 08:58:07] local.INFO: Menu Link: feeds of the given country has been called {"url":"http://khabar.fekracomputers.com/api/menu/ar/eg/categories","country":"eg"} 
[2016-11-06 08:58:30] local.INFO: Menu Link :International feeds  of this topic has been called {"url":"http://khabar.fekracomputers.com/api/menu/ar/international/Economics","topic":"Economics"} 
[2016-11-06 08:58:46] local.INFO: updating user preferences: user preferences updated {"url":"http://khabar.fekracomputers.com/api/prefs/add","user_email":"mohand.muhammed@hotmail.com"} 
[2016-11-06 08:58:49] local.INFO: Last News: User news has been returned  {"url":"http://khabar.fekracomputers.com/api/usernews","email":"mohand.muhammed@hotmail.com"} 
[2016-11-06 08:59:01] local.INFO: Feed News: News of the the given feed has been found {"url":"http://khabar.fekracomputers.com/api/news/ar/eg/صحيفه%20الفجر","feed_title":"صحيفه الفجر"} 
[2016-11-06 08:59:07] local.INFO: Feed News: News of the the given feed has been found {"url":"http://khabar.fekracomputers.com/api/news/ar/eg/بوابه%20أخبار%20اليوم","feed_title":"بوابه أخبار اليوم"} 
[2016-11-06 08:59:13] local.INFO: Feed News: News of the the given feed has been found {"url":"http://khabar.fekracomputers.com/api/news/ar/af/مجله%20التكنولوجيا","feed_title":"مجله التكنولوجيا"} 
[2016-11-06 09:00:47] local.INFO: Feed News:More news loaded to this feed {"url":"http://khabar.fekracomputers.com/api/news/ar/eg/مجله%20التكنولوجيا/more/905575/20","feed_title":"مجله التكنولوجيا"} 
[2016-11-06 09:00:57] local.INFO: Feed News:More news loaded to this feed {"url":"http://khabar.fekracomputers.com/api/news/ar/eg/مجله%20التكنولوجيا/recent/1002320/20","feed_title":"مجله التكنولوجيا"} 
[2016-11-06 09:01:01] local.INFO: Feed News: News of the the given feed has been found {"url":"http://khabar.fekracomputers.com/api/news/ar/af/مجلة%20الرياضه","feed_title":"مجلة الرياضه"} 
[2016-11-06 09:01:40] local.INFO: Feed News: News of the the given feed has been found {"url":"http://khabar.fekracomputers.com/api/news/ar/af/مجلة%20السيارات","feed_title":"مجلة السيارات"} 
[2016-11-06 09:01:41] local.INFO: Feed News:More news loaded to this feed {"url":"http://khabar.fekracomputers.com/api/news/ar/eg/مجلة%20السيارات/more/904728/20","feed_title":"مجلة السيارات"} 
[2016-11-06 09:01:47] local.INFO: Feed News: News of the the given feed has been found {"url":"http://khabar.fekracomputers.com/api/news/ar/af/مجلة%20الرياضه","feed_title":"مجلة الرياضه"} 
[2016-11-06 09:02:52] local.INFO: Menu Link:  Menu has been Called {"url":"http://khabar.fekracomputers.com/api/menu/ar/eg"} 
[2016-11-06 09:02:54] local.INFO: updating user preferences: user preferences updated {"url":"http://khabar.fekracomputers.com/api/prefs/add","user_email":"mohand.muhammed@hotmail.com"} 
[2016-11-06 09:02:56] local.INFO: Last News: User news has been returned  {"url":"http://khabar.fekracomputers.com/api/usernews","email":"mohand.muhammed@hotmail.com"} 
[2016-11-06 09:04:03] local.INFO: Feed News: News of the the given feed has been found {"url":"http://khabar.fekracomputers.com/api/news/ar/af/مجلة%20السيارات","feed_title":"مجلة السيارات"} 
[2016-11-06 09:04:04] local.INFO: Feed News:More news loaded to this feed {"url":"http://khabar.fekracomputers.com/api/news/ar/eg/مجلة%20السيارات/more/904728/20","feed_title":"مجلة السيارات"} 
[2016-11-06 09:33:00] local.INFO: Menu Link:  Menu has been Called {"url":"http://khabar.fekracomputers.com/api/menu/ar/eg"} 
[2016-11-06 09:33:02] local.INFO: updating user preferences: user preferences updated {"url":"http://khabar.fekracomputers.com/api/prefs/add","user_email":"mohand.muhammed@hotmail.com"} 
[2016-11-06 09:33:04] local.INFO: Menu Link:  Menu has been Called {"url":"http://khabar.fekracomputers.com/api/menu/ar/eg"} 
[2016-11-06 09:33:05] local.INFO: updating user preferences: user preferences updated {"url":"http://khabar.fekracomputers.com/api/prefs/add","user_email":"mohand.muhammed@hotmail.com"} 
[2016-11-06 09:33:06] local.INFO: Menu Link:  Menu has been Called {"url":"http://khabar.fekracomputers.com/api/menu/ar/eg"} 
[2016-11-06 09:33:08] local.INFO: Menu Link :International feeds  of this topic has been called {"url":"http://khabar.fekracomputers.com/api/menu/ar/international/Health","topic":"Health"} 
[2016-11-06 09:33:14] local.INFO: Last News: User news has been returned  {"url":"http://khabar.fekracomputers.com/api/usernews","email":"mohand.muhammed@hotmail.com"} 
[2016-11-06 09:43:16] local.INFO: Last News: User news has been returned  {"url":"http://khabar.fekracomputers.com/api/usernews","email":"3504f0574037d001@khabar.fekracomputers.com"} 
[2016-11-06 10:03:00] local.INFO: Menu Link:  Menu has been Called {"url":"http://khabar.fekracomputers.com/api/menu/ar/eg"} 
[2016-11-06 10:03:07] local.INFO: Menu Link: feeds of the given country has been called {"url":"http://khabar.fekracomputers.com/api/menu/ar/eg/categories","country":"eg"} 
[2016-11-06 10:06:25] local.INFO: Last News: User news has been returned  {"url":"http://khabar.fekracomputers.com/api/usernews","email":"37a1067c171b1f42@khabar.fekracomputers.com"} 
[2016-11-06 10:06:28] local.INFO: Menu Link:  Menu has been Called {"url":"http://khabar.fekracomputers.com/api/menu/ar/eg"} 
[2016-11-06 10:06:32] local.INFO: Menu Link: feeds of the given country has been called {"url":"http://khabar.fekracomputers.com/api/menu/ar/eg/categories","country":"eg"} 
[2016-11-06 10:06:38] local.INFO: Menu Link:  Menu has been Called {"url":"http://khabar.fekracomputers.com/api/menu/ar/eg"} 
[2016-11-06 10:06:40] local.INFO: Menu Link: feeds of the given country has been called {"url":"http://khabar.fekracomputers.com/api/menu/ar/eg/categories","country":"eg"} 
[2016-11-06 10:06:44] local.INFO: updating user preferences: user preferences updated {"url":"http://khabar.fekracomputers.com/api/prefs/add","user_email":"37a1067c171b1f42@khabar.fekracomputers.com"} 
[2016-11-06 10:10:44] local.INFO: Last News: User news has been returned  {"url":"http://khabar.fekracomputers.com/api/usernews","email":"37a1067c171b1f42@khabar.fekracomputers.com"} 
[2016-11-06 10:12:35] local.INFO: Last News: User news has been returned  {"url":"http://khabar.fekracomputers.com/api/usernews","email":"37a1067c171b1f42@khabar.fekracomputers.com"} 
[2016-11-06 10:18:30] local.INFO: Last News: User news has been returned  {"url":"http://khabar.fekracomputers.com/api/usernews","email":"37a1067c171b1f42@khabar.fekracomputers.com"} 
[2016-11-06 10:19:48] local.INFO: Last News: User news has been returned  {"url":"http://khabar.fekracomputers.com/api/usernews","email":"37a1067c171b1f42@khabar.fekracomputers.com"} 
[2016-11-06 10:26:45] local.INFO: Last News: User news has been returned  {"url":"http://khabar.fekracomputers.com/api/usernews","email":"37a1067c171b1f42@khabar.fekracomputers.com"} 
[2016-11-06 10:27:15] local.INFO: Last News: User news has been returned  {"url":"http://khabar.fekracomputers.com/api/usernews","email":"37a1067c171b1f42@khabar.fekracomputers.com"} 
[2016-11-06 10:40:03] local.INFO: Last News: User news has been returned  {"url":"http://khabar.fekracomputers.com/api/usernews","email":"37a1067c171b1f42@khabar.fekracomputers.com"} 
[2016-11-06 10:43:20] local.INFO: Last News: User news has been returned  {"url":"http://khabar.fekracomputers.com/api/usernews","email":"37a1067c171b1f42@khabar.fekracomputers.com"} 
[2016-11-06 10:47:23] local.INFO: Last News: User news has been returned  {"url":"http://khabar.fekracomputers.com/api/usernews","email":"37a1067c171b1f42@khabar.fekracomputers.com"} 
[2016-11-06 10:52:34] local.INFO: Last News: User news has been returned  {"url":"http://khabar.fekracomputers.com/api/usernews","email":"37a1067c171b1f42@khabar.fekracomputers.com"} 
[2016-11-06 10:54:14] local.INFO: Last News: User news has been returned  {"url":"http://khabar.fekracomputers.com/api/usernews","email":"37a1067c171b1f42@khabar.fekracomputers.com"} 
[2016-11-06 10:57:11] local.INFO: Last News: User news has been returned  {"url":"http://khabar.fekracomputers.com/api/usernews","email":"37a1067c171b1f42@khabar.fekracomputers.com"} 
[2016-11-06 10:57:12] local.INFO: Last News: User news has been returned  {"url":"http://khabar.fekracomputers.com/api/usernews","email":"3504f0574037d001@khabar.fekracomputers.com"} 
[2016-11-06 10:59:05] local.INFO: Last News: User news has been returned  {"url":"http://khabar.fekracomputers.com/api/usernews","email":"37a1067c171b1f42@khabar.fekracomputers.com"} 
[2016-11-06 11:03:05] local.ERROR: Country not found {"url":"http://khabar.fekracomputers.com/api/menu/ar/ma","country":"ma"} 
[2016-11-06 11:03:13] local.ERROR: Country not found {"url":"http://khabar.fekracomputers.com/api/menu/ar/ma","country":"ma"} 
[2016-11-06 11:03:16] local.ERROR: Country not found {"url":"http://khabar.fekracomputers.com/api/menu/ar/ma","country":"ma"} 
[2016-11-06 11:03:24] local.ERROR: Country not found {"url":"http://khabar.fekracomputers.com/api/menu/ar/ma","country":"ma"} 
[2016-11-06 11:03:53] local.INFO: Last News: User news has been returned  {"url":"http://khabar.fekracomputers.com/api/usernews","email":"moda.yahia@gmail.com"} 
[2016-11-06 11:04:58] local.INFO: More Last News : More News of the user has been loaded  {"url":"http://khabar.fekracomputers.com/api/usernews/more","Email":"moda.yahia@gmail.com"} 
[2016-11-06 11:18:20] local.INFO: Last News: User news has been returned  {"url":"http://khabar.fekracomputers.com/api/usernews","email":"37a1067c171b1f42@khabar.fekracomputers.com"} 
[2016-11-06 11:20:14] local.INFO: Last News: User news has been returned  {"url":"http://khabar.fekracomputers.com/api/usernews","email":"37a1067c171b1f42@khabar.fekracomputers.com"} 
[2016-11-06 11:21:26] local.INFO: Last News: User news has been returned  {"url":"http://khabar.fekracomputers.com/api/usernews","email":"37a1067c171b1f42@khabar.fekracomputers.com"} 
[2016-11-06 11:23:18] local.INFO: Last News: User news has been returned  {"url":"http://khabar.fekracomputers.com/api/usernews","email":"37a1067c171b1f42@khabar.fekracomputers.com"} 
[2016-11-06 12:42:31] local.INFO: Menu Link:  Menu has been Called {"url":"http://khabar.fekracomputers.com/api/menu/ar/eg"} 
[2016-11-06 12:42:33] local.INFO: Menu Link :International feeds  of this topic has been called {"url":"http://khabar.fekracomputers.com/api/menu/ar/international/Economics","topic":"Economics"} 
[2016-11-06 12:42:53] local.INFO: Last News: User news has been returned  {"url":"http://khabar.fekracomputers.com/api/usernews","email":"37a1067c171b1f42@khabar.fekracomputers.com"} 
[2016-11-06 12:42:53] local.INFO: Last News: User news has been returned  {"url":"http://khabar.fekracomputers.com/api/usernews","email":"37a1067c171b1f42@khabar.fekracomputers.com"} 
[2016-11-06 12:48:14] local.INFO: More Last News : More News of the user has been loaded  {"url":"http://khabar.fekracomputers.com/api/usernews/more","Email":"37a1067c171b1f42@khabar.fekracomputers.com"} 
[2016-11-06 12:48:34] local.INFO: Last News: User news has been returned  {"url":"http://khabar.fekracomputers.com/api/usernews","email":"37a1067c171b1f42@khabar.fekracomputers.com"} 
[2016-11-06 13:00:08] local.INFO: Feed News: News of the the given feed has been found {"url":"http://khabar.fekracomputers.com/api/news/ar/af/مجله%20التكنولوجيا","feed_title":"مجله التكنولوجيا"} 
[2016-11-06 13:00:14] local.INFO: Feed News: News of the the given feed has been found {"url":"http://khabar.fekracomputers.com/api/news/ar/af/مجلة%20السيارات","feed_title":"مجلة السيارات"} 
[2016-11-06 13:00:15] local.INFO: Feed News:More news loaded to this feed {"url":"http://khabar.fekracomputers.com/api/news/ar/eg/مجلة%20السيارات/more/904728/20","feed_title":"مجلة السيارات"} 
[2016-11-06 13:00:21] local.INFO: Feed News: News of the the given feed has been found {"url":"http://khabar.fekracomputers.com/api/news/ar/af/مجلة%20السيارات","feed_title":"مجلة السيارات"} 
[2016-11-06 13:00:22] local.INFO: Feed News:More news loaded to this feed {"url":"http://khabar.fekracomputers.com/api/news/ar/eg/مجلة%20السيارات/more/904728/20","feed_title":"مجلة السيارات"} 
[2016-11-06 13:00:23] local.INFO: Feed News:More news loaded to this feed {"url":"http://khabar.fekracomputers.com/api/news/ar/eg/مجلة%20السيارات/recent/910085/20","feed_title":"مجلة السيارات"} 
[2016-11-06 13:00:27] local.INFO: Feed News: News of the the given feed has been found {"url":"http://khabar.fekracomputers.com/api/news/ar/af/مجلة%20العلوم","feed_title":"مجلة العلوم"} 
[2016-11-06 13:00:34] local.INFO: Feed News: News of the the given feed has been found {"url":"http://khabar.fekracomputers.com/api/news/ar/af/مجلة%20الصحة","feed_title":"مجلة الصحة"} 
[2016-11-06 13:01:15] local.INFO: Recent Last News : Recent News of the user has been loaded  {"url":"http://khabar.fekracomputers.com/api/usernews/recent","Email":"37a1067c171b1f42@khabar.fekracomputers.com"} 
[2016-11-06 13:01:30] local.INFO: Recent Last News : Recent News of the user has been loaded  {"url":"http://khabar.fekracomputers.com/api/usernews/recent","Email":"37a1067c171b1f42@khabar.fekracomputers.com"} 
[2016-11-06 13:01:33] local.INFO: Recent Last News : Recent News of the user has been loaded  {"url":"http://khabar.fekracomputers.com/api/usernews/recent","Email":"37a1067c171b1f42@khabar.fekracomputers.com"} 
[2016-11-06 13:01:35] local.INFO: Recent Last News : Recent News of the user has been loaded  {"url":"http://khabar.fekracomputers.com/api/usernews/recent","Email":"37a1067c171b1f42@khabar.fekracomputers.com"} 
[2016-11-06 13:03:29] local.INFO: Feed News: News of the the given feed has been found {"url":"http://khabar.fekracomputers.com/api/news/ar/eg/الصباح%20نيوز","feed_title":"الصباح نيوز"} 
[2016-11-06 13:03:36] local.INFO: Last News: User news has been returned  {"url":"http://khabar.fekracomputers.com/api/usernews","email":"37a1067c171b1f42@khabar.fekracomputers.com"} 
[2016-11-06 13:03:42] local.INFO: Feed News: News of the the given feed has been found {"url":"http://khabar.fekracomputers.com/api/news/ar/eg/صحيفه%20الموجز%20الالكترونيه","feed_title":"صحيفه الموجز الالكترونيه"} 
[2016-11-06 13:03:46] local.INFO: Last News: User news has been returned  {"url":"http://khabar.fekracomputers.com/api/usernews","email":"37a1067c171b1f42@khabar.fekracomputers.com"} 
[2016-11-06 13:04:34] local.INFO: User Bookmark: User bookmark has been loaded  {"url":"http://khabar.fekracomputers.com/api/getnews"} 
[2016-11-06 13:21:03] local.INFO: Last News: User news has been returned  {"url":"http://khabar.fekracomputers.com/api/usernews","email":"37a1067c171b1f42@khabar.fekracomputers.com"} 
[2016-11-06 13:22:43] local.INFO: Feed News: News of the the given feed has been found {"url":"http://khabar.fekracomputers.com/api/news/ar/af/مجله%20التكنولوجيا","feed_title":"مجله التكنولوجيا"} 
[2016-11-06 13:23:09] local.INFO: updating user preferences: user preferences updated {"url":"http://khabar.fekracomputers.com/api/prefs/add","user_email":"37a1067c171b1f42@khabar.fekracomputers.com"} 
[2016-11-06 13:23:15] local.INFO: Getting user preferences: User preferences Has been found {"url":"http://khabar.fekracomputers.com/api/prefs/get","email":"thesward_6000@hotmail.com"} 
[2016-11-06 13:23:17] local.INFO: updating user preferences: user preferences updated {"url":"http://khabar.fekracomputers.com/api/prefs/add","user_email":"thesward_6000@hotmail.com"} 
[2016-11-06 13:23:29] local.INFO: Getting user preferences: User preferences Has been found {"url":"http://khabar.fekracomputers.com/api/prefs/get","email":"abdallahsobh9@gmail.com"} 
[2016-11-06 13:23:40] local.INFO: Menu Link:  Menu has been Called {"url":"http://khabar.fekracomputers.com/api/menu/ar/eg"} 
[2016-11-06 13:23:42] local.INFO: updating user preferences: user preferences updated {"url":"http://khabar.fekracomputers.com/api/prefs/add","user_email":"abdallahsobh9@gmail.com"} 
[2016-11-06 13:23:51] local.INFO: updating user preferences: user preferences updated {"url":"http://khabar.fekracomputers.com/api/prefs/add","user_email":"abdallahsobh9@gmail.com"} 
[2016-11-06 13:24:27] local.INFO: updating user preferences: user preferences updated {"url":"http://khabar.fekracomputers.com/api/prefs/add","user_email":"abdallahsobh9@gmail.com"} 
[2016-11-06 13:25:14] local.INFO: Getting user preferences: User preferences Has been found {"url":"http://khabar.fekracomputers.com/api/prefs/get","email":"thesward6000@gmail.com"} 
[2016-11-06 13:30:55] local.INFO: More Last News : More News of the user has been loaded  {"url":"http://khabar.fekracomputers.com/api/usernews/more","Email":"37a1067c171b1f42@khabar.fekracomputers.com"} 
[2016-11-06 13:34:32] local.INFO: User Bookmark: User bookmark has been loaded  {"url":"http://khabar.fekracomputers.com/api/getnews"} 
[2016-11-06 13:34:39] local.INFO: Last News: User news has been returned  {"url":"http://khabar.fekracomputers.com/api/usernews","email":"thesward6000@gmail.com"} 
[2016-11-06 13:34:40] local.INFO: User Bookmark: User bookmark has been loaded  {"url":"http://khabar.fekracomputers.com/api/getnews"} 
[2016-11-06 13:38:57] local.INFO: Menu Link:  Menu has been Called {"url":"http://khabar.fekracomputers.com/api/menu/ar/eg"} 
[2016-11-06 13:38:59] local.INFO: Menu Link :International feeds  of this topic has been called {"url":"http://khabar.fekracomputers.com/api/menu/ar/international/Economics","topic":"Economics"} 
[2016-11-06 13:39:01] local.INFO: Menu Link :International feeds  of this topic has been called {"url":"http://khabar.fekracomputers.com/api/menu/ar/international/Cars","topic":"Cars"} 
[2016-11-06 13:39:05] local.INFO: User Bookmark: User bookmark has been loaded  {"url":"http://khabar.fekracomputers.com/api/getnews"} 
[2016-11-06 13:39:05] local.INFO: Last News: User news has been returned  {"url":"http://khabar.fekracomputers.com/api/usernews","email":"thesward6000@gmail.com"} 
[2016-11-06 14:37:57] local.INFO: Last News: User news has been returned  {"url":"http://khabar.fekracomputers.com/api/usernews","email":"3504f0574037d001@khabar.fekracomputers.com"} 
[2016-11-06 14:38:06] local.INFO: Feed News: News of the the given feed has been found {"url":"http://khabar.fekracomputers.com/api/news/ar/eg/صحيفه%20اليوم%20السابع","feed_title":"صحيفه اليوم السابع"} 
[2016-11-06 14:38:13] local.INFO: User Bookmark: User bookmark has been loaded  {"url":"http://khabar.fekracomputers.com/api/getnews"} 
[2016-11-06 14:57:24] local.INFO: Last News: User news has been returned  {"url":"http://khabar.fekracomputers.com/api/usernews","email":"3504f0574037d001@khabar.fekracomputers.com"} 
[2016-11-06 15:02:53] local.INFO: Last News: User news has been returned  {"url":"http://khabar.fekracomputers.com/api/usernews","email":"3504f0574037d001@khabar.fekracomputers.com"} 
[2016-11-06 15:15:01] local.INFO: Last News: User news has been returned  {"url":"http://khabar.fekracomputers.com/api/usernews","email":"3504f0574037d001@khabar.fekracomputers.com"} 
[2016-11-06 15:37:01] local.INFO: Last News: User news has been returned  {"url":"http://khabar.fekracomputers.com/api/usernews","email":"thesward6000@gmail.com"} 
[2016-11-06 15:37:01] local.INFO: Last News: User news has been returned  {"url":"http://khabar.fekracomputers.com/api/usernews","email":"thesward6000@gmail.com"} 
[2016-11-06 21:03:15] local.INFO: Menu Link:  Menu has been Called {"url":"http://khabar.fekracomputers.com/api/menu/ar/eg"} 
[2016-11-06 21:03:22] local.INFO: Menu Link: feeds of the given country has been called {"url":"http://khabar.fekracomputers.com/api/menu/ar/eg/categories","country":"eg"} 
[2016-11-06 21:04:11] local.INFO: Saving user  preferences:user preferences Saved {"url":"http://khabar.fekracomputers.com/api/prefs/add","user_email":"awoodfathy5@gmail.com"} 
[2016-11-06 21:04:14] local.INFO: Last News: User news has been returned  {"url":"http://khabar.fekracomputers.com/api/usernews","email":"awoodfathy5@gmail.com"} 
[2016-11-06 21:06:37] local.INFO: Last News: User news has been returned  {"url":"http://khabar.fekracomputers.com/api/usernews","email":"moda.yahia@gmail.com"} 
[2016-11-06 21:06:45] local.INFO: Last News: User news has been returned  {"url":"http://khabar.fekracomputers.com/api/usernews","email":"moda.yahia@gmail.com"} 
[2016-11-06 21:13:06] local.INFO: Last News: User news has been returned  {"url":"http://khabar.fekracomputers.com/api/usernews","email":"awoodfathy5@gmail.com"} 
[2016-11-06 21:14:37] local.INFO: Last News: User news has been returned  {"url":"http://khabar.fekracomputers.com/api/usernews","email":"awoodfathy5@gmail.com"} 
[2016-11-06 21:14:49] local.INFO: Feed News: News of the the given feed has been found {"url":"http://khabar.fekracomputers.com/api/news/ar/eg/شبكه%20رصد","feed_title":"شبكه رصد"} 
[2016-11-06 21:30:04] local.INFO: Last News: User news has been returned  {"url":"http://khabar.fekracomputers.com/api/usernews","email":"awoodfathy5@gmail.com"} 
[2016-11-06 21:30:06] local.INFO: Menu Link:  Menu has been Called {"url":"http://khabar.fekracomputers.com/api/menu/ar/eg"} 
[2016-11-06 21:30:15] local.INFO: Menu Link: feeds of the given country has been called {"url":"http://khabar.fekracomputers.com/api/menu/ar/international/categories","country":"international"} 
[2016-11-06 21:31:15] local.INFO: Menu Link :International feeds  of this topic has been called {"url":"http://khabar.fekracomputers.com/api/menu/ar/international/Misc","topic":"Misc"} 
[2016-11-06 21:31:26] local.INFO: Menu Link :International feeds  of this topic has been called {"url":"http://khabar.fekracomputers.com/api/menu/ar/international/Economics","topic":"Economics"} 
[2016-11-06 21:31:40] local.INFO: updating user preferences: user preferences updated {"url":"http://khabar.fekracomputers.com/api/prefs/add","user_email":"awoodfathy5@gmail.com"} 
[2016-11-06 21:31:43] local.INFO: Last News: User news has been returned  {"url":"http://khabar.fekracomputers.com/api/usernews","email":"awoodfathy5@gmail.com"} 
[2016-11-06 21:32:31] local.INFO: Feed News: News of the the given feed has been found {"url":"http://khabar.fekracomputers.com/api/news/ar/international/الجزيره%20مباشر","feed_title":"الجزيره مباشر"} 
[2016-11-06 21:38:09] local.INFO: Last News: User news has been returned  {"url":"http://khabar.fekracomputers.com/api/usernews","email":"awoodfathy5@gmail.com"} 
