[2016-10-29 07:30:00] local.INFO: Last News: User news has been returned  {"url":"http://khabar.fekracomputers.com/api/usernews","email":"mohand.muhammed@gmail.com"} 
[2016-10-29 09:04:05] local.INFO: Last News: User news has been returned  {"url":"http://khabar.fekracomputers.com/api/usernews","email":"mohand.muhammed@gmail.com"} 
[2016-10-29 09:04:41] local.INFO: More Last News : More News of the user has been loaded  {"url":"http://khabar.fekracomputers.com/api/usernews/more","Email":"mohand.muhammed@gmail.com"} 
[2016-10-29 09:05:06] local.INFO: Feed News: News of the the given feed has been found {"url":"http://khabar.fekracomputers.com/api/news/ar/af/مجلة%20السيارات","feed_title":"مجلة السيارات"} 
[2016-10-29 09:07:01] local.INFO: Feed News: News of the the given feed has been found {"url":"http://khabar.fekracomputers.com/api/news/ar/af/مجله%20التكنولوجيا","feed_title":"مجله التكنولوجيا"} 
[2016-10-29 09:07:51] local.INFO: Feed News:More news loaded to this feed {"url":"http://khabar.fekracomputers.com/api/news/ar/eg/مجله%20التكنولوجيا/more/667692/20","feed_title":"مجله التكنولوجيا"} 
[2016-10-29 09:20:29] local.INFO: Last News: User news has been returned  {"url":"http://khabar.fekracomputers.com/api/usernews","email":"imam.mostafa@gmail.com"} 
[2016-10-29 09:33:41] local.INFO: Last News: User news has been returned  {"url":"http://khabar.fekracomputers.com/api/usernews","email":"imam.mostafa@gmail.com"} 
[2016-10-29 09:36:04] local.INFO: Last News: User news has been returned  {"url":"http://khabar.fekracomputers.com/api/usernews","email":"imam.mostafa@gmail.com"} 
[2016-10-29 09:36:04] local.INFO: Last News: User news has been returned  {"url":"http://khabar.fekracomputers.com/api/usernews","email":"imam.mostafa@gmail.com"} 
[2016-10-29 09:37:50] local.INFO: Last News: User news has been returned  {"url":"http://khabar.fekracomputers.com/api/usernews","email":"imam.mostafa@gmail.com"} 
[2016-10-29 09:38:37] local.INFO: Last News: User news has been returned  {"url":"http://khabar.fekracomputers.com/api/usernews","email":"imam.mostafa@gmail.com"} 
[2016-10-29 09:38:37] local.INFO: Last News: User news has been returned  {"url":"http://khabar.fekracomputers.com/api/usernews","email":"imam.mostafa@gmail.com"} 
[2016-10-29 09:38:50] local.INFO: Feed News: News of the the given feed has been found {"url":"http://khabar.fekracomputers.com/api/news/ar/af/مجله%20التكنولوجيا","feed_title":"مجله التكنولوجيا"} 
[2016-10-29 09:39:51] local.INFO: Last News: User news has been returned  {"url":"http://khabar.fekracomputers.com/api/usernews","email":"imam.mostafa@gmail.com"} 
[2016-10-29 09:40:58] local.INFO: Last News: User news has been returned  {"url":"http://khabar.fekracomputers.com/api/usernews","email":"imam.mostafa@gmail.com"} 
[2016-10-29 09:40:58] local.INFO: Last News: User news has been returned  {"url":"http://khabar.fekracomputers.com/api/usernews","email":"imam.mostafa@gmail.com"} 
[2016-10-29 09:42:52] local.INFO: Last News: User news has been returned  {"url":"http://khabar.fekracomputers.com/api/usernews","email":"imam.mostafa@gmail.com"} 
[2016-10-29 09:43:41] local.INFO: Last News: User news has been returned  {"url":"http://khabar.fekracomputers.com/api/usernews","email":"imam.mostafa@gmail.com"} 
[2016-10-29 09:43:41] local.INFO: Last News: User news has been returned  {"url":"http://khabar.fekracomputers.com/api/usernews","email":"imam.mostafa@gmail.com"} 
[2016-10-29 09:45:19] local.INFO: Last News: User news has been returned  {"url":"http://khabar.fekracomputers.com/api/usernews","email":"imam.mostafa@gmail.com"} 
[2016-10-29 09:46:05] local.INFO: Last News: User news has been returned  {"url":"http://khabar.fekracomputers.com/api/usernews","email":"imam.mostafa@gmail.com"} 
[2016-10-29 09:46:05] local.INFO: Last News: User news has been returned  {"url":"http://khabar.fekracomputers.com/api/usernews","email":"imam.mostafa@gmail.com"} 
[2016-10-29 09:48:00] local.INFO: Last News: User news has been returned  {"url":"http://khabar.fekracomputers.com/api/usernews","email":"imam.mostafa@gmail.com"} 
[2016-10-29 09:48:00] local.INFO: Last News: User news has been returned  {"url":"http://khabar.fekracomputers.com/api/usernews","email":"imam.mostafa@gmail.com"} 
[2016-10-29 09:48:35] local.INFO: Feed News: News of the the given feed has been found {"url":"http://khabar.fekracomputers.com/api/news/ar/af/مجله%20التكنولوجيا","feed_title":"مجله التكنولوجيا"} 
[2016-10-29 09:52:21] local.INFO: Feed News:More news loaded to this feed {"url":"http://khabar.fekracomputers.com/api/news/ar/eg/مجله%20التكنولوجيا/recent/786353/20","feed_title":"مجله التكنولوجيا"} 
[2016-10-29 10:45:41] local.INFO: Last News: User news has been returned  {"url":"http://khabar.fekracomputers.com/api/usernews","email":"imam.mostafa@gmail.com"} 
[2016-10-29 10:45:45] local.INFO: Menu Link:  Menu has been Called {"url":"http://khabar.fekracomputers.com/api/menu/ar/eg"} 
[2016-10-29 10:55:12] local.INFO: Feed News: News of the the given feed has been found {"url":"http://khabar.fekracomputers.com/api/news/ar/af/مجلة%20الاقتصاد","feed_title":"مجلة الاقتصاد"} 
[2016-10-29 10:55:12] local.INFO: Feed News: News of the the given feed has been found {"url":"http://khabar.fekracomputers.com/api/news/ar/af/مجلة%20الاقتصاد","feed_title":"مجلة الاقتصاد"} 
[2016-10-29 12:19:51] local.INFO: Last News: User news has been returned  {"url":"http://khabar.fekracomputers.com/api/usernews","email":"imam.mostafa@gmail.com"} 
[2016-10-29 12:30:42] local.INFO: Last News: User news has been returned  {"url":"http://khabar.fekracomputers.com/api/usernews","email":"imam.mostafa@gmail.com"} 
[2016-10-29 12:34:42] local.INFO: Last News: User news has been returned  {"url":"http://khabar.fekracomputers.com/api/usernews","email":"imam.mostafa@gmail.com"} 
[2016-10-29 12:34:53] local.INFO: Menu Link:  Menu has been Called {"url":"http://khabar.fekracomputers.com/api/menu/ar/eg"} 
[2016-10-29 13:03:09] local.INFO: Menu Link:  Menu has been Called {"url":"http://khabar.fekracomputers.com/api/menu/ar/eg"} 
[2016-10-29 13:04:44] local.INFO: updating user preferences: user preferences updated {"url":"http://khabar.fekracomputers.com/api/prefs/add","user_email":"imam.mostafa@gmail.com"} 
[2016-10-29 13:04:49] local.INFO: Menu Link:  Menu has been Called {"url":"http://khabar.fekracomputers.com/api/menu/ar/eg"} 
[2016-10-29 13:05:07] local.INFO: updating user preferences: user preferences updated {"url":"http://khabar.fekracomputers.com/api/prefs/add","user_email":"imam.mostafa@gmail.com"} 
[2016-10-29 13:05:29] local.INFO: Menu Link:  Menu has been Called {"url":"http://khabar.fekracomputers.com/api/menu/ar/eg"} 
[2016-10-29 13:05:32] local.INFO: Menu Link: feeds of the given country has been called {"url":"http://khabar.fekracomputers.com/api/menu/ar/eg/categories","country":"eg"} 
[2016-10-29 13:05:38] local.INFO: updating user preferences: user preferences updated {"url":"http://khabar.fekracomputers.com/api/prefs/add","user_email":"imam.mostafa@gmail.com"} 
[2016-10-29 13:05:40] local.INFO: Last News: User news has been returned  {"url":"http://khabar.fekracomputers.com/api/usernews","email":"imam.mostafa@gmail.com"} 
[2016-10-29 13:05:53] local.INFO: Last News: User news has been returned  {"url":"http://khabar.fekracomputers.com/api/usernews","email":"imam.mostafa@gmail.com"} 
[2016-10-29 13:06:04] local.INFO: Feed News: News of the the given feed has been found {"url":"http://khabar.fekracomputers.com/api/news/ar/eg/باسم%20يوسف","feed_title":"باسم يوسف"} 
[2016-10-29 13:06:14] local.INFO: Feed News:More news loaded to this feed {"url":"http://khabar.fekracomputers.com/api/news/ar/eg/باسم%20يوسف/recent/787229/20","feed_title":"باسم يوسف"} 
[2016-10-29 13:10:29] local.INFO: Last News: User news has been returned  {"url":"http://khabar.fekracomputers.com/api/usernews","email":"imam.mostafa@gmail.com"} 
[2016-10-29 13:10:35] local.INFO: Feed News: News of the the given feed has been found {"url":"http://khabar.fekracomputers.com/api/news/ar/eg/باسم%20يوسف","feed_title":"باسم يوسف"} 
[2016-10-29 13:11:10] local.INFO: Feed News: News of the the given feed has been found {"url":"http://khabar.fekracomputers.com/api/news/ar/eg/باسم%20يوسف","feed_title":"باسم يوسف"} 
[2016-10-29 13:11:10] local.INFO: Last News: User news has been returned  {"url":"http://khabar.fekracomputers.com/api/usernews","email":"imam.mostafa@gmail.com"} 
[2016-10-29 13:11:12] local.INFO: Last News: User news has been returned  {"url":"http://khabar.fekracomputers.com/api/usernews","email":"imam.mostafa@gmail.com"} 
[2016-10-29 13:11:12] local.INFO: Last News: User news has been returned  {"url":"http://khabar.fekracomputers.com/api/usernews","email":"imam.mostafa@gmail.com"} 
[2016-10-29 13:11:14] local.INFO: Last News: User news has been returned  {"url":"http://khabar.fekracomputers.com/api/usernews","email":"imam.mostafa@gmail.com"} 
[2016-10-29 13:11:14] local.INFO: Last News: User news has been returned  {"url":"http://khabar.fekracomputers.com/api/usernews","email":"imam.mostafa@gmail.com"} 
[2016-10-29 13:11:16] local.INFO: Last News: User news has been returned  {"url":"http://khabar.fekracomputers.com/api/usernews","email":"imam.mostafa@gmail.com"} 
[2016-10-29 13:11:16] local.INFO: Last News: User news has been returned  {"url":"http://khabar.fekracomputers.com/api/usernews","email":"imam.mostafa@gmail.com"} 
[2016-10-29 13:11:20] local.INFO: Last News: User news has been returned  {"url":"http://khabar.fekracomputers.com/api/usernews","email":"imam.mostafa@gmail.com"} 
[2016-10-29 13:11:20] local.INFO: Last News: User news has been returned  {"url":"http://khabar.fekracomputers.com/api/usernews","email":"imam.mostafa@gmail.com"} 
[2016-10-29 13:11:24] local.INFO: Last News: User news has been returned  {"url":"http://khabar.fekracomputers.com/api/usernews","email":"imam.mostafa@gmail.com"} 
[2016-10-29 13:11:24] local.INFO: Last News: User news has been returned  {"url":"http://khabar.fekracomputers.com/api/usernews","email":"imam.mostafa@gmail.com"} 
[2016-10-29 13:11:28] local.INFO: Last News: User news has been returned  {"url":"http://khabar.fekracomputers.com/api/usernews","email":"imam.mostafa@gmail.com"} 
[2016-10-29 13:11:28] local.INFO: Last News: User news has been returned  {"url":"http://khabar.fekracomputers.com/api/usernews","email":"imam.mostafa@gmail.com"} 
[2016-10-29 13:13:50] local.INFO: Last News: User news has been returned  {"url":"http://khabar.fekracomputers.com/api/usernews","email":"imam.mostafa@gmail.com"} 
[2016-10-29 13:13:52] local.INFO: Last News: User news has been returned  {"url":"http://khabar.fekracomputers.com/api/usernews","email":"imam.mostafa@gmail.com"} 
[2016-10-29 13:13:52] local.INFO: Last News: User news has been returned  {"url":"http://khabar.fekracomputers.com/api/usernews","email":"imam.mostafa@gmail.com"} 
[2016-10-29 13:41:25] local.INFO: Last News: User news has been returned  {"url":"http://khabar.fekracomputers.com/api/usernews","email":"imam.mostafa@gmail.com"} 
[2016-10-29 13:56:49] local.INFO: Last News: User news has been returned  {"url":"http://khabar.fekracomputers.com/api/usernews","email":"imam.mostafa@gmail.com"} 
[2016-10-29 14:13:01] local.INFO: Last News: User news has been returned  {"url":"http://khabar.fekracomputers.com/api/usernews","email":"imam.mostafa@gmail.com"} 
[2016-10-29 14:47:50] local.INFO: Last News: User news has been returned  {"url":"http://khabar.fekracomputers.com/api/usernews","email":"imam.mostafa@gmail.com"} 
[2016-10-29 14:53:52] local.INFO: Last News: User news has been returned  {"url":"http://khabar.fekracomputers.com/api/usernews","email":"imam.mostafa@gmail.com"} 
[2016-10-29 14:58:21] local.INFO: Last News: User news has been returned  {"url":"http://khabar.fekracomputers.com/api/usernews","email":"imam.mostafa@gmail.com"} 
[2016-10-29 15:08:10] local.INFO: Last News: User news has been returned  {"url":"http://khabar.fekracomputers.com/api/usernews","email":"imam.mostafa@gmail.com"} 
[2016-10-29 15:10:43] local.INFO: Last News: User news has been returned  {"url":"http://khabar.fekracomputers.com/api/usernews","email":"imam.mostafa@gmail.com"} 
[2016-10-29 15:16:46] local.INFO: Last News: User news has been returned  {"url":"http://khabar.fekracomputers.com/api/usernews","email":"imam.mostafa@gmail.com"} 
[2016-10-29 15:25:25] local.INFO: Last News: User news has been returned  {"url":"http://khabar.fekracomputers.com/api/usernews","email":"imam.mostafa@gmail.com"} 
[2016-10-29 15:45:23] local.INFO: Last News: User news has been returned  {"url":"http://khabar.fekracomputers.com/api/usernews","email":"imam.mostafa@gmail.com"} 
[2016-10-29 15:52:15] local.INFO: Last News: User news has been returned  {"url":"http://khabar.fekracomputers.com/api/usernews","email":"imam.mostafa@gmail.com"} 
[2016-10-29 15:59:45] local.INFO: Last News: User news has been returned  {"url":"http://khabar.fekracomputers.com/api/usernews","email":"imam.mostafa@gmail.com"} 
[2016-10-29 16:03:31] local.INFO: Last News: User news has been returned  {"url":"http://khabar.fekracomputers.com/api/usernews","email":"mohand.muhammed@gmail.com"} 
[2016-10-29 16:07:36] local.INFO: Menu Link:  Menu has been Called {"url":"http://khabar.fekracomputers.com/api/menu/ar/eg"} 
[2016-10-29 16:07:47] local.INFO: Menu Link: feeds of the given country has been called {"url":"http://khabar.fekracomputers.com/api/menu/ar/eg/categories","country":"eg"} 
[2016-10-29 16:07:53] local.INFO: updating user preferences: user preferences updated {"url":"http://khabar.fekracomputers.com/api/prefs/add","user_email":"mohand.muhammed@gmail.com"} 
[2016-10-29 16:08:18] local.INFO: Feed News: News of the the given feed has been found {"url":"http://khabar.fekracomputers.com/api/news/ar/af/مجلة%20السيارات","feed_title":"مجلة السيارات"} 
[2016-10-29 16:08:29] local.INFO: Feed News: News of the the given feed has been found {"url":"http://khabar.fekracomputers.com/api/news/ar/af/مجلة%20العلوم","feed_title":"مجلة العلوم"} 
[2016-10-29 16:08:43] local.INFO: Feed News: News of the the given feed has been found {"url":"http://khabar.fekracomputers.com/api/news/ar/af/مجلة%20حواء","feed_title":"مجلة حواء"} 
[2016-10-29 16:08:49] local.INFO: Feed News: News of the the given feed has been found {"url":"http://khabar.fekracomputers.com/api/news/ar/af/مجلة%20حواء","feed_title":"مجلة حواء"} 
[2016-10-29 16:09:18] local.INFO: Feed News: News of the the given feed has been found {"url":"http://khabar.fekracomputers.com/api/news/ar/af/مجلة%20الرياضه","feed_title":"مجلة الرياضه"} 
[2016-10-29 16:09:23] local.INFO: Feed News: News of the the given feed has been found {"url":"http://khabar.fekracomputers.com/api/news/ar/af/مجله%20التكنولوجيا","feed_title":"مجله التكنولوجيا"} 
[2016-10-29 16:09:29] local.INFO: Feed News: News of the the given feed has been found {"url":"http://khabar.fekracomputers.com/api/news/ar/af/مجلة%20الاقتصاد","feed_title":"مجلة الاقتصاد"} 
[2016-10-29 16:10:23] local.INFO: Feed News: News of the the given feed has been found {"url":"http://khabar.fekracomputers.com/api/news/ar/eg/باسم%20يوسف","feed_title":"باسم يوسف"} 
[2016-10-29 16:11:40] local.INFO: Last News: User news has been returned  {"url":"http://khabar.fekracomputers.com/api/usernews","email":"mohand.muhammed@gmail.com"} 
[2016-10-29 16:11:59] local.INFO: Feed News: News of the the given feed has been found {"url":"http://khabar.fekracomputers.com/api/news/ar/eg/بوابه%20أخبار%20اليوم","feed_title":"بوابه أخبار اليوم"} 
[2016-10-29 16:13:51] local.INFO: Last News: User news has been returned  {"url":"http://khabar.fekracomputers.com/api/usernews","email":"mohand.muhammed@gmail.com"} 
[2016-10-29 16:14:51] local.INFO: Recent Last News : Recent News of the user has been loaded  {"url":"http://khabar.fekracomputers.com/api/usernews/recent","Email":"imam.mostafa@gmail.com"} 
[2016-10-29 16:17:21] local.INFO: Menu Link:  Menu has been Called {"url":"http://khabar.fekracomputers.com/api/menu/ar/eg"} 
[2016-10-29 16:17:24] local.INFO: Menu Link: feeds of the given country has been called {"url":"http://khabar.fekracomputers.com/api/menu/ar/eg/categories","country":"eg"} 
[2016-10-29 16:17:49] local.INFO: More Last News : More News of the user has been loaded  {"url":"http://khabar.fekracomputers.com/api/usernews/more","Email":"mohand.muhammed@gmail.com"} 
[2016-10-29 16:19:27] local.INFO: More Last News : More News of the user has been loaded  {"url":"http://khabar.fekracomputers.com/api/usernews/more","Email":"mohand.muhammed@gmail.com"} 
[2016-10-29 16:20:56] local.INFO: Last News: User news has been returned  {"url":"http://khabar.fekracomputers.com/api/usernews","email":"mohand.muhammed@gmail.com"} 
[2016-10-29 16:20:56] local.INFO: Last News: User news has been returned  {"url":"http://khabar.fekracomputers.com/api/usernews","email":"mohand.muhammed@gmail.com"} 
[2016-10-29 16:21:01] local.INFO: Last News: User news has been returned  {"url":"http://khabar.fekracomputers.com/api/usernews","email":"mohand.muhammed@gmail.com"} 
[2016-10-29 16:21:01] local.INFO: Last News: User news has been returned  {"url":"http://khabar.fekracomputers.com/api/usernews","email":"mohand.muhammed@gmail.com"} 
[2016-10-29 16:39:16] local.INFO: Recent Last News : Recent News of the user has been loaded  {"url":"http://khabar.fekracomputers.com/api/usernews/recent","Email":"imam.mostafa@gmail.com"} 
[2016-10-29 16:41:13] local.INFO: Feed News: News of the the given feed has been found {"url":"http://khabar.fekracomputers.com/api/news/ar/af/مجله%20التكنولوجيا","feed_title":"مجله التكنولوجيا"} 
[2016-10-29 17:24:01] local.INFO: Last News: User news has been returned  {"url":"http://khabar.fekracomputers.com/api/usernews","email":"moda.yahia@gmail.com"} 
[2016-10-29 17:24:21] local.INFO: More Last News : More News of the user has been loaded  {"url":"http://khabar.fekracomputers.com/api/usernews/more","Email":"moda.yahia@gmail.com"} 
[2016-10-29 19:06:52] local.INFO: Feed News: News of the the given feed has been found {"url":"http://khabar.fekracomputers.com/api/news/ar/international/سي%20ان%20ان","feed_title":"سي ان ان"} 
[2016-10-29 19:07:02] local.INFO: Feed News: News of the the given feed has been found {"url":"http://khabar.fekracomputers.com/api/news/ar/af/مجلة%20الاقتصاد","feed_title":"مجلة الاقتصاد"} 
[2016-10-29 19:08:30] local.INFO: Last News: User news has been returned  {"url":"http://khabar.fekracomputers.com/api/usernews","email":"shamsgeek@gmail.com"} 
[2016-10-29 19:08:56] local.INFO: Feed News:More news loaded to this feed {"url":"http://khabar.fekracomputers.com/api/news/ar/eg/مجلة%20الاقتصاد/recent/802508/20","feed_title":"مجلة الاقتصاد"} 
