[2016-10-23 07:41:02] local.INFO: Last News: User news has been returned  {"url":"http://khabar.fekracomputers.com/api/usernews","email":"imam.mostafa@gmail.com"} 
[2016-10-23 07:41:17] local.INFO: Feed News: News of the the given feed has been found {"url":"http://khabar.fekracomputers.com/api/news/ar/af/مجلة%20السيارات","feed_title":"مجلة السيارات"} 
[2016-10-23 07:41:35] local.INFO: Menu Link:  Menu has been Called {"url":"http://khabar.fekracomputers.com/api/menu/ar/eg"} 
[2016-10-23 07:41:50] local.INFO: Menu Link:  Menu has been Called {"url":"http://khabar.fekracomputers.com/api/menu/ar/eg"} 
[2016-10-23 07:41:52] local.INFO: Menu Link: feeds of the given country has been called {"url":"http://khabar.fekracomputers.com/api/menu/ar/eg/categories","country":"eg"} 
[2016-10-23 07:42:10] local.INFO: updating user preferences: user preferences updated {"url":"http://khabar.fekracomputers.com/api/prefs/add","user_email":"imam.mostafa@gmail.com"} 
[2016-10-23 07:42:11] local.INFO: Last News: User news has been returned  {"url":"http://khabar.fekracomputers.com/api/usernews","email":"imam.mostafa@gmail.com"} 
[2016-10-23 07:42:18] local.INFO: Recent Last News : Recent News of the user has been loaded  {"url":"http://khabar.fekracomputers.com/api/usernews/recent","Email":"imam.mostafa@gmail.com"} 
[2016-10-23 08:26:37] local.INFO: Last News: User news has been returned  {"url":"http://khabar.fekracomputers.com/api/usernews","email":"imam.mostafa@gmail.com"} 
[2016-10-23 08:26:39] local.INFO: Recent Last News : Recent News of the user has been loaded  {"url":"http://khabar.fekracomputers.com/api/usernews/recent","Email":"imam.mostafa@gmail.com"} 
[2016-10-23 09:04:35] local.INFO: Last News: User news has been returned  {"url":"http://khabar.fekracomputers.com/api/usernews","email":"thesward_6000@hotmail.com"} 
[2016-10-23 09:04:45] local.INFO: Menu Link:  Menu has been Called {"url":"http://khabar.fekracomputers.com/api/menu/ar/eg"} 
[2016-10-23 09:05:07] local.INFO: updating user preferences: user preferences updated {"url":"http://khabar.fekracomputers.com/api/prefs/add","user_email":"thesward_6000@hotmail.com"} 
[2016-10-23 09:05:09] local.INFO: Last News: User news has been returned  {"url":"http://khabar.fekracomputers.com/api/usernews","email":"thesward_6000@hotmail.com"} 
[2016-10-23 09:05:13] local.INFO: Recent Last News : Recent News of the user has been loaded  {"url":"http://khabar.fekracomputers.com/api/usernews/recent","Email":"thesward_6000@hotmail.com"} 
[2016-10-23 09:10:21] local.INFO: updating user preferences: user preferences updated {"url":"http://khabar.fekracomputers.com/api/prefs/add","user_email":"thesward_6000@hotmail.com"} 
[2016-10-23 09:10:25] local.INFO: Getting user preferences: User preferences Has been found {"url":"http://khabar.fekracomputers.com/api/prefs/get","email":"thesward_6000@hotmail.com"} 
[2016-10-23 09:10:29] local.INFO: Getting user preferences: User preferences Has been found {"url":"http://khabar.fekracomputers.com/api/prefs/get","email":"thesward_6000@hotmail.com"} 
[2016-10-23 09:10:32] local.INFO: Getting user preferences: User preferences Has been found {"url":"http://khabar.fekracomputers.com/api/prefs/get","email":"thesward_6000@hotmail.com"} 
[2016-10-23 09:10:36] local.INFO: Getting user preferences: User preferences Has been found {"url":"http://khabar.fekracomputers.com/api/prefs/get","email":"thesward_6000@hotmail.com"} 
[2016-10-23 09:10:40] local.INFO: Getting user preferences: User preferences Has been found {"url":"http://khabar.fekracomputers.com/api/prefs/get","email":"thesward_6000@hotmail.com"} 
[2016-10-23 10:53:43] local.INFO: Last News: User news has been returned  {"url":"http://khabar.fekracomputers.com/api/usernews","email":"malisobh2010@gmail.com"} 
[2016-10-23 10:53:46] local.INFO: Menu Link:  Menu has been Called {"url":"http://khabar.fekracomputers.com/api/menu/ar/eg"} 
[2016-10-23 10:53:48] local.INFO: updating user preferences: user preferences updated {"url":"http://khabar.fekracomputers.com/api/prefs/add","user_email":"malisobh2010@gmail.com"} 
[2016-10-23 10:53:54] local.INFO: Getting user preferences: User preferences Has been found {"url":"http://khabar.fekracomputers.com/api/prefs/get","email":"malisobh2010@gmail.com"} 
[2016-10-23 10:53:59] local.INFO: updating user preferences: user preferences updated {"url":"http://khabar.fekracomputers.com/api/prefs/add","user_email":"malisobh2010@gmail.com"} 
[2016-10-23 10:54:01] local.INFO: Getting user preferences: User preferences Has been found {"url":"http://khabar.fekracomputers.com/api/prefs/get","email":"malisobh2010@gmail.com"} 
[2016-10-23 10:54:16] local.INFO: Last News: User news has been returned  {"url":"http://khabar.fekracomputers.com/api/usernews","email":"malisobh2010@gmail.com"} 
