[2016-11-21 17:56:14] local.INFO: Limit {"limit":137} 
[2016-11-21 17:56:15] local.INFO: The feed has been parsed {"feed_title":"مدونة Q8Ping"} 
[2016-11-21 17:56:20] local.INFO: The feed has been parsed {"feed_title":"مدونة أبوفلان"} 
[2016-11-21 17:56:26] local.INFO: The feed has been parsed {"feed_title":"مدونة سياحة"} 
[2016-11-21 17:56:28] local.INFO: The feed has been parsed {"feed_title":"مدونة فرانكوم"} 
[2016-11-21 17:56:34] local.INFO: The feed has been parsed {"feed_title":"مدونة كيفي"} 
[2016-11-21 17:56:36] local.INFO: The feed has been parsed {"feed_title":"NG4A"} 
[2016-11-21 17:56:38] local.INFO: The feed has been parsed {"feed_title":"يو تي سعودي"} 
[2016-11-21 17:56:44] local.INFO: The feed has been parsed {"feed_title":"آبليست بالعربية"} 
[2016-11-21 17:56:50] local.INFO: The feed has been parsed {"feed_title":"آي أو أس كافيه"} 
[2016-11-21 17:56:54] local.INFO: This feed contain empty data in the xml file {"feed_title":"آي تي نيوز","link":"https://www.twitter.com/aitnews"} 
[2016-11-21 17:56:54] local.INFO: The feed has been parsed {"feed_title":"آي تي نيوز"} 
[2016-11-21 17:56:59] local.INFO: The feed has been parsed {"feed_title":"آي فون إسلام"} 
[2016-11-21 17:57:05] local.INFO: The feed has been parsed {"feed_title":"أجواء نت"} 
[2016-11-21 17:57:07] local.INFO: The feed has been parsed {"feed_title":"أخبار أبو مرزوق"} 
[2016-11-21 17:57:11] local.INFO: The feed has been parsed {"feed_title":"أخبار أرسنال"} 
[2016-11-21 17:57:17] local.INFO: The feed has been parsed {"feed_title":"أخبار التقنية والتكنولوجيا"} 
[2016-11-21 17:57:22] local.INFO: The feed has been parsed {"feed_title":"شبكة أخبار العراق"} 
[2016-11-21 17:57:27] local.INFO: The feed has been parsed {"feed_title":"أخبار اليمنية"} 
[2016-11-21 17:57:32] local.INFO: The feed has been parsed {"feed_title":"أخبار للنشر"} 
[2016-11-21 17:57:38] local.INFO: The feed has been parsed {"feed_title":"أخبار ليبيا 24"} 
[2016-11-21 17:57:42] local.INFO: The feed has been parsed {"feed_title":"أسود الفلوجة"} 
[2016-11-21 17:57:47] local.INFO: The feed has been parsed {"feed_title":"اخبارية طبرجل"} 
[2016-11-21 17:57:49] local.INFO: The feed has been parsed {"feed_title":"إخبارية طريف"} 
[2016-11-21 17:57:52] local.INFO: This feed contain empty data in the xml file {"feed_title":"إخبارية عرعر","link":"https://twitter.com/aararnews"} 
[2016-11-21 17:57:52] local.INFO: The feed has been parsed {"feed_title":"إخبارية عرعر"} 
[2016-11-21 17:57:57] local.INFO: The feed has been parsed {"feed_title":"الأعظمية نيوز"} 
[2016-11-21 17:58:04] local.INFO: The feed has been parsed {"feed_title":"الإسلام اليوم"} 
[2016-11-21 17:58:10] local.INFO: The feed has been parsed {"feed_title":"الإقتصاد الأردني"} 
[2016-11-21 17:58:15] local.INFO: The feed has been parsed {"feed_title":"الحزب الاسلامي العراقي"} 
[2016-11-21 17:58:21] local.INFO: The feed has been parsed {"feed_title":"الخبر"} 
[2016-11-21 17:58:24] local.INFO: The feed has been parsed {"feed_title":"الخليج العربي"} 
[2016-11-21 17:58:33] local.INFO: The feed has been parsed {"feed_title":"الرأي برس"} 
[2016-11-21 17:58:37] local.INFO: The feed has been parsed {"feed_title":"الشروق أونلاين"} 
[2016-11-21 17:58:39] local.INFO: The feed has been parsed {"feed_title":"المؤتمر.نت"} 
[2016-11-21 17:58:40] local.INFO: The feed has been parsed {"feed_title":"المجهر نيوز"} 
[2016-11-21 17:58:42] local.INFO: The feed has been parsed {"feed_title":"المنارة"} 
[2016-11-21 17:58:44] local.INFO: The feed has been parsed {"feed_title":"النشرة الإلكترونية"} 
[2016-11-21 17:58:48] local.INFO: This feed contain empty data in the xml file {"feed_title":"النور نيوز","link":"https://www.twitter.com/alnoornewsnet"} 
[2016-11-21 17:58:48] local.INFO: The feed has been parsed {"feed_title":"النور نيوز"} 
[2016-11-21 17:58:51] local.INFO: The feed has been parsed {"feed_title":"اليمن الآن"} 
[2016-11-21 17:58:52] local.INFO: The feed has been parsed {"feed_title":"اليمن اليوم"} 
[2016-11-21 17:59:02] local.INFO: The feed has been parsed {"feed_title":"بانوراما الشرق الأوسط"} 
[2016-11-21 17:59:03] local.INFO: The feed has been parsed {"feed_title":"براقش نت"} 
[2016-11-21 17:59:09] local.INFO: The feed has been parsed {"feed_title":"بوابة الوسط"} 
[2016-11-21 17:59:11] local.INFO: The feed has been parsed {"feed_title":"باب.كوم"} 
[2016-11-21 17:59:15] local.INFO: The feed has been parsed {"feed_title":"بوابتي"} 
[2016-11-21 17:59:20] local.INFO: The feed has been parsed {"feed_title":"تيار"} 
[2016-11-21 17:59:22] local.INFO: The feed has been parsed {"feed_title":"جازان اليوم"} 
[2016-11-21 17:59:28] local.INFO: The feed has been parsed {"feed_title":"وكالة جراسا نيوز"} 
[2016-11-21 17:59:33] local.INFO: The feed has been parsed {"feed_title":"حبر"} 
[2016-11-21 17:59:39] local.INFO: The feed has been parsed {"feed_title":"حضرموت نت"} 
[2016-11-21 17:59:45] local.INFO: The feed has been parsed {"feed_title":"خبرني"} 
[2016-11-21 17:59:49] local.INFO: This feed contain empty data in the xml file {"feed_title":"رؤيا الإخباري","link":"https://www.twitter.com/royanews"} 
[2016-11-21 17:59:49] local.INFO: The feed has been parsed {"feed_title":"رؤيا الإخباري"} 
[2016-11-21 17:59:51] local.INFO: The feed has been parsed {"feed_title":"زاد الأردن الإخباري"} 
[2016-11-21 17:59:59] local.INFO: The feed has been parsed {"feed_title":"سايبر أمان"} 
[2016-11-21 18:00:05] local.INFO: The feed has been parsed {"feed_title":"سبق الآن الإعلامية"} 
[2016-11-21 18:00:07] local.INFO: The feed has been parsed {"feed_title":"سودان مونيتور"} 
[2016-11-21 18:00:10] local.INFO: The feed has been parsed {"feed_title":"شؤون الساعة"} 
[2016-11-21 18:00:16] local.INFO: The feed has been parsed {"feed_title":"شبكة الضاحية الإعلامي"} 
[2016-11-21 18:00:18] local.INFO: The feed has been parsed {"feed_title":"شبكة القطيف الاخبارية"} 
[2016-11-21 18:00:26] local.INFO: The feed has been parsed {"feed_title":"شبكة الميادين"} 
[2016-11-21 18:00:31] local.INFO: The feed has been parsed {"feed_title":"شبكة نافذة لبنان"} 
[2016-11-21 18:00:38] local.INFO: The feed has been parsed {"feed_title":"شعب أونلاين"} 
[2016-11-21 18:00:44] local.INFO: The feed has been parsed {"feed_title":"صحيفة 14 مارس الإلكترونية"} 
[2016-11-21 18:00:46] local.INFO: The feed has been parsed {"feed_title":"صحيفة أبعاد الخفجي الإلكترونية"} 
[2016-11-21 18:00:51] local.INFO: The feed has been parsed {"feed_title":"صحيفة أرجاء"} 
[2016-11-21 18:00:53] local.INFO: The feed has been parsed {"feed_title":"صحيفة أضواء الوطن"} 
[2016-11-21 18:00:55] local.INFO: The feed has been parsed {"feed_title":"صحيفة أم الحمام الإلكترونية"} 
[2016-11-21 18:00:58] local.INFO: The feed has been parsed {"feed_title":"صحيفة أنباء الإلكترونية"} 
[2016-11-21 18:01:00] local.INFO: The feed has been parsed {"feed_title":"صحيفة أنباء القصيم"} 
[2016-11-21 18:01:05] local.INFO: The feed has been parsed {"feed_title":"صحيفة أنحاء"} 
[2016-11-21 18:01:07] local.INFO: The feed has been parsed {"feed_title":"صحيفة اتحادنا"} 
[2016-11-21 18:01:11] local.INFO: The feed has been parsed {"feed_title":"صحيفة اتي تايقرز"} 
[2016-11-21 18:01:13] local.INFO: The feed has been parsed {"feed_title":"أعمال"} 
[2016-11-21 18:01:19] local.INFO: The feed has been parsed {"feed_title":"صحيفة الأحساء الآن"} 
[2016-11-21 18:01:24] local.INFO: The feed has been parsed {"feed_title":"صحيفة الأحساء اليوم"} 
[2016-11-21 18:01:30] local.INFO: The feed has been parsed {"feed_title":"صحيفة الاحساء نيوز"} 
[2016-11-21 18:01:32] local.INFO: The feed has been parsed {"feed_title":"صحيفة البندر الإلكترونية"} 
[2016-11-21 18:01:34] local.INFO: The feed has been parsed {"feed_title":"صحيفة التحلية"} 
[2016-11-21 18:01:40] local.INFO: The feed has been parsed {"feed_title":"صحيفة صدى الجبيل الإلكترونية"} 
[2016-11-21 18:01:42] local.INFO: The feed has been parsed {"feed_title":"صحيفة الجبيل اليوم"} 
[2016-11-21 18:01:44] local.INFO: The feed has been parsed {"feed_title":"صحيفة الجماهير الرياضية"} 
[2016-11-21 18:01:46] local.INFO: The feed has been parsed {"feed_title":"صحيفة الحدث اون لاين"} 
[2016-11-21 18:01:48] local.INFO: The feed has been parsed {"feed_title":"صحيفة الحقو"} 
[2016-11-21 18:01:54] local.INFO: The feed has been parsed {"feed_title":"صحيفة الخبر تايمز"} 
[2016-11-21 18:01:59] local.INFO: The feed has been parsed {"feed_title":"صحيفة الخرج اليوم"} 
[2016-11-21 18:02:04] local.INFO: The feed has been parsed {"feed_title":"صحيفة الخليج"} 
[2016-11-21 18:02:05] local.INFO: The feed has been parsed {"feed_title":"صحيفة الدوادمي الإلكترونية"} 
[2016-11-21 18:02:05] local.ERROR: exception 'Facebook\Exceptions\FacebookSDKException' with message 'Unable to convert response from Graph to a GraphEdge because the response does not look like a GraphEdge. Try using GraphNodeFactory::makeGraphNode() instead.' in C:\wamp64\www\news-backend\vendor\facebook\graph-sdk\src\Facebook\GraphNodes\GraphNodeFactory.php:239
Stack trace:
#0 C:\wamp64\www\news-backend\vendor\facebook\graph-sdk\src\Facebook\GraphNodes\GraphNodeFactory.php(195): Facebook\GraphNodes\GraphNodeFactory->validateResponseCastableAsGraphEdge()
#1 C:\wamp64\www\news-backend\vendor\facebook\graph-sdk\src\Facebook\FacebookResponse.php(408): Facebook\GraphNodes\GraphNodeFactory->makeGraphEdge(NULL, true)
#2 C:\wamp64\www\news-backend\app\FeedService\FaceBook.php(48): Facebook\FacebookResponse->getGraphEdge()
#3 C:\wamp64\www\news-backend\app\FeedService\FaceBook.php(22): App\FeedService\FaceBook->GetFaceBookPosts(Object(App\Feed))
#4 C:\wamp64\www\news-backend\app\FeedService\FeedService.php(99): App\FeedService\FaceBook->Start(Object(App\Feed))
#5 C:\wamp64\www\news-backend\app\Http\Controllers\NewsController.php(71): App\FeedService\FeedService->GetLastNews()
#6 [internal function]: App\Http\Controllers\NewsController->test(Object(Mbarwick83\Instagram\Instagram))
#7 C:\wamp64\www\news-backend\vendor\laravel\framework\src\Illuminate\Routing\Controller.php(246): call_user_func_array(Array, Array)
#8 C:\wamp64\www\news-backend\vendor\laravel\framework\src\Illuminate\Routing\ControllerDispatcher.php(162): Illuminate\Routing\Controller->callAction('test', Array)
#9 C:\wamp64\www\news-backend\vendor\laravel\framework\src\Illuminate\Routing\ControllerDispatcher.php(107): Illuminate\Routing\ControllerDispatcher->call(Object(App\Http\Controllers\NewsController), Object(Illuminate\Routing\Route), 'test')
#10 [internal function]: Illuminate\Routing\ControllerDispatcher->Illuminate\Routing\{closure}(Object(Illuminate\Http\Request))
#11 C:\wamp64\www\news-backend\vendor\laravel\framework\src\Illuminate\Pipeline\Pipeline.php(141): call_user_func(Object(Closure), Object(Illuminate\Http\Request))
#12 [internal function]: Illuminate\Pipeline\Pipeline->Illuminate\Pipeline\{closure}(Object(Illuminate\Http\Request))
#13 C:\wamp64\www\news-backend\vendor\laravel\framework\src\Illuminate\Pipeline\Pipeline.php(101): call_user_func(Object(Closure), Object(Illuminate\Http\Request))
#14 C:\wamp64\www\news-backend\vendor\laravel\framework\src\Illuminate\Routing\ControllerDispatcher.php(108): Illuminate\Pipeline\Pipeline->then(Object(Closure))
#15 C:\wamp64\www\news-backend\vendor\laravel\framework\src\Illuminate\Routing\ControllerDispatcher.php(67): Illuminate\Routing\ControllerDispatcher->callWithinStack(Object(App\Http\Controllers\NewsController), Object(Illuminate\Routing\Route), Object(Illuminate\Http\Request), 'test')
#16 C:\wamp64\www\news-backend\vendor\laravel\framework\src\Illuminate\Routing\Route.php(204): Illuminate\Routing\ControllerDispatcher->dispatch(Object(Illuminate\Routing\Route), Object(Illuminate\Http\Request), 'App\\Http\\Contro...', 'test')
#17 C:\wamp64\www\news-backend\vendor\laravel\framework\src\Illuminate\Routing\Route.php(134): Illuminate\Routing\Route->runWithCustomDispatcher(Object(Illuminate\Http\Request))
#18 C:\wamp64\www\news-backend\vendor\laravel\framework\src\Illuminate\Routing\Router.php(701): Illuminate\Routing\Route->run(Object(Illuminate\Http\Request))
#19 [internal function]: Illuminate\Routing\Router->Illuminate\Routing\{closure}(Object(Illuminate\Http\Request))
#20 C:\wamp64\www\news-backend\vendor\laravel\framework\src\Illuminate\Pipeline\Pipeline.php(141): call_user_func(Object(Closure), Object(Illuminate\Http\Request))
#21 [internal function]: Illuminate\Pipeline\Pipeline->Illuminate\Pipeline\{closure}(Object(Illuminate\Http\Request))
#22 C:\wamp64\www\news-backend\vendor\laravel\framework\src\Illuminate\Pipeline\Pipeline.php(101): call_user_func(Object(Closure), Object(Illuminate\Http\Request))
#23 C:\wamp64\www\news-backend\vendor\laravel\framework\src\Illuminate\Routing\Router.php(703): Illuminate\Pipeline\Pipeline->then(Object(Closure))
#24 C:\wamp64\www\news-backend\vendor\laravel\framework\src\Illuminate\Routing\Router.php(670): Illuminate\Routing\Router->runRouteWithinStack(Object(Illuminate\Routing\Route), Object(Illuminate\Http\Request))
#25 C:\wamp64\www\news-backend\vendor\laravel\framework\src\Illuminate\Routing\Router.php(628): Illuminate\Routing\Router->dispatchToRoute(Object(Illuminate\Http\Request))
#26 C:\wamp64\www\news-backend\vendor\laravel\framework\src\Illuminate\Foundation\Http\Kernel.php(214): Illuminate\Routing\Router->dispatch(Object(Illuminate\Http\Request))
#27 [internal function]: Illuminate\Foundation\Http\Kernel->Illuminate\Foundation\Http\{closure}(Object(Illuminate\Http\Request))
#28 C:\wamp64\www\news-backend\vendor\laravel\framework\src\Illuminate\Pipeline\Pipeline.php(141): call_user_func(Object(Closure), Object(Illuminate\Http\Request))
#29 C:\wamp64\www\news-backend\vendor\laravel\framework\src\Illuminate\View\Middleware\ShareErrorsFromSession.php(55): Illuminate\Pipeline\Pipeline->Illuminate\Pipeline\{closure}(Object(Illuminate\Http\Request))
#30 C:\wamp64\www\news-backend\vendor\laravel\framework\src\Illuminate\Pipeline\Pipeline.php(125): Illuminate\View\Middleware\ShareErrorsFromSession->handle(Object(Illuminate\Http\Request), Object(Closure))
#31 C:\wamp64\www\news-backend\vendor\laravel\framework\src\Illuminate\Session\Middleware\StartSession.php(61): Illuminate\Pipeline\Pipeline->Illuminate\Pipeline\{closure}(Object(Illuminate\Http\Request))
#32 C:\wamp64\www\news-backend\vendor\laravel\framework\src\Illuminate\Pipeline\Pipeline.php(125): Illuminate\Session\Middleware\StartSession->handle(Object(Illuminate\Http\Request), Object(Closure))
#33 C:\wamp64\www\news-backend\vendor\laravel\framework\src\Illuminate\Cookie\Middleware\AddQueuedCookiesToResponse.php(36): Illuminate\Pipeline\Pipeline->Illuminate\Pipeline\{closure}(Object(Illuminate\Http\Request))
#34 C:\wamp64\www\news-backend\vendor\laravel\framework\src\Illuminate\Pipeline\Pipeline.php(125): Illuminate\Cookie\Middleware\AddQueuedCookiesToResponse->handle(Object(Illuminate\Http\Request), Object(Closure))
#35 C:\wamp64\www\news-backend\vendor\laravel\framework\src\Illuminate\Cookie\Middleware\EncryptCookies.php(40): Illuminate\Pipeline\Pipeline->Illuminate\Pipeline\{closure}(Object(Illuminate\Http\Request))
#36 C:\wamp64\www\news-backend\vendor\laravel\framework\src\Illuminate\Pipeline\Pipeline.php(125): Illuminate\Cookie\Middleware\EncryptCookies->handle(Object(Illuminate\Http\Request), Object(Closure))
#37 C:\wamp64\www\news-backend\vendor\laravel\framework\src\Illuminate\Foundation\Http\Middleware\CheckForMaintenanceMode.php(42): Illuminate\Pipeline\Pipeline->Illuminate\Pipeline\{closure}(Object(Illuminate\Http\Request))
#38 C:\wamp64\www\news-backend\vendor\laravel\framework\src\Illuminate\Pipeline\Pipeline.php(125): Illuminate\Foundation\Http\Middleware\CheckForMaintenanceMode->handle(Object(Illuminate\Http\Request), Object(Closure))
#39 [internal function]: Illuminate\Pipeline\Pipeline->Illuminate\Pipeline\{closure}(Object(Illuminate\Http\Request))
#40 C:\wamp64\www\news-backend\vendor\laravel\framework\src\Illuminate\Pipeline\Pipeline.php(101): call_user_func(Object(Closure), Object(Illuminate\Http\Request))
#41 C:\wamp64\www\news-backend\vendor\laravel\framework\src\Illuminate\Foundation\Http\Kernel.php(115): Illuminate\Pipeline\Pipeline->then(Object(Closure))
#42 C:\wamp64\www\news-backend\vendor\laravel\framework\src\Illuminate\Foundation\Http\Kernel.php(84): Illuminate\Foundation\Http\Kernel->sendRequestThroughRouter(Object(Illuminate\Http\Request))
#43 C:\wamp64\www\news-backend\index.php(53): Illuminate\Foundation\Http\Kernel->handle(Object(Illuminate\Http\Request))
#44 {main}  
[2016-11-21 18:05:01] local.INFO: Limit {"limit":137} 
[2016-11-21 18:05:02] local.ERROR: exception 'Facebook\Exceptions\FacebookSDKException' with message 'Unable to convert response from Graph to a GraphEdge because the response does not look like a GraphEdge. Try using GraphNodeFactory::makeGraphNode() instead.' in C:\wamp64\www\news-backend\vendor\facebook\graph-sdk\src\Facebook\GraphNodes\GraphNodeFactory.php:239
Stack trace:
#0 C:\wamp64\www\news-backend\vendor\facebook\graph-sdk\src\Facebook\GraphNodes\GraphNodeFactory.php(195): Facebook\GraphNodes\GraphNodeFactory->validateResponseCastableAsGraphEdge()
#1 C:\wamp64\www\news-backend\vendor\facebook\graph-sdk\src\Facebook\FacebookResponse.php(408): Facebook\GraphNodes\GraphNodeFactory->makeGraphEdge(NULL, true)
#2 C:\wamp64\www\news-backend\app\FeedService\FaceBook.php(48): Facebook\FacebookResponse->getGraphEdge()
#3 C:\wamp64\www\news-backend\app\FeedService\FaceBook.php(22): App\FeedService\FaceBook->GetFaceBookPosts(Object(App\Feed))
#4 C:\wamp64\www\news-backend\app\FeedService\FeedService.php(99): App\FeedService\FaceBook->Start(Object(App\Feed))
#5 C:\wamp64\www\news-backend\app\Http\Controllers\NewsController.php(71): App\FeedService\FeedService->GetLastNews()
#6 [internal function]: App\Http\Controllers\NewsController->test(Object(Mbarwick83\Instagram\Instagram))
#7 C:\wamp64\www\news-backend\vendor\laravel\framework\src\Illuminate\Routing\Controller.php(246): call_user_func_array(Array, Array)
#8 C:\wamp64\www\news-backend\vendor\laravel\framework\src\Illuminate\Routing\ControllerDispatcher.php(162): Illuminate\Routing\Controller->callAction('test', Array)
#9 C:\wamp64\www\news-backend\vendor\laravel\framework\src\Illuminate\Routing\ControllerDispatcher.php(107): Illuminate\Routing\ControllerDispatcher->call(Object(App\Http\Controllers\NewsController), Object(Illuminate\Routing\Route), 'test')
#10 [internal function]: Illuminate\Routing\ControllerDispatcher->Illuminate\Routing\{closure}(Object(Illuminate\Http\Request))
#11 C:\wamp64\www\news-backend\vendor\laravel\framework\src\Illuminate\Pipeline\Pipeline.php(141): call_user_func(Object(Closure), Object(Illuminate\Http\Request))
#12 [internal function]: Illuminate\Pipeline\Pipeline->Illuminate\Pipeline\{closure}(Object(Illuminate\Http\Request))
#13 C:\wamp64\www\news-backend\vendor\laravel\framework\src\Illuminate\Pipeline\Pipeline.php(101): call_user_func(Object(Closure), Object(Illuminate\Http\Request))
#14 C:\wamp64\www\news-backend\vendor\laravel\framework\src\Illuminate\Routing\ControllerDispatcher.php(108): Illuminate\Pipeline\Pipeline->then(Object(Closure))
#15 C:\wamp64\www\news-backend\vendor\laravel\framework\src\Illuminate\Routing\ControllerDispatcher.php(67): Illuminate\Routing\ControllerDispatcher->callWithinStack(Object(App\Http\Controllers\NewsController), Object(Illuminate\Routing\Route), Object(Illuminate\Http\Request), 'test')
#16 C:\wamp64\www\news-backend\vendor\laravel\framework\src\Illuminate\Routing\Route.php(204): Illuminate\Routing\ControllerDispatcher->dispatch(Object(Illuminate\Routing\Route), Object(Illuminate\Http\Request), 'App\\Http\\Contro...', 'test')
#17 C:\wamp64\www\news-backend\vendor\laravel\framework\src\Illuminate\Routing\Route.php(134): Illuminate\Routing\Route->runWithCustomDispatcher(Object(Illuminate\Http\Request))
#18 C:\wamp64\www\news-backend\vendor\laravel\framework\src\Illuminate\Routing\Router.php(701): Illuminate\Routing\Route->run(Object(Illuminate\Http\Request))
#19 [internal function]: Illuminate\Routing\Router->Illuminate\Routing\{closure}(Object(Illuminate\Http\Request))
#20 C:\wamp64\www\news-backend\vendor\laravel\framework\src\Illuminate\Pipeline\Pipeline.php(141): call_user_func(Object(Closure), Object(Illuminate\Http\Request))
#21 [internal function]: Illuminate\Pipeline\Pipeline->Illuminate\Pipeline\{closure}(Object(Illuminate\Http\Request))
#22 C:\wamp64\www\news-backend\vendor\laravel\framework\src\Illuminate\Pipeline\Pipeline.php(101): call_user_func(Object(Closure), Object(Illuminate\Http\Request))
#23 C:\wamp64\www\news-backend\vendor\laravel\framework\src\Illuminate\Routing\Router.php(703): Illuminate\Pipeline\Pipeline->then(Object(Closure))
#24 C:\wamp64\www\news-backend\vendor\laravel\framework\src\Illuminate\Routing\Router.php(670): Illuminate\Routing\Router->runRouteWithinStack(Object(Illuminate\Routing\Route), Object(Illuminate\Http\Request))
#25 C:\wamp64\www\news-backend\vendor\laravel\framework\src\Illuminate\Routing\Router.php(628): Illuminate\Routing\Router->dispatchToRoute(Object(Illuminate\Http\Request))
#26 C:\wamp64\www\news-backend\vendor\laravel\framework\src\Illuminate\Foundation\Http\Kernel.php(214): Illuminate\Routing\Router->dispatch(Object(Illuminate\Http\Request))
#27 [internal function]: Illuminate\Foundation\Http\Kernel->Illuminate\Foundation\Http\{closure}(Object(Illuminate\Http\Request))
#28 C:\wamp64\www\news-backend\vendor\laravel\framework\src\Illuminate\Pipeline\Pipeline.php(141): call_user_func(Object(Closure), Object(Illuminate\Http\Request))
#29 C:\wamp64\www\news-backend\vendor\laravel\framework\src\Illuminate\View\Middleware\ShareErrorsFromSession.php(55): Illuminate\Pipeline\Pipeline->Illuminate\Pipeline\{closure}(Object(Illuminate\Http\Request))
#30 C:\wamp64\www\news-backend\vendor\laravel\framework\src\Illuminate\Pipeline\Pipeline.php(125): Illuminate\View\Middleware\ShareErrorsFromSession->handle(Object(Illuminate\Http\Request), Object(Closure))
#31 C:\wamp64\www\news-backend\vendor\laravel\framework\src\Illuminate\Session\Middleware\StartSession.php(61): Illuminate\Pipeline\Pipeline->Illuminate\Pipeline\{closure}(Object(Illuminate\Http\Request))
#32 C:\wamp64\www\news-backend\vendor\laravel\framework\src\Illuminate\Pipeline\Pipeline.php(125): Illuminate\Session\Middleware\StartSession->handle(Object(Illuminate\Http\Request), Object(Closure))
#33 C:\wamp64\www\news-backend\vendor\laravel\framework\src\Illuminate\Cookie\Middleware\AddQueuedCookiesToResponse.php(36): Illuminate\Pipeline\Pipeline->Illuminate\Pipeline\{closure}(Object(Illuminate\Http\Request))
#34 C:\wamp64\www\news-backend\vendor\laravel\framework\src\Illuminate\Pipeline\Pipeline.php(125): Illuminate\Cookie\Middleware\AddQueuedCookiesToResponse->handle(Object(Illuminate\Http\Request), Object(Closure))
#35 C:\wamp64\www\news-backend\vendor\laravel\framework\src\Illuminate\Cookie\Middleware\EncryptCookies.php(40): Illuminate\Pipeline\Pipeline->Illuminate\Pipeline\{closure}(Object(Illuminate\Http\Request))
#36 C:\wamp64\www\news-backend\vendor\laravel\framework\src\Illuminate\Pipeline\Pipeline.php(125): Illuminate\Cookie\Middleware\EncryptCookies->handle(Object(Illuminate\Http\Request), Object(Closure))
#37 C:\wamp64\www\news-backend\vendor\laravel\framework\src\Illuminate\Foundation\Http\Middleware\CheckForMaintenanceMode.php(42): Illuminate\Pipeline\Pipeline->Illuminate\Pipeline\{closure}(Object(Illuminate\Http\Request))
#38 C:\wamp64\www\news-backend\vendor\laravel\framework\src\Illuminate\Pipeline\Pipeline.php(125): Illuminate\Foundation\Http\Middleware\CheckForMaintenanceMode->handle(Object(Illuminate\Http\Request), Object(Closure))
#39 [internal function]: Illuminate\Pipeline\Pipeline->Illuminate\Pipeline\{closure}(Object(Illuminate\Http\Request))
#40 C:\wamp64\www\news-backend\vendor\laravel\framework\src\Illuminate\Pipeline\Pipeline.php(101): call_user_func(Object(Closure), Object(Illuminate\Http\Request))
#41 C:\wamp64\www\news-backend\vendor\laravel\framework\src\Illuminate\Foundation\Http\Kernel.php(115): Illuminate\Pipeline\Pipeline->then(Object(Closure))
#42 C:\wamp64\www\news-backend\vendor\laravel\framework\src\Illuminate\Foundation\Http\Kernel.php(84): Illuminate\Foundation\Http\Kernel->sendRequestThroughRouter(Object(Illuminate\Http\Request))
#43 C:\wamp64\www\news-backend\index.php(53): Illuminate\Foundation\Http\Kernel->handle(Object(Illuminate\Http\Request))
#44 {main}  
[2016-11-21 18:05:50] local.INFO: Limit {"limit":137} 
[2016-11-21 18:05:51] local.INFO: This feed contain empty data in the xml file {"feed_title":"صحيفة السعودية اليوم","link":"https://twitter.com/al_yaum"} 
[2016-11-21 18:05:51] local.INFO: The feed has been parsed {"feed_title":"صحيفة السعودية اليوم"} 
[2016-11-21 18:05:53] local.INFO: The feed has been parsed {"feed_title":"صحيفة العراق الإلكترونية"} 
[2016-11-21 18:05:55] local.INFO: The feed has been parsed {"feed_title":"صحيفة العصر"} 
[2016-11-21 18:05:57] local.INFO: The feed has been parsed {"feed_title":"صحيفة العقيق"} 
[2016-11-21 18:06:00] local.INFO: The feed has been parsed {"feed_title":"صحيفة القصيم نيوز"} 
[2016-11-21 18:06:02] local.INFO: The feed has been parsed {"feed_title":"صحيفة الكسر"} 
[2016-11-21 18:06:04] local.INFO: The feed has been parsed {"feed_title":"صحيفة المجاردة اليوم"} 
[2016-11-21 18:06:10] local.INFO: The feed has been parsed {"feed_title":"صحيفة المختصر الإخبارية"} 
[2016-11-21 18:06:17] local.INFO: The feed has been parsed {"feed_title":"صحيفة المدرج"} 
[2016-11-21 18:06:19] local.INFO: The feed has been parsed {"feed_title":"صحيفة المرصد"} 
[2016-11-21 18:06:25] local.INFO: The feed has been parsed {"feed_title":"صحيفة المسار"} 
[2016-11-21 18:06:31] local.INFO: The feed has been parsed {"feed_title":"صحيفة المقر"} 
[2016-11-21 18:06:36] local.INFO: The feed has been parsed {"feed_title":"صحيفة المناطق الإلكترونية"} 
[2016-11-21 18:06:42] local.INFO: The feed has been parsed {"feed_title":"صحيفة الميدان التعليمي"} 
[2016-11-21 18:06:48] local.INFO: The feed has been parsed {"feed_title":"صحيفة النادي"} 
[2016-11-21 18:06:53] local.INFO: The feed has been parsed {"feed_title":"صحيفة انباء الباحة الإلكترونية"} 
[2016-11-21 18:06:59] local.INFO: The feed has been parsed {"feed_title":"صحيفة بارق الإخبارية"} 
[2016-11-21 18:07:05] local.INFO: The feed has been parsed {"feed_title":"صحيفة بث الالكترونية"} 
[2016-11-21 18:07:07] local.INFO: The feed has been parsed {"feed_title":"صحيفة بلقرن"} 
[2016-11-21 18:07:10] local.INFO: The feed has been parsed {"feed_title":"صحيفة بيشة اليوم"} 
[2016-11-21 18:07:12] local.INFO: The feed has been parsed {"feed_title":"صحيفة صدى تبوك"} 
[2016-11-21 18:07:13] local.INFO: This feed contain empty data in the xml file {"feed_title":"صحيفة تغطيات","link":"https://www.twitter.com/tagteyat"} 
[2016-11-21 18:07:13] local.INFO: The feed has been parsed {"feed_title":"صحيفة تغطيات"} 
[2016-11-21 18:07:18] local.INFO: The feed has been parsed {"feed_title":"صحيفة تواصل"} 
[2016-11-21 18:07:21] local.INFO: The feed has been parsed {"feed_title":"صحيفة جدة والناس الإلكترونية"} 
[2016-11-21 18:07:23] local.INFO: The feed has been parsed {"feed_title":"صحيفة جهينة"} 
[2016-11-21 18:07:25] local.INFO: The feed has been parsed {"feed_title":"صحيفة حفر الباطن"} 
[2016-11-21 18:07:28] local.INFO: The feed has been parsed {"feed_title":"صحيفة خاط"} 
[2016-11-21 18:07:30] local.INFO: The feed has been parsed {"feed_title":"صحيفة خبر الجوف الالكترونية"} 
[2016-11-21 18:07:36] local.INFO: The feed has been parsed {"feed_title":"صحيفة خليص اليوم"} 
[2016-11-21 18:07:38] local.INFO: The feed has been parsed {"feed_title":"صحيفة رابغ الإلكترونية"} 
[2016-11-21 18:07:43] local.INFO: The feed has been parsed {"feed_title":"صحيفة رصد ميوز"} 
[2016-11-21 18:07:46] local.INFO: The feed has been parsed {"feed_title":"صحيفة رفحاء"} 
[2016-11-21 18:07:47] local.INFO: The feed has been parsed {"feed_title":"صحيفة سبق"} 
[2016-11-21 18:07:50] local.INFO: The feed has been parsed {"feed_title":"صحيفة سبق حائل"} 
[2016-11-21 18:07:52] local.INFO: The feed has been parsed {"feed_title":"صحيفة سبورت السعودية"} 
[2016-11-21 18:07:54] local.INFO: The feed has been parsed {"feed_title":"صحيفة سبورت نيوز"} 
[2016-11-21 18:08:00] local.INFO: The feed has been parsed {"feed_title":"صحيفة سكب الإلكترونية"} 
[2016-11-21 18:08:02] local.INFO: The feed has been parsed {"feed_title":"صحيفة سما طريف"} 
[2016-11-21 18:08:07] local.INFO: The feed has been parsed {"feed_title":"صحيفة سودان موشن الإلكترونية"} 
[2016-11-21 18:08:13] local.INFO: The feed has been parsed {"feed_title":"صحيفة شؤون الالكتروني"} 
[2016-11-21 18:08:15] local.INFO: The feed has been parsed {"feed_title":"صحيفة شقراء"} 
[2016-11-21 18:08:20] local.INFO: The feed has been parsed {"feed_title":"صحيفة صدى ألمع"} 
[2016-11-21 18:08:23] local.INFO: The feed has been parsed {"feed_title":"صحيفة صراحة الإلكترونية"} 
[2016-11-21 18:08:28] local.INFO: The feed has been parsed {"feed_title":"صحيفة عاجل الإلكترونية"} 
[2016-11-21 18:08:34] local.INFO: The feed has been parsed {"feed_title":"صحيفة عدن الغد"} 
[2016-11-21 18:08:39] local.INFO: The feed has been parsed {"feed_title":"صحيفة عسير"} 
[2016-11-21 18:08:41] local.INFO: The feed has been parsed {"feed_title":"صحيفة عليان الإلكترونية"} 
[2016-11-21 18:08:43] local.INFO: The feed has been parsed {"feed_title":"صحيفة عناوين"} 
[2016-11-21 18:08:45] local.INFO: The feed has been parsed {"feed_title":"صحيفة عناية الصحية"} 
[2016-11-21 18:08:47] local.INFO: The feed has been parsed {"feed_title":"صحيفة عنيزة اليوم"} 
[2016-11-21 18:08:49] local.INFO: The feed has been parsed {"feed_title":"صحيفة عين تبوك الإلكترونية"} 
[2016-11-21 18:08:55] local.INFO: The feed has been parsed {"feed_title":"صحيفة عين ليبيا"} 
[2016-11-21 18:09:01] local.INFO: The feed has been parsed {"feed_title":"صحيفة غاية الإلكترونية"} 
[2016-11-21 18:09:03] local.INFO: The feed has been parsed {"feed_title":"صحيفة غران"} 
[2016-11-21 18:09:05] local.INFO: The feed has been parsed {"feed_title":"صحيفة غرب"} 
[2016-11-21 18:09:12] local.INFO: The feed has been parsed {"feed_title":"صحيفة فجر الإلكترونية"} 
[2016-11-21 18:09:18] local.INFO: The feed has been parsed {"feed_title":"صحيفة قبس"} 
[2016-11-21 18:09:24] local.INFO: The feed has been parsed {"feed_title":"صحيفة ماب نيوز"} 
[2016-11-21 18:09:26] local.INFO: The feed has been parsed {"feed_title":"صحيفة محايل"} 
[2016-11-21 18:09:31] local.INFO: The feed has been parsed {"feed_title":"صحيفة مفاكرة"} 
[2016-11-21 18:09:34] local.INFO: The feed has been parsed {"feed_title":"صحيفة مكة الإلكترونية"} 
[2016-11-21 18:09:39] local.INFO: The feed has been parsed {"feed_title":"صحيفة نادي الزمالك"} 
[2016-11-21 18:09:40] local.INFO: The feed has been parsed {"feed_title":"صحيفة نادينا"} 
[2016-11-21 18:09:46] local.INFO: The feed has been parsed {"feed_title":"صحيفة ناس"} 
[2016-11-21 18:09:48] local.INFO: The feed has been parsed {"feed_title":"صحيفة نوافيكم الإلكترونية"} 
[2016-11-21 18:09:58] local.INFO: The feed has been parsed {"feed_title":"صحيفة نيسان"} 
[2016-11-21 18:10:00] local.INFO: The feed has been parsed {"feed_title":"صحيفة هام الإلكترونية"} 
[2016-11-21 18:10:06] local.INFO: The feed has been parsed {"feed_title":"صحيفة هروب نيوز"} 
[2016-11-21 18:10:13] local.INFO: The feed has been parsed {"feed_title":"صحيفة وتين"} 
[2016-11-21 18:10:20] local.INFO: The feed has been parsed {"feed_title":"صوت الجبل"} 
[2016-11-21 18:10:26] local.INFO: The feed has been parsed {"feed_title":"صوت المبتعث"} 
[2016-11-21 18:10:32] local.INFO: The feed has been parsed {"feed_title":"صوت لبنان"} 
[2016-11-21 18:10:37] local.INFO: The feed has been parsed {"feed_title":"صيدا أون لاين"} 
[2016-11-21 18:10:43] local.INFO: The feed has been parsed {"feed_title":"عدن بوست"} 
[2016-11-21 18:10:46] local.INFO: The feed has been parsed {"feed_title":"عدن تايم"} 
[2016-11-21 18:10:48] local.INFO: The feed has been parsed {"feed_title":"عراق نيوز"} 
[2016-11-21 18:10:50] local.INFO: The feed has been parsed {"feed_title":"عرعر الآن"} 
[2016-11-21 18:10:56] local.INFO: The feed has been parsed {"feed_title":"عسير نيوز الإلكترونية"} 
[2016-11-21 18:11:01] local.INFO: The feed has been parsed {"feed_title":"عمان اليوم"} 
[2016-11-21 18:11:07] local.INFO: The feed has been parsed {"feed_title":"عمان نيوز"} 
[2016-11-21 18:11:14] local.INFO: The feed has been parsed {"feed_title":"عين اليمن الأخبارية"} 
[2016-11-21 18:11:21] local.INFO: The feed has been parsed {"feed_title":"عين اليوم"} 
[2016-11-21 18:11:28] local.INFO: The feed has been parsed {"feed_title":"فولت"} 
[2016-11-21 18:11:34] local.INFO: The feed has been parsed {"feed_title":"فيفاء أون لاين"} 
[2016-11-21 18:11:41] local.INFO: The feed has been parsed {"feed_title":"ليبانون ديبايت"} 
[2016-11-21 18:11:43] local.INFO: The feed has been parsed {"feed_title":"ليبانون فايلز"} 
[2016-11-21 18:11:43] local.INFO: The feed has been parsed {"feed_title":"ليبيا الآن"} 
[2016-11-21 18:11:51] local.INFO: The feed has been parsed {"feed_title":"ليبيا المستقبل"} 
[2016-11-21 18:11:58] local.INFO: The feed has been parsed {"feed_title":"مأرب برس"} 
[2016-11-21 18:12:05] local.INFO: The feed has been parsed {"feed_title":"مدينة تعز"} 
[2016-11-21 18:12:10] local.INFO: The feed has been parsed {"feed_title":"مرصد صحح خبرك"} 
[2016-11-21 18:12:13] local.INFO: The feed has been parsed {"feed_title":"مركز المشرق للدراسات"} 
[2016-11-21 18:12:21] local.INFO: The feed has been parsed {"feed_title":"مسند للأنباء"} 
[2016-11-21 18:12:30] local.INFO: The feed has been parsed {"feed_title":"موقع أردن الإخبارية"} 
[2016-11-21 18:12:32] local.INFO: The feed has been parsed {"feed_title":"موقع اخبار 24"} 
[2016-11-21 18:12:33] local.INFO: The feed has been parsed {"feed_title":"موقع الاخبارية مباشر"} 
[2016-11-21 18:12:40] local.INFO: The feed has been parsed {"feed_title":"موقع الجزائر 24"} 
[2016-11-21 18:12:47] local.INFO: The feed has been parsed {"feed_title":"موقع الصوت الإخباري"} 
[2016-11-21 18:12:53] local.INFO: The feed has been parsed {"feed_title":"موقع العهد الإخباري"} 
[2016-11-21 18:12:56] local.INFO: The feed has been parsed {"feed_title":"موقع الفلق نيوز"} 
[2016-11-21 18:13:02] local.INFO: The feed has been parsed {"feed_title":"موقع الفيصلي نت"} 
[2016-11-21 18:13:10] local.INFO: The feed has been parsed {"feed_title":"موقع المدينة الإخبارية"} 
[2016-11-21 18:13:12] local.INFO: The feed has been parsed {"feed_title":"موقع المندب نيوز"} 
[2016-11-21 18:13:20] local.INFO: The feed has been parsed {"feed_title":"موقع الموقع"} 
[2016-11-21 18:13:26] local.INFO: The feed has been parsed {"feed_title":"موقع الوكيل الإخباري"} 
[2016-11-21 18:13:32] local.INFO: The feed has been parsed {"feed_title":"موقع اليمن السعيد"} 
[2016-11-21 18:13:38] local.INFO: The feed has been parsed {"feed_title":"موقع اليمن العربي"} 
[2016-11-21 18:13:45] local.INFO: The feed has been parsed {"feed_title":"موقع جماهير الأهلي المصري"} 
[2016-11-21 18:13:52] local.INFO: The feed has been parsed {"feed_title":"موقع جهينة نيوز"} 
[2016-11-21 18:13:58] local.INFO: The feed has been parsed {"feed_title":"موقع جي بي سي نيوز"} 
[2016-11-21 18:14:04] local.INFO: The feed has been parsed {"feed_title":"موقع خبر عاجل"} 
[2016-11-21 18:14:08] local.INFO: The feed has been parsed {"feed_title":"موقع رووداو"} 
[2016-11-21 18:14:15] local.INFO: The feed has been parsed {"feed_title":"موقع سوداني أون لاين"} 
[2016-11-21 18:14:18] local.INFO: The feed has been parsed {"feed_title":"موقع شبكة الشروق"} 
[2016-11-21 18:14:20] local.INFO: The feed has been parsed {"feed_title":"موقع صوت اليمن"} 
[2016-11-21 18:14:27] local.INFO: The feed has been parsed {"feed_title":"موقع عدن الحدث"} 
[2016-11-21 18:14:32] local.INFO: The feed has been parsed {"feed_title":"موقع كراج"} 
[2016-11-21 18:14:38] local.INFO: The feed has been parsed {"feed_title":"موقع كرمالكم"} 
[2016-11-21 18:14:44] local.INFO: The feed has been parsed {"feed_title":"موقع لبنان 24"} 
[2016-11-21 18:14:51] local.INFO: The feed has been parsed {"feed_title":"موقع ليبيا السلام"} 
[2016-11-21 18:14:53] local.INFO: The feed has been parsed {"feed_title":"موقع مباشر - السعودية"} 
[2016-11-21 18:14:54] local.INFO: The feed has been parsed {"feed_title":"موقع مباشر - قطر"} 
[2016-11-21 18:15:01] local.INFO: The feed has been parsed {"feed_title":"موقع مفكرة الاسلام"} 
[2016-11-21 18:15:09] local.INFO: The feed has been parsed {"feed_title":"موقع ملحق"} 
[2016-11-21 18:15:15] local.INFO: The feed has been parsed {"feed_title":"موقع يافع نيوز"} 
[2016-11-21 18:15:23] local.INFO: The feed has been parsed {"feed_title":"موقع يمنات الإخباري"} 
[2016-11-21 18:15:25] local.INFO: The feed has been parsed {"feed_title":"نيوز السعودية"} 
[2016-11-21 18:15:31] local.INFO: The feed has been parsed {"feed_title":"هدرة نت"} 
[2016-11-21 18:15:39] local.INFO: The feed has been parsed {"feed_title":"هيئة السوق المالية السعودية"} 
[2016-11-21 18:15:47] local.INFO: The feed has been parsed {"feed_title":"وكالة الفرات نيوز"} 
[2016-11-21 18:15:54] local.INFO: The feed has been parsed {"feed_title":"وكالة خبرللأنباء"} 
[2016-11-21 18:16:01] local.INFO: The feed has been parsed {"feed_title":"وكالة وامس الاخبارية"} 
[2016-11-21 18:16:08] local.INFO: The feed has been parsed {"feed_title":"يماني نت"} 
[2016-11-21 18:16:15] local.INFO: The feed has been parsed {"feed_title":"يمن برس"} 
[2016-11-21 18:16:23] local.INFO: The feed has been parsed {"feed_title":"يمن مونيتور"} 
[2016-11-21 18:16:32] local.INFO: The feed has been parsed {"feed_title":"يومية المسار العربي"} 
[2016-11-21 18:16:39] local.INFO: This feed contain empty data in the xml file {"feed_title":"أخبار المحرق","link":"https://twitter.com/almoharraq_news"} 
[2016-11-21 18:16:39] local.INFO: The feed has been parsed {"feed_title":"أخبار المحرق"} 
